#
# There is insufficient memory for the Java Runtime Environment to continue.
# Native memory allocation (malloc) failed to allocate 1059856 bytes for Chunk::new
# Possible reasons:
#   The system is out of physical RAM or swap space
#   The process is running with CompressedOops enabled, and the Java Heap may be blocking the growth of the native heap
# Possible solutions:
#   Reduce memory load on the system
#   Increase physical memory or swap space
#   Check if swap backing store is full
#   Decrease Java heap size (-Xmx/-Xms)
#   Decrease number of Java threads
#   Decrease Java thread stack sizes (-Xss)
#   Set larger code cache with -XX:ReservedCodeCacheSize=
#   JVM is running with Unscaled Compressed Oops mode in which the Java heap is
#     placed in the first 4GB address space. The Java Heap base address is the
#     maximum limit for the native heap growth. Please use -XX:HeapBaseMinAddress
#     to set the Java Heap base and to place the Java Heap above 4GB virtual address.
# This output file may be truncated or incomplete.
#
#  Out of Memory Error (./src/hotspot/share/memory/arena.cpp:197), pid=13068, tid=6512
#
# JRE version: OpenJDK Runtime Environment (11.0.11+9) (build 11.0.11+9-b60-7590822)
# Java VM: OpenJDK 64-Bit Server VM (11.0.11+9-b60-7590822, mixed mode, tiered, compressed oops, g1 gc, windows-amd64)
# No core dump will be written. Minidumps are not enabled by default on client versions of Windows
#

---------------  S U M M A R Y ------------

Command Line: --add-opens=java.base/java.util=ALL-UNNAMED --add-opens=java.base/java.lang=ALL-UNNAMED --add-opens=java.base/java.lang.invoke=ALL-UNNAMED --add-opens=java.base/java.util=ALL-UNNAMED --add-opens=java.prefs/java.util.prefs=ALL-UNNAMED --add-opens=java.prefs/java.util.prefs=ALL-UNNAMED --add-opens=java.base/java.nio.charset=ALL-UNNAMED --add-opens=java.base/java.net=ALL-UNNAMED --add-opens=java.base/java.util.concurrent.atomic=ALL-UNNAMED -Xmx2048m -Dfile.encoding=UTF-8 -Duser.country=RU -Duser.language=ru -Duser.variant org.gradle.launcher.daemon.bootstrap.GradleDaemon 7.2

Host: AMD Ryzen 5 3500U with Radeon Vega Mobile Gfx  , 8 cores, 5G,  Windows 10 , 64 bit Build 22000 (10.0.22000.434)
Time: Thu Mar 31 14:32:24 2022 RTZ 2 (зима) elapsed time: 24.240871 seconds (0d 0h 0m 24s)

---------------  T H R E A D  ---------------

Current thread (0x00000179bbc2d800):  JavaThread "C2 CompilerThread0" daemon [_thread_in_native, id=6512, stack(0x0000005ed0500000,0x0000005ed0600000)]


Current CompileTask:
C2:  24240 7227 %     4       org.gradle.internal.instantiation.generator.AbstractClassGenerator::inspectType @ 107 (560 bytes)

Stack: [0x0000005ed0500000,0x0000005ed0600000]
Native frames: (J=compiled Java code, j=interpreted, Vv=VM code, C=native code)
V  [jvm.dll+0x5f214a]
V  [jvm.dll+0x726fb5]
V  [jvm.dll+0x7285cd]
V  [jvm.dll+0x728c83]
V  [jvm.dll+0x243278]
V  [jvm.dll+0xbc53c]
V  [jvm.dll+0xbca3c]
V  [jvm.dll+0x353e7d]
V  [jvm.dll+0x19895c]
V  [jvm.dll+0x1fc2ee]
V  [jvm.dll+0x1fb3d4]
V  [jvm.dll+0x183d6c]
V  [jvm.dll+0x209a57]
V  [jvm.dll+0x2082a1]
V  [jvm.dll+0x6ef58f]
V  [jvm.dll+0x6e80b5]
V  [jvm.dll+0x5f1036]
C  [ucrtbase.dll+0x26c0c]
C  [KERNEL32.DLL+0x154e0]
C  [ntdll.dll+0x485b]


---------------  P R O C E S S  ---------------

Threads class SMR info:
_java_thread_list=0x00000179c00281d0, length=122, elements={
0x00000179a177c000, 0x00000179bbc0b000, 0x00000179bbc14000, 0x00000179bbc27800,
0x00000179bbc29800, 0x00000179bbc2a800, 0x00000179bbc2d800, 0x00000179bbc34000,
0x00000179bbc49000, 0x00000179bc719000, 0x00000179be133000, 0x00000179bcfdf000,
0x00000179bf6c5800, 0x00000179bf6f3000, 0x00000179bf0ff000, 0x00000179bdf62000,
0x00000179bed0b800, 0x00000179bea2a800, 0x00000179beee8000, 0x00000179bea16000,
0x00000179bea16800, 0x00000179bea13800, 0x00000179bea14000, 0x00000179bea15000,
0x00000179bea12800, 0x00000179bea11000, 0x00000179bea11800, 0x00000179bea17800,
0x00000179bf16b000, 0x00000179bf16c000, 0x00000179bf16c800, 0x00000179bf167000,
0x00000179bf168000, 0x00000179bf16d800, 0x00000179bf16e800, 0x00000179bf168800,
0x00000179bf16f000, 0x00000179bf169800, 0x00000179bf173000, 0x00000179bf174000,
0x00000179bf171800, 0x00000179bf172800, 0x00000179bf175000, 0x00000179bf171000,
0x00000179bf170000, 0x00000179c01c4800, 0x00000179c01bf000, 0x00000179c01c5800,
0x00000179c01c0800, 0x00000179c01c1800, 0x00000179c01c2800, 0x00000179c01c0000,
0x00000179c01c9000, 0x00000179c01c8000, 0x00000179c01c4000, 0x00000179c01c3000,
0x00000179c01c9800, 0x00000179c01ca800, 0x00000179c01cb800, 0x00000179c01c6800,
0x00000179c01cc000, 0x00000179c01cd000, 0x00000179c01c7000, 0x00000179c01cd800,
0x00000179beb42000, 0x00000179beb42800, 0x00000179beb43800, 0x00000179beb44800,
0x00000179beb45000, 0x00000179beb3f800, 0x00000179beb41000, 0x00000179beb46000,
0x00000179beb40800, 0x00000179beb48800, 0x00000179beb49800, 0x00000179beb4a000,
0x00000179beb47800, 0x00000179beb47000, 0x00000179beb4c800, 0x00000179beb4d800,
0x00000179beb4e000, 0x00000179beb4b000, 0x00000179beb4b800, 0x00000179bf4c7000,
0x00000179bf4c8000, 0x00000179bf4c9000, 0x00000179bf4c6800, 0x00000179bf4c5800,
0x00000179bf4c9800, 0x00000179bf4ca800, 0x00000179bf4c5000, 0x00000179bf4ce000,
0x00000179bf4ce800, 0x00000179bf4cd000, 0x00000179bf4cf800, 0x00000179bf4d1000,
0x00000179bf4d0000, 0x00000179bf4cb800, 0x00000179bf4d2000, 0x00000179bf4cc000,
0x00000179bf4d2800, 0x00000179bf4d3800, 0x00000179c0195800, 0x00000179c0193000,
0x00000179c0194800, 0x00000179c0191800, 0x00000179c0197000, 0x00000179c0192000,
0x00000179c0196000, 0x00000179c0198000, 0x00000179c0198800, 0x00000179c0199800,
0x00000179c0193800, 0x00000179c019f000, 0x00000179c019c000, 0x00000179c01a0000,
0x00000179c019a800, 0x00000179c019b000, 0x00000179c019c800, 0x00000179c019d800,
0x00000179c019e800, 0x00000179c285a800
}

Java Threads: ( => current thread )
  0x00000179a177c000 JavaThread "main" [_thread_blocked, id=8840, stack(0x0000005ecf900000,0x0000005ecfa00000)]
  0x00000179bbc0b000 JavaThread "Reference Handler" daemon [_thread_blocked, id=11492, stack(0x0000005ed0000000,0x0000005ed0100000)]
  0x00000179bbc14000 JavaThread "Finalizer" daemon [_thread_blocked, id=10392, stack(0x0000005ed0100000,0x0000005ed0200000)]
  0x00000179bbc27800 JavaThread "Signal Dispatcher" daemon [_thread_blocked, id=15564, stack(0x0000005ed0200000,0x0000005ed0300000)]
  0x00000179bbc29800 JavaThread "Attach Listener" daemon [_thread_blocked, id=7632, stack(0x0000005ed0300000,0x0000005ed0400000)]
  0x00000179bbc2a800 JavaThread "Service Thread" daemon [_thread_blocked, id=9180, stack(0x0000005ed0400000,0x0000005ed0500000)]
=>0x00000179bbc2d800 JavaThread "C2 CompilerThread0" daemon [_thread_in_native, id=6512, stack(0x0000005ed0500000,0x0000005ed0600000)]
  0x00000179bbc34000 JavaThread "C1 CompilerThread0" daemon [_thread_blocked, id=7912, stack(0x0000005ed0600000,0x0000005ed0700000)]
  0x00000179bbc49000 JavaThread "Sweeper thread" daemon [_thread_blocked, id=11216, stack(0x0000005ed0700000,0x0000005ed0800000)]
  0x00000179bc719000 JavaThread "Common-Cleaner" daemon [_thread_blocked, id=2936, stack(0x0000005ed0800000,0x0000005ed0900000)]
  0x00000179be133000 JavaThread "Daemon health stats" [_thread_blocked, id=5696, stack(0x0000005ed0c00000,0x0000005ed0d00000)]
  0x00000179bcfdf000 JavaThread "Incoming local TCP Connector on port 56037" [_thread_in_native, id=13500, stack(0x0000005ed0b00000,0x0000005ed0c00000)]
  0x00000179bf6c5800 JavaThread "Daemon periodic checks" [_thread_blocked, id=7916, stack(0x0000005ed0f00000,0x0000005ed1000000)]
  0x00000179bf6f3000 JavaThread "Daemon" [_thread_blocked, id=16952, stack(0x0000005ed1000000,0x0000005ed1100000)]
  0x00000179bf0ff000 JavaThread "Handler for socket connection from /127.0.0.1:56037 to /127.0.0.1:56038" [_thread_in_native, id=3024, stack(0x0000005ed1100000,0x0000005ed1200000)]
  0x00000179bdf62000 JavaThread "Cancel handler" [_thread_blocked, id=12380, stack(0x0000005ed1200000,0x0000005ed1300000)]
  0x00000179bed0b800 JavaThread "Daemon worker" [_thread_in_Java, id=12492, stack(0x0000005ed1300000,0x0000005ed1400000)]
  0x00000179bea2a800 JavaThread "Asynchronous log dispatcher for DefaultDaemonConnection: socket connection from /127.0.0.1:56037 to /127.0.0.1:56038" [_thread_blocked, id=6492, stack(0x0000005ed1400000,0x0000005ed1500000)]
  0x00000179beee8000 JavaThread "Stdin handler" [_thread_blocked, id=12468, stack(0x0000005ed1500000,0x0000005ed1600000)]
  0x00000179bea16000 JavaThread "Daemon client event forwarder" [_thread_blocked, id=5224, stack(0x0000005ed1600000,0x0000005ed1700000)]
  0x00000179bea16800 JavaThread "Cache worker for journal cache (C:\Users\miste\.gradle\caches\journal-1)" [_thread_blocked, id=8340, stack(0x0000005ed1b00000,0x0000005ed1c00000)]
  0x00000179bea13800 JavaThread "File lock request listener" [_thread_in_native, id=12208, stack(0x0000005ed1c00000,0x0000005ed1d00000)]
  0x00000179bea14000 JavaThread "Cache worker for file hash cache (C:\Users\miste\.gradle\caches\7.2\fileHashes)" [_thread_blocked, id=4644, stack(0x0000005ed1d00000,0x0000005ed1e00000)]
  0x00000179bea15000 JavaThread "Cache worker for file hash cache (C:\Users\miste\AndroidStudioProjects\Traintable\.gradle\7.2\fileHashes)" [_thread_blocked, id=14036, stack(0x0000005ed1f00000,0x0000005ed2000000)]
  0x00000179bea12800 JavaThread "File watcher server" daemon [_thread_in_native, id=10696, stack(0x0000005ed2000000,0x0000005ed2100000)]
  0x00000179bea11000 JavaThread "File watcher consumer" daemon [_thread_blocked, id=15340, stack(0x0000005ed2100000,0x0000005ed2200000)]
  0x00000179bea11800 JavaThread "Cache worker for checksums cache (C:\Users\miste\AndroidStudioProjects\Traintable\.gradle\checksums)" [_thread_blocked, id=5088, stack(0x0000005ed2200000,0x0000005ed2300000)]
  0x00000179bea17800 JavaThread "Cache worker for cache directory md-supplier (C:\Users\miste\.gradle\caches\7.2\md-supplier)" [_thread_blocked, id=12120, stack(0x0000005ed2300000,0x0000005ed2400000)]
  0x00000179bf16b000 JavaThread "Cache worker for cache directory md-rule (C:\Users\miste\.gradle\caches\7.2\md-rule)" [_thread_blocked, id=16676, stack(0x0000005ed2400000,0x0000005ed2500000)]
  0x00000179bf16c000 JavaThread "Cache worker for execution history cache (C:\Users\miste\.gradle\caches\7.2\executionHistory)" [_thread_blocked, id=13200, stack(0x0000005ed2500000,0x0000005ed2600000)]
  0x00000179bf16c800 JavaThread "jar transforms" [_thread_blocked, id=15788, stack(0x0000005ed2600000,0x0000005ed2700000)]
  0x00000179bf167000 JavaThread "Cache worker for file content cache (C:\Users\miste\.gradle\caches\7.2\fileContent)" [_thread_blocked, id=6376, stack(0x0000005ed2700000,0x0000005ed2800000)]
  0x00000179bf168000 JavaThread "jar transforms Thread 2" [_thread_blocked, id=9172, stack(0x0000005ed2800000,0x0000005ed2900000)]
  0x00000179bf16d800 JavaThread "Cache worker for dependencies-accessors (C:\Users\miste\AndroidStudioProjects\Traintable\.gradle\7.2\dependencies-accessors)" [_thread_blocked, id=16360, stack(0x0000005ed2900000,0x0000005ed2a00000)]
  0x00000179bf16e800 JavaThread "jar transforms Thread 3" [_thread_blocked, id=11624, stack(0x0000005ed2a00000,0x0000005ed2b00000)]
  0x00000179bf168800 JavaThread "Cache worker for Build Output Cleanup Cache (C:\Users\miste\AndroidStudioProjects\Traintable\.gradle\buildOutputCleanup)" [_thread_blocked, id=5284, stack(0x0000005ed2b00000,0x0000005ed2c00000)]
  0x00000179bf16f000 JavaThread "Unconstrained build operations" [_thread_blocked, id=2652, stack(0x0000005ed2c00000,0x0000005ed2d00000)]
  0x00000179bf169800 JavaThread "Unconstrained build operations Thread 2" [_thread_blocked, id=15860, stack(0x0000005ed2d00000,0x0000005ed2e00000)]
  0x00000179bf173000 JavaThread "Unconstrained build operations Thread 3" [_thread_blocked, id=6820, stack(0x0000005ed2e00000,0x0000005ed2f00000)]
  0x00000179bf174000 JavaThread "Unconstrained build operations Thread 4" [_thread_blocked, id=12404, stack(0x0000005ed2f00000,0x0000005ed3000000)]
  0x00000179bf171800 JavaThread "Unconstrained build operations Thread 5" [_thread_blocked, id=7316, stack(0x0000005ed3000000,0x0000005ed3100000)]
  0x00000179bf172800 JavaThread "Unconstrained build operations Thread 6" [_thread_blocked, id=11452, stack(0x0000005ed3100000,0x0000005ed3200000)]
  0x00000179bf175000 JavaThread "Unconstrained build operations Thread 7" [_thread_blocked, id=12800, stack(0x0000005ed3200000,0x0000005ed3300000)]
  0x00000179bf171000 JavaThread "Unconstrained build operations Thread 8" [_thread_blocked, id=12244, stack(0x0000005ed3300000,0x0000005ed3400000)]
  0x00000179bf170000 JavaThread "Unconstrained build operations Thread 9" [_thread_blocked, id=9012, stack(0x0000005ed3400000,0x0000005ed3500000)]
  0x00000179c01c4800 JavaThread "Unconstrained build operations Thread 10" [_thread_blocked, id=14148, stack(0x0000005ed3500000,0x0000005ed3600000)]
  0x00000179c01bf000 JavaThread "Unconstrained build operations Thread 11" [_thread_blocked, id=10456, stack(0x0000005ed3600000,0x0000005ed3700000)]
  0x00000179c01c5800 JavaThread "Unconstrained build operations Thread 12" [_thread_blocked, id=8752, stack(0x0000005ed3700000,0x0000005ed3800000)]
  0x00000179c01c0800 JavaThread "Unconstrained build operations Thread 13" [_thread_blocked, id=1512, stack(0x0000005ed3800000,0x0000005ed3900000)]
  0x00000179c01c1800 JavaThread "Unconstrained build operations Thread 14" [_thread_blocked, id=6932, stack(0x0000005ed3900000,0x0000005ed3a00000)]
  0x00000179c01c2800 JavaThread "Unconstrained build operations Thread 15" [_thread_blocked, id=14184, stack(0x0000005ed3a00000,0x0000005ed3b00000)]
  0x00000179c01c0000 JavaThread "Unconstrained build operations Thread 16" [_thread_blocked, id=8424, stack(0x0000005ed3b00000,0x0000005ed3c00000)]
  0x00000179c01c9000 JavaThread "Unconstrained build operations Thread 17" [_thread_blocked, id=596, stack(0x0000005ed3c00000,0x0000005ed3d00000)]
  0x00000179c01c8000 JavaThread "Unconstrained build operations Thread 18" [_thread_blocked, id=6680, stack(0x0000005ed3d00000,0x0000005ed3e00000)]
  0x00000179c01c4000 JavaThread "Unconstrained build operations Thread 19" [_thread_blocked, id=11328, stack(0x0000005ed3e00000,0x0000005ed3f00000)]
  0x00000179c01c3000 JavaThread "Unconstrained build operations Thread 20" [_thread_blocked, id=14176, stack(0x0000005ed3f00000,0x0000005ed4000000)]
  0x00000179c01c9800 JavaThread "Unconstrained build operations Thread 21" [_thread_blocked, id=12976, stack(0x0000005ed4000000,0x0000005ed4100000)]
  0x00000179c01ca800 JavaThread "Unconstrained build operations Thread 22" [_thread_blocked, id=7328, stack(0x0000005ed4100000,0x0000005ed4200000)]
  0x00000179c01cb800 JavaThread "Unconstrained build operations Thread 23" [_thread_blocked, id=11280, stack(0x0000005ed4200000,0x0000005ed4300000)]
  0x00000179c01c6800 JavaThread "Unconstrained build operations Thread 24" [_thread_blocked, id=15328, stack(0x0000005ed4300000,0x0000005ed4400000)]
  0x00000179c01cc000 JavaThread "Unconstrained build operations Thread 25" [_thread_blocked, id=8080, stack(0x0000005ed4400000,0x0000005ed4500000)]
  0x00000179c01cd000 JavaThread "Unconstrained build operations Thread 26" [_thread_blocked, id=3464, stack(0x0000005ed4500000,0x0000005ed4600000)]
  0x00000179c01c7000 JavaThread "Unconstrained build operations Thread 27" [_thread_blocked, id=5148, stack(0x0000005ed4600000,0x0000005ed4700000)]
  0x00000179c01cd800 JavaThread "Unconstrained build operations Thread 28" [_thread_blocked, id=9808, stack(0x0000005ed4700000,0x0000005ed4800000)]
  0x00000179beb42000 JavaThread "Unconstrained build operations Thread 29" [_thread_blocked, id=10796, stack(0x0000005ed4800000,0x0000005ed4900000)]
  0x00000179beb42800 JavaThread "Unconstrained build operations Thread 30" [_thread_blocked, id=4616, stack(0x0000005ed4900000,0x0000005ed4a00000)]
  0x00000179beb43800 JavaThread "Unconstrained build operations Thread 31" [_thread_blocked, id=11108, stack(0x0000005ed4a00000,0x0000005ed4b00000)]
  0x00000179beb44800 JavaThread "Unconstrained build operations Thread 32" [_thread_blocked, id=13472, stack(0x0000005ed4b00000,0x0000005ed4c00000)]
  0x00000179beb45000 JavaThread "Unconstrained build operations Thread 33" [_thread_blocked, id=2612, stack(0x0000005ed4c00000,0x0000005ed4d00000)]
  0x00000179beb3f800 JavaThread "Unconstrained build operations Thread 34" [_thread_blocked, id=17192, stack(0x0000005ed4d00000,0x0000005ed4e00000)]
  0x00000179beb41000 JavaThread "Unconstrained build operations Thread 35" [_thread_blocked, id=1596, stack(0x0000005ed4e00000,0x0000005ed4f00000)]
  0x00000179beb46000 JavaThread "Unconstrained build operations Thread 36" [_thread_blocked, id=3708, stack(0x0000005ed4f00000,0x0000005ed5000000)]
  0x00000179beb40800 JavaThread "Unconstrained build operations Thread 37" [_thread_blocked, id=15252, stack(0x0000005ed5000000,0x0000005ed5100000)]
  0x00000179beb48800 JavaThread "Unconstrained build operations Thread 38" [_thread_blocked, id=13248, stack(0x0000005ed5100000,0x0000005ed5200000)]
  0x00000179beb49800 JavaThread "Unconstrained build operations Thread 39" [_thread_blocked, id=16964, stack(0x0000005ed5200000,0x0000005ed5300000)]
  0x00000179beb4a000 JavaThread "Unconstrained build operations Thread 40" [_thread_blocked, id=5400, stack(0x0000005ed5300000,0x0000005ed5400000)]
  0x00000179beb47800 JavaThread "Unconstrained build operations Thread 41" [_thread_blocked, id=15100, stack(0x0000005ed5400000,0x0000005ed5500000)]
  0x00000179beb47000 JavaThread "Unconstrained build operations Thread 42" [_thread_blocked, id=17212, stack(0x0000005ed5500000,0x0000005ed5600000)]
  0x00000179beb4c800 JavaThread "Unconstrained build operations Thread 43" [_thread_blocked, id=9312, stack(0x0000005ed5600000,0x0000005ed5700000)]
  0x00000179beb4d800 JavaThread "Unconstrained build operations Thread 44" [_thread_blocked, id=15308, stack(0x0000005ed5700000,0x0000005ed5800000)]
  0x00000179beb4e000 JavaThread "Unconstrained build operations Thread 45" [_thread_blocked, id=2104, stack(0x0000005ed5800000,0x0000005ed5900000)]
  0x00000179beb4b000 JavaThread "Unconstrained build operations Thread 46" [_thread_blocked, id=2228, stack(0x0000005ed5900000,0x0000005ed5a00000)]
  0x00000179beb4b800 JavaThread "Unconstrained build operations Thread 47" [_thread_blocked, id=9652, stack(0x0000005ed5a00000,0x0000005ed5b00000)]
  0x00000179bf4c7000 JavaThread "Unconstrained build operations Thread 48" [_thread_blocked, id=15576, stack(0x0000005ed5b00000,0x0000005ed5c00000)]
  0x00000179bf4c8000 JavaThread "Unconstrained build operations Thread 49" [_thread_blocked, id=8152, stack(0x0000005ed5c00000,0x0000005ed5d00000)]
  0x00000179bf4c9000 JavaThread "Unconstrained build operations Thread 50" [_thread_blocked, id=11784, stack(0x0000005ed5d00000,0x0000005ed5e00000)]
  0x00000179bf4c6800 JavaThread "Unconstrained build operations Thread 51" [_thread_blocked, id=12536, stack(0x0000005ed5e00000,0x0000005ed5f00000)]
  0x00000179bf4c5800 JavaThread "Unconstrained build operations Thread 52" [_thread_blocked, id=3872, stack(0x0000005ed5f00000,0x0000005ed6000000)]
  0x00000179bf4c9800 JavaThread "Unconstrained build operations Thread 53" [_thread_blocked, id=6172, stack(0x0000005ed6000000,0x0000005ed6100000)]
  0x00000179bf4ca800 JavaThread "Unconstrained build operations Thread 54" [_thread_blocked, id=4908, stack(0x0000005ed6100000,0x0000005ed6200000)]
  0x00000179bf4c5000 JavaThread "Unconstrained build operations Thread 55" [_thread_blocked, id=14712, stack(0x0000005ed6200000,0x0000005ed6300000)]
  0x00000179bf4ce000 JavaThread "Unconstrained build operations Thread 56" [_thread_blocked, id=9804, stack(0x0000005ed6300000,0x0000005ed6400000)]
  0x00000179bf4ce800 JavaThread "Unconstrained build operations Thread 57" [_thread_blocked, id=15416, stack(0x0000005ed6400000,0x0000005ed6500000)]
  0x00000179bf4cd000 JavaThread "Unconstrained build operations Thread 58" [_thread_blocked, id=1860, stack(0x0000005ed6500000,0x0000005ed6600000)]
  0x00000179bf4cf800 JavaThread "Unconstrained build operations Thread 59" [_thread_blocked, id=9632, stack(0x0000005ed6600000,0x0000005ed6700000)]
  0x00000179bf4d1000 JavaThread "Unconstrained build operations Thread 60" [_thread_blocked, id=10952, stack(0x0000005ed6700000,0x0000005ed6800000)]
  0x00000179bf4d0000 JavaThread "Unconstrained build operations Thread 61" [_thread_blocked, id=16928, stack(0x0000005ed6800000,0x0000005ed6900000)]
  0x00000179bf4cb800 JavaThread "Unconstrained build operations Thread 62" [_thread_blocked, id=9104, stack(0x0000005ed6900000,0x0000005ed6a00000)]
  0x00000179bf4d2000 JavaThread "Unconstrained build operations Thread 63" [_thread_blocked, id=12772, stack(0x0000005ed6a00000,0x0000005ed6b00000)]
  0x00000179bf4cc000 JavaThread "Unconstrained build operations Thread 64" [_thread_blocked, id=10272, stack(0x0000005ed6b00000,0x0000005ed6c00000)]
  0x00000179bf4d2800 JavaThread "Unconstrained build operations Thread 65" [_thread_blocked, id=12240, stack(0x0000005ed6c00000,0x0000005ed6d00000)]
  0x00000179bf4d3800 JavaThread "Unconstrained build operations Thread 66" [_thread_blocked, id=8888, stack(0x0000005ed6d00000,0x0000005ed6e00000)]
  0x00000179c0195800 JavaThread "Unconstrained build operations Thread 67" [_thread_blocked, id=896, stack(0x0000005ed6e00000,0x0000005ed6f00000)]
  0x00000179c0193000 JavaThread "Unconstrained build operations Thread 68" [_thread_blocked, id=15144, stack(0x0000005ed6f00000,0x0000005ed7000000)]
  0x00000179c0194800 JavaThread "Unconstrained build operations Thread 69" [_thread_blocked, id=16248, stack(0x0000005ed7000000,0x0000005ed7100000)]
  0x00000179c0191800 JavaThread "Unconstrained build operations Thread 70" [_thread_blocked, id=11344, stack(0x0000005ed7100000,0x0000005ed7200000)]
  0x00000179c0197000 JavaThread "Unconstrained build operations Thread 71" [_thread_blocked, id=1348, stack(0x0000005ed7200000,0x0000005ed7300000)]
  0x00000179c0192000 JavaThread "Unconstrained build operations Thread 72" [_thread_blocked, id=11276, stack(0x0000005ed7300000,0x0000005ed7400000)]
  0x00000179c0196000 JavaThread "Unconstrained build operations Thread 73" [_thread_blocked, id=16216, stack(0x0000005ed7400000,0x0000005ed7500000)]
  0x00000179c0198000 JavaThread "Unconstrained build operations Thread 74" [_thread_blocked, id=1792, stack(0x0000005ed7500000,0x0000005ed7600000)]
  0x00000179c0198800 JavaThread "Unconstrained build operations Thread 75" [_thread_blocked, id=7188, stack(0x0000005ed7600000,0x0000005ed7700000)]
  0x00000179c0199800 JavaThread "Unconstrained build operations Thread 76" [_thread_blocked, id=8640, stack(0x0000005ed7700000,0x0000005ed7800000)]
  0x00000179c0193800 JavaThread "Unconstrained build operations Thread 77" [_thread_blocked, id=14256, stack(0x0000005ed7800000,0x0000005ed7900000)]
  0x00000179c019f000 JavaThread "Unconstrained build operations Thread 78" [_thread_blocked, id=16560, stack(0x0000005ed7900000,0x0000005ed7a00000)]
  0x00000179c019c000 JavaThread "Unconstrained build operations Thread 79" [_thread_blocked, id=14412, stack(0x0000005ed7a00000,0x0000005ed7b00000)]
  0x00000179c01a0000 JavaThread "Unconstrained build operations Thread 80" [_thread_blocked, id=13712, stack(0x0000005ed7b00000,0x0000005ed7c00000)]
  0x00000179c019a800 JavaThread "jar transforms Thread 4" [_thread_blocked, id=1516, stack(0x0000005ed7c00000,0x0000005ed7d00000)]
  0x00000179c019b000 JavaThread "jar transforms Thread 5" [_thread_blocked, id=1968, stack(0x0000005ed7d00000,0x0000005ed7e00000)]
  0x00000179c019c800 JavaThread "jar transforms Thread 6" [_thread_blocked, id=7416, stack(0x0000005ed7e00000,0x0000005ed7f00000)]
  0x00000179c019d800 JavaThread "jar transforms Thread 7" [_thread_blocked, id=1972, stack(0x0000005ed7f00000,0x0000005ed8000000)]
  0x00000179c019e800 JavaThread "jar transforms Thread 8" [_thread_blocked, id=10892, stack(0x0000005ed8000000,0x0000005ed8100000)]
  0x00000179c285a800 JavaThread "Memory manager" [_thread_blocked, id=9836, stack(0x0000005ed8100000,0x0000005ed8200000)]

Other Threads:
  0x00000179bbc05000 VMThread "VM Thread" [stack: 0x0000005ecff00000,0x0000005ed0000000] [id=16528]
  0x00000179bc741800 WatcherThread [stack: 0x0000005ed0900000,0x0000005ed0a00000] [id=15180]
  0x00000179a1795800 GCTaskThread "GC Thread#0" [stack: 0x0000005ecfa00000,0x0000005ecfb00000] [id=11056]
  0x00000179bd3f4000 GCTaskThread "GC Thread#1" [stack: 0x0000005ed0a00000,0x0000005ed0b00000] [id=17200]
  0x00000179bdaa7000 GCTaskThread "GC Thread#2" [stack: 0x0000005ed0d00000,0x0000005ed0e00000] [id=14596]
  0x00000179bd5cc000 GCTaskThread "GC Thread#3" [stack: 0x0000005ed0e00000,0x0000005ed0f00000] [id=12260]
  0x00000179bde40800 GCTaskThread "GC Thread#4" [stack: 0x0000005ed1700000,0x0000005ed1800000] [id=16876]
  0x00000179bd144000 GCTaskThread "GC Thread#5" [stack: 0x0000005ed1800000,0x0000005ed1900000] [id=7900]
  0x00000179bd3e9000 GCTaskThread "GC Thread#6" [stack: 0x0000005ed1900000,0x0000005ed1a00000] [id=7724]
  0x00000179bdfd5800 GCTaskThread "GC Thread#7" [stack: 0x0000005ed1a00000,0x0000005ed1b00000] [id=9196]
  0x00000179a17c5000 ConcurrentGCThread "G1 Main Marker" [stack: 0x0000005ecfb00000,0x0000005ecfc00000] [id=14224]
  0x00000179a17c7800 ConcurrentGCThread "G1 Conc#0" [stack: 0x0000005ecfc00000,0x0000005ecfd00000] [id=15644]
  0x00000179bda2d800 ConcurrentGCThread "G1 Conc#1" [stack: 0x0000005ed1e00000,0x0000005ed1f00000] [id=5472]
  0x00000179a184e000 ConcurrentGCThread "G1 Refine#0" [stack: 0x0000005ecfd00000,0x0000005ecfe00000] [id=5264]
  0x00000179a184f000 ConcurrentGCThread "G1 Young RemSet Sampling" [stack: 0x0000005ecfe00000,0x0000005ecff00000] [id=6048]

Threads with active compile tasks:
C2 CompilerThread0  24293 7227 %     4       org.gradle.internal.instantiation.generator.AbstractClassGenerator::inspectType @ 107 (560 bytes)

VM state:not at safepoint (normal execution)

VM Mutex/Monitor currently owned by a thread: None

Heap address: 0x0000000080000000, size: 2048 MB, Compressed Oops mode: 32-bit
Narrow klass base: 0x0000000000000000, Narrow klass shift: 3
Compressed class space size: 1073741824 Address: 0x0000000100000000

Heap:
 garbage-first heap   total 118784K, used 83540K [0x0000000080000000, 0x0000000100000000)
  region size 1024K, 31 young (31744K), 6 survivors (6144K)
 Metaspace       used 74187K, capacity 75852K, committed 76144K, reserved 1116160K
  class space    used 9663K, capacity 10276K, committed 10316K, reserved 1048576K
Heap Regions: E=young(eden), S=young(survivor), O=old, HS=humongous(starts), HC=humongous(continues), CS=collection set, F=free, A=archive, TAMS=top-at-mark-start (previous, next)
|   0|0x0000000080000000, 0x0000000080100000, 0x0000000080100000|100%| O|  |TAMS 0x0000000080100000, 0x0000000080000000| Untracked 
|   1|0x0000000080100000, 0x0000000080200000, 0x0000000080200000|100%| O|  |TAMS 0x0000000080200000, 0x0000000080100000| Untracked 
|   2|0x0000000080200000, 0x0000000080300000, 0x0000000080300000|100%| O|  |TAMS 0x0000000080300000, 0x0000000080200000| Untracked 
|   3|0x0000000080300000, 0x0000000080400000, 0x0000000080400000|100%|HS|  |TAMS 0x0000000080400000, 0x0000000080300000| Complete 
|   4|0x0000000080400000, 0x0000000080500000, 0x0000000080500000|100%|HC|  |TAMS 0x0000000080500000, 0x0000000080400000| Complete 
|   5|0x0000000080500000, 0x0000000080600000, 0x0000000080600000|100%|HC|  |TAMS 0x0000000080600000, 0x0000000080500000| Complete 
|   6|0x0000000080600000, 0x0000000080700000, 0x0000000080700000|100%| O|  |TAMS 0x0000000080700000, 0x0000000080600000| Untracked 
|   7|0x0000000080700000, 0x0000000080800000, 0x0000000080800000|100%| O|  |TAMS 0x0000000080800000, 0x0000000080700000| Untracked 
|   8|0x0000000080800000, 0x0000000080900000, 0x0000000080900000|100%| O|  |TAMS 0x0000000080900000, 0x0000000080800000| Untracked 
|   9|0x0000000080900000, 0x0000000080a00000, 0x0000000080a00000|100%| O|  |TAMS 0x0000000080a00000, 0x0000000080900000| Untracked 
|  10|0x0000000080a00000, 0x0000000080b00000, 0x0000000080b00000|100%| O|  |TAMS 0x0000000080b00000, 0x0000000080a00000| Untracked 
|  11|0x0000000080b00000, 0x0000000080c00000, 0x0000000080c00000|100%| O|  |TAMS 0x0000000080c00000, 0x0000000080b00000| Untracked 
|  12|0x0000000080c00000, 0x0000000080d00000, 0x0000000080d00000|100%| O|  |TAMS 0x0000000080d00000, 0x0000000080c00000| Untracked 
|  13|0x0000000080d00000, 0x0000000080e00000, 0x0000000080e00000|100%| O|  |TAMS 0x0000000080e00000, 0x0000000080d00000| Untracked 
|  14|0x0000000080e00000, 0x0000000080f00000, 0x0000000080f00000|100%| O|  |TAMS 0x0000000080f00000, 0x0000000080e00000| Untracked 
|  15|0x0000000080f00000, 0x0000000081000000, 0x0000000081000000|100%| O|  |TAMS 0x0000000081000000, 0x0000000080f00000| Untracked 
|  16|0x0000000081000000, 0x0000000081100000, 0x0000000081100000|100%| O|  |TAMS 0x0000000081100000, 0x0000000081000000| Untracked 
|  17|0x0000000081100000, 0x0000000081200000, 0x0000000081200000|100%| O|  |TAMS 0x0000000081200000, 0x0000000081100000| Untracked 
|  18|0x0000000081200000, 0x0000000081300000, 0x0000000081300000|100%| O|  |TAMS 0x0000000081300000, 0x0000000081200000| Untracked 
|  19|0x0000000081300000, 0x0000000081400000, 0x0000000081400000|100%| O|  |TAMS 0x0000000081400000, 0x0000000081300000| Untracked 
|  20|0x0000000081400000, 0x0000000081500000, 0x0000000081500000|100%| O|  |TAMS 0x0000000081500000, 0x0000000081400000| Untracked 
|  21|0x0000000081500000, 0x0000000081600000, 0x0000000081600000|100%| O|  |TAMS 0x0000000081600000, 0x0000000081500000| Untracked 
|  22|0x0000000081600000, 0x0000000081700000, 0x0000000081700000|100%| O|  |TAMS 0x0000000081700000, 0x0000000081600000| Untracked 
|  23|0x0000000081700000, 0x0000000081800000, 0x0000000081800000|100%|HS|  |TAMS 0x0000000081800000, 0x0000000081700000| Complete 
|  24|0x0000000081800000, 0x0000000081900000, 0x0000000081900000|100%| O|  |TAMS 0x0000000081900000, 0x0000000081800000| Untracked 
|  25|0x0000000081900000, 0x0000000081a00000, 0x0000000081a00000|100%| O|  |TAMS 0x0000000081a00000, 0x0000000081900000| Untracked 
|  26|0x0000000081a00000, 0x0000000081b00000, 0x0000000081b00000|100%| O|  |TAMS 0x0000000081b00000, 0x0000000081a00000| Untracked 
|  27|0x0000000081b00000, 0x0000000081c00000, 0x0000000081c00000|100%|HS|  |TAMS 0x0000000081c00000, 0x0000000081b00000| Complete 
|  28|0x0000000081c00000, 0x0000000081d00000, 0x0000000081d00000|100%|HS|  |TAMS 0x0000000081d00000, 0x0000000081c00000| Complete 
|  29|0x0000000081d00000, 0x0000000081e00000, 0x0000000081e00000|100%|HS|  |TAMS 0x0000000081e00000, 0x0000000081d00000| Complete 
|  30|0x0000000081e00000, 0x0000000081f00000, 0x0000000081f00000|100%|HC|  |TAMS 0x0000000081f00000, 0x0000000081e00000| Complete 
|  31|0x0000000081f00000, 0x0000000082000000, 0x0000000082000000|100%| O|  |TAMS 0x0000000082000000, 0x0000000081f00000| Untracked 
|  32|0x0000000082000000, 0x0000000082100000, 0x0000000082100000|100%| O|  |TAMS 0x0000000082100000, 0x0000000082000000| Untracked 
|  33|0x0000000082100000, 0x0000000082200000, 0x0000000082200000|100%| O|  |TAMS 0x0000000082200000, 0x0000000082100000| Untracked 
|  34|0x0000000082200000, 0x0000000082300000, 0x0000000082300000|100%| O|  |TAMS 0x0000000082300000, 0x0000000082200000| Untracked 
|  35|0x0000000082300000, 0x0000000082400000, 0x0000000082400000|100%| O|  |TAMS 0x0000000082400000, 0x0000000082300000| Untracked 
|  36|0x0000000082400000, 0x0000000082500000, 0x0000000082500000|100%| O|  |TAMS 0x0000000082500000, 0x0000000082400000| Untracked 
|  37|0x0000000082500000, 0x0000000082600000, 0x0000000082600000|100%| O|  |TAMS 0x0000000082600000, 0x0000000082500000| Untracked 
|  38|0x0000000082600000, 0x0000000082700000, 0x0000000082700000|100%| O|  |TAMS 0x0000000082700000, 0x0000000082600000| Untracked 
|  39|0x0000000082700000, 0x0000000082800000, 0x0000000082800000|100%| O|  |TAMS 0x0000000082800000, 0x0000000082700000| Untracked 
|  40|0x0000000082800000, 0x0000000082900000, 0x0000000082900000|100%| O|  |TAMS 0x0000000082900000, 0x0000000082800000| Untracked 
|  41|0x0000000082900000, 0x0000000082a00000, 0x0000000082a00000|100%| O|  |TAMS 0x0000000082a00000, 0x0000000082900000| Untracked 
|  42|0x0000000082a00000, 0x0000000082b00000, 0x0000000082b00000|100%| O|  |TAMS 0x0000000082a47200, 0x0000000082a00000| Untracked 
|  43|0x0000000082b00000, 0x0000000082c00000, 0x0000000082c00000|100%| O|  |TAMS 0x0000000082b00000, 0x0000000082b00000| Untracked 
|  44|0x0000000082c00000, 0x0000000082d00000, 0x0000000082d00000|100%| O|  |TAMS 0x0000000082c00000, 0x0000000082c00000| Untracked 
|  45|0x0000000082d00000, 0x0000000082e00000, 0x0000000082e00000|100%| O|  |TAMS 0x0000000082d00000, 0x0000000082d00000| Untracked 
|  46|0x0000000082e00000, 0x0000000082f00000, 0x0000000082f00000|100%| O|  |TAMS 0x0000000082e00000, 0x0000000082e00000| Untracked 
|  47|0x0000000082f00000, 0x0000000083000000, 0x0000000083000000|100%| O|  |TAMS 0x0000000082f00000, 0x0000000082f00000| Untracked 
|  48|0x0000000083000000, 0x0000000083100000, 0x0000000083100000|100%| O|  |TAMS 0x0000000083000000, 0x0000000083000000| Untracked 
|  49|0x0000000083100000, 0x0000000083200000, 0x0000000083200000|100%| O|  |TAMS 0x0000000083100000, 0x0000000083100000| Untracked 
|  50|0x0000000083200000, 0x0000000083300000, 0x0000000083300000|100%| O|  |TAMS 0x0000000083200000, 0x0000000083200000| Untracked 
|  51|0x0000000083300000, 0x0000000083400000, 0x0000000083400000|100%| O|  |TAMS 0x0000000083300000, 0x0000000083300000| Untracked 
|  52|0x0000000083400000, 0x000000008343b000, 0x0000000083500000| 23%| O|  |TAMS 0x0000000083400000, 0x0000000083400000| Untracked 
|  53|0x0000000083500000, 0x0000000083500000, 0x0000000083600000|  0%| F|  |TAMS 0x0000000083500000, 0x0000000083500000| Untracked 
|  54|0x0000000083600000, 0x0000000083600000, 0x0000000083700000|  0%| F|  |TAMS 0x0000000083600000, 0x0000000083600000| Untracked 
|  55|0x0000000083700000, 0x0000000083700000, 0x0000000083800000|  0%| F|  |TAMS 0x0000000083700000, 0x0000000083700000| Untracked 
|  56|0x0000000083800000, 0x0000000083800000, 0x0000000083900000|  0%| F|  |TAMS 0x0000000083800000, 0x0000000083800000| Untracked 
|  57|0x0000000083900000, 0x0000000083900000, 0x0000000083a00000|  0%| F|  |TAMS 0x0000000083900000, 0x0000000083900000| Untracked 
|  58|0x0000000083a00000, 0x0000000083a00000, 0x0000000083b00000|  0%| F|  |TAMS 0x0000000083a00000, 0x0000000083a00000| Untracked 
|  59|0x0000000083b00000, 0x0000000083b00000, 0x0000000083c00000|  0%| F|  |TAMS 0x0000000083b00000, 0x0000000083b00000| Untracked 
|  60|0x0000000083c00000, 0x0000000083c00000, 0x0000000083d00000|  0%| F|  |TAMS 0x0000000083c00000, 0x0000000083c00000| Untracked 
|  61|0x0000000083d00000, 0x0000000083d00000, 0x0000000083e00000|  0%| F|  |TAMS 0x0000000083d00000, 0x0000000083d00000| Untracked 
|  62|0x0000000083e00000, 0x0000000083e00000, 0x0000000083f00000|  0%| F|  |TAMS 0x0000000083e00000, 0x0000000083e00000| Untracked 
|  63|0x0000000083f00000, 0x0000000083f00000, 0x0000000084000000|  0%| F|  |TAMS 0x0000000083f00000, 0x0000000083f00000| Untracked 
|  64|0x0000000084000000, 0x0000000084000000, 0x0000000084100000|  0%| F|  |TAMS 0x0000000084000000, 0x0000000084000000| Untracked 
|  65|0x0000000084100000, 0x0000000084100000, 0x0000000084200000|  0%| F|  |TAMS 0x0000000084100000, 0x0000000084100000| Untracked 
|  66|0x0000000084200000, 0x000000008425a078, 0x0000000084300000| 35%| S|CS|TAMS 0x0000000084200000, 0x0000000084200000| Complete 
|  67|0x0000000084300000, 0x0000000084300000, 0x0000000084400000|  0%| F|  |TAMS 0x0000000084300000, 0x0000000084300000| Untracked 
|  68|0x0000000084400000, 0x0000000084400000, 0x0000000084500000|  0%| F|  |TAMS 0x0000000084400000, 0x0000000084400000| Untracked 
|  69|0x0000000084500000, 0x0000000084500000, 0x0000000084600000|  0%| F|  |TAMS 0x0000000084500000, 0x0000000084500000| Untracked 
|  70|0x0000000084600000, 0x0000000084600000, 0x0000000084700000|  0%| F|  |TAMS 0x0000000084600000, 0x0000000084600000| Untracked 
|  71|0x0000000084700000, 0x0000000084800000, 0x0000000084800000|100%| S|CS|TAMS 0x0000000084700000, 0x0000000084700000| Complete 
|  72|0x0000000084800000, 0x0000000084900000, 0x0000000084900000|100%| S|CS|TAMS 0x0000000084800000, 0x0000000084800000| Complete 
|  73|0x0000000084900000, 0x0000000084a00000, 0x0000000084a00000|100%| S|CS|TAMS 0x0000000084900000, 0x0000000084900000| Complete 
|  74|0x0000000084a00000, 0x0000000084b00000, 0x0000000084b00000|100%| S|CS|TAMS 0x0000000084a00000, 0x0000000084a00000| Complete 
|  75|0x0000000084b00000, 0x0000000084b00000, 0x0000000084c00000|  0%| F|  |TAMS 0x0000000084b00000, 0x0000000084b00000| Untracked 
|  76|0x0000000084c00000, 0x0000000084c00000, 0x0000000084d00000|  0%| F|  |TAMS 0x0000000084c00000, 0x0000000084c00000| Untracked 
|  77|0x0000000084d00000, 0x0000000084e00000, 0x0000000084e00000|100%| S|CS|TAMS 0x0000000084d00000, 0x0000000084d00000| Complete 
|  78|0x0000000084e00000, 0x0000000084e00000, 0x0000000084f00000|  0%| F|  |TAMS 0x0000000084e00000, 0x0000000084e00000| Untracked 
|  79|0x0000000084f00000, 0x0000000084f00000, 0x0000000085000000|  0%| F|  |TAMS 0x0000000084f00000, 0x0000000084f00000| Untracked 
|  80|0x0000000085000000, 0x0000000085000000, 0x0000000085100000|  0%| F|  |TAMS 0x0000000085000000, 0x0000000085000000| Untracked 
|  81|0x0000000085100000, 0x0000000085100000, 0x0000000085200000|  0%| F|  |TAMS 0x0000000085100000, 0x0000000085100000| Untracked 
|  82|0x0000000085200000, 0x0000000085200000, 0x0000000085300000|  0%| F|  |TAMS 0x0000000085200000, 0x0000000085200000| Untracked 
|  83|0x0000000085300000, 0x0000000085300000, 0x0000000085400000|  0%| F|  |TAMS 0x0000000085300000, 0x0000000085300000| Untracked 
|  84|0x0000000085400000, 0x0000000085400000, 0x0000000085500000|  0%| F|  |TAMS 0x0000000085400000, 0x0000000085400000| Untracked 
|  85|0x0000000085500000, 0x0000000085500000, 0x0000000085600000|  0%| F|  |TAMS 0x0000000085500000, 0x0000000085500000| Untracked 
|  86|0x0000000085600000, 0x0000000085600000, 0x0000000085700000|  0%| F|  |TAMS 0x0000000085600000, 0x0000000085600000| Untracked 
|  87|0x0000000085700000, 0x0000000085700000, 0x0000000085800000|  0%| F|  |TAMS 0x0000000085700000, 0x0000000085700000| Untracked 
|  88|0x0000000085800000, 0x0000000085800000, 0x0000000085900000|  0%| F|  |TAMS 0x0000000085800000, 0x0000000085800000| Untracked 
|  89|0x0000000085900000, 0x0000000085900000, 0x0000000085a00000|  0%| F|  |TAMS 0x0000000085900000, 0x0000000085900000| Untracked 
|  90|0x0000000085a00000, 0x0000000085a00000, 0x0000000085b00000|  0%| F|  |TAMS 0x0000000085a00000, 0x0000000085a00000| Untracked 
|  91|0x0000000085b00000, 0x0000000085c00000, 0x0000000085c00000|100%| E|  |TAMS 0x0000000085b00000, 0x0000000085b00000| Complete 
|  92|0x0000000085c00000, 0x0000000085d00000, 0x0000000085d00000|100%| E|CS|TAMS 0x0000000085c00000, 0x0000000085c00000| Complete 
|  93|0x0000000085d00000, 0x0000000085e00000, 0x0000000085e00000|100%| E|CS|TAMS 0x0000000085d00000, 0x0000000085d00000| Complete 
|  94|0x0000000085e00000, 0x0000000085f00000, 0x0000000085f00000|100%| E|CS|TAMS 0x0000000085e00000, 0x0000000085e00000| Complete 
|  95|0x0000000085f00000, 0x0000000086000000, 0x0000000086000000|100%| E|CS|TAMS 0x0000000085f00000, 0x0000000085f00000| Complete 
|  96|0x0000000086000000, 0x0000000086100000, 0x0000000086100000|100%| E|CS|TAMS 0x0000000086000000, 0x0000000086000000| Complete 
|  97|0x0000000086100000, 0x0000000086200000, 0x0000000086200000|100%| E|CS|TAMS 0x0000000086100000, 0x0000000086100000| Complete 
|  98|0x0000000086200000, 0x0000000086300000, 0x0000000086300000|100%| E|CS|TAMS 0x0000000086200000, 0x0000000086200000| Complete 
|  99|0x0000000086300000, 0x0000000086400000, 0x0000000086400000|100%| E|CS|TAMS 0x0000000086300000, 0x0000000086300000| Complete 
| 100|0x0000000086400000, 0x0000000086500000, 0x0000000086500000|100%| E|CS|TAMS 0x0000000086400000, 0x0000000086400000| Complete 
| 101|0x0000000086500000, 0x0000000086600000, 0x0000000086600000|100%| E|CS|TAMS 0x0000000086500000, 0x0000000086500000| Complete 
| 102|0x0000000086600000, 0x0000000086700000, 0x0000000086700000|100%| E|CS|TAMS 0x0000000086600000, 0x0000000086600000| Complete 
| 103|0x0000000086700000, 0x0000000086800000, 0x0000000086800000|100%| E|CS|TAMS 0x0000000086700000, 0x0000000086700000| Complete 
| 104|0x0000000086800000, 0x0000000086900000, 0x0000000086900000|100%| E|CS|TAMS 0x0000000086800000, 0x0000000086800000| Complete 
| 105|0x0000000086900000, 0x0000000086a00000, 0x0000000086a00000|100%| E|CS|TAMS 0x0000000086900000, 0x0000000086900000| Complete 
| 106|0x0000000086a00000, 0x0000000086b00000, 0x0000000086b00000|100%| E|CS|TAMS 0x0000000086a00000, 0x0000000086a00000| Complete 
| 107|0x0000000086b00000, 0x0000000086c00000, 0x0000000086c00000|100%| E|CS|TAMS 0x0000000086b00000, 0x0000000086b00000| Complete 
| 108|0x0000000086c00000, 0x0000000086d00000, 0x0000000086d00000|100%| E|CS|TAMS 0x0000000086c00000, 0x0000000086c00000| Complete 
| 109|0x0000000086d00000, 0x0000000086e00000, 0x0000000086e00000|100%| E|CS|TAMS 0x0000000086d00000, 0x0000000086d00000| Complete 
| 110|0x0000000086e00000, 0x0000000086f00000, 0x0000000086f00000|100%| E|CS|TAMS 0x0000000086e00000, 0x0000000086e00000| Complete 
| 111|0x0000000086f00000, 0x0000000087000000, 0x0000000087000000|100%| E|CS|TAMS 0x0000000086f00000, 0x0000000086f00000| Complete 
| 112|0x0000000087000000, 0x0000000087100000, 0x0000000087100000|100%| E|CS|TAMS 0x0000000087000000, 0x0000000087000000| Complete 
| 113|0x0000000087100000, 0x0000000087200000, 0x0000000087200000|100%| E|CS|TAMS 0x0000000087100000, 0x0000000087100000| Complete 
| 114|0x0000000087200000, 0x0000000087300000, 0x0000000087300000|100%| E|CS|TAMS 0x0000000087200000, 0x0000000087200000| Complete 
| 115|0x0000000087300000, 0x0000000087400000, 0x0000000087400000|100%| E|CS|TAMS 0x0000000087300000, 0x0000000087300000| Complete 

Card table byte_map: [0x00000179b49c0000,0x00000179b4dc0000] _byte_map_base: 0x00000179b45c0000

Marking Bits (Prev, Next): (CMBitMap*) 0x00000179a17bc320, (CMBitMap*) 0x00000179a17bc2e8
 Prev Bits: [0x00000179b71c0000, 0x00000179b91c0000)
 Next Bits: [0x00000179b51c0000, 0x00000179b71c0000)

Polling page: 0x00000179a0f60000

Metaspace:

Usage:
  Non-class:     64.04 MB capacity,    63.01 MB ( 98%) used,   865.86 KB (  1%) free+waste,   185.75 KB ( <1%) overhead. 
      Class:     10.04 MB capacity,     9.44 MB ( 94%) used,   526.66 KB (  5%) free+waste,    86.31 KB ( <1%) overhead. 
       Both:     74.07 MB capacity,    72.45 MB ( 98%) used,     1.36 MB (  2%) free+waste,   272.06 KB ( <1%) overhead. 

Virtual space:
  Non-class space:       66.00 MB reserved,      64.29 MB ( 97%) committed 
      Class space:        1.00 GB reserved,      10.07 MB ( <1%) committed 
             Both:        1.06 GB reserved,      74.36 MB (  7%) committed 

Chunk freelists:
   Non-Class:  60.00 KB
       Class:  28.00 KB
        Both:  88.00 KB

MaxMetaspaceSize: 17179869184.00 GB
CompressedClassSpaceSize: 1.00 GB

CodeHeap 'non-profiled nmethods': size=120000Kb used=3492Kb max_used=3492Kb free=116507Kb
 bounds [0x00000179acd50000, 0x00000179ad0c0000, 0x00000179b4280000]
CodeHeap 'profiled nmethods': size=120000Kb used=14958Kb max_used=14958Kb free=105041Kb
 bounds [0x00000179a5820000, 0x00000179a66c0000, 0x00000179acd50000]
CodeHeap 'non-nmethods': size=5760Kb used=2269Kb max_used=2305Kb free=3490Kb
 bounds [0x00000179a5280000, 0x00000179a54f0000, 0x00000179a5820000]
 total_blobs=8039 nmethods=7177 adapters=773
 compilation: enabled
              stopped_count=0, restarted_count=0
 full_count=0

Compilation events (20 events):
Event: 23.691 Thread 0x00000179bbc34000 7329       2       java.util.regex.Pattern$CharPropertyGreedy::match (122 bytes)
Event: 23.693 Thread 0x00000179bbc34000 nmethod 7329 0x00000179a66b7090 code [0x00000179a66b7280, 0x00000179a66b7638]
Event: 23.699 Thread 0x00000179bbc34000 7330       2       java.util.Formatter::checkText (58 bytes)
Event: 23.700 Thread 0x00000179bbc34000 nmethod 7330 0x00000179a66b7810 code [0x00000179a66b7a20, 0x00000179a66b7f98]
Event: 23.701 Thread 0x00000179bbc34000 7331       1       java.util.Formatter$FixedString::index (3 bytes)
Event: 23.701 Thread 0x00000179bbc34000 nmethod 7331 0x00000179ad0b8b90 code [0x00000179ad0b8d40, 0x00000179ad0b8df8]
Event: 23.773 Thread 0x00000179bbc34000 7333       2       jdk.internal.reflect.AccessorGenerator::isPrimitive (20 bytes)
Event: 23.774 Thread 0x00000179bbc34000 nmethod 7333 0x00000179a66b8390 code [0x00000179a66b8540, 0x00000179a66b8678]
Event: 23.841 Thread 0x00000179bbc34000 7334       2       jdk.internal.loader.BuiltinClassLoader::hasClassPath (13 bytes)
Event: 23.841 Thread 0x00000179bbc34000 nmethod 7334 0x00000179a66b8710 code [0x00000179a66b88c0, 0x00000179a66b89d8]
Event: 23.841 Thread 0x00000179bbc34000 7335   !   2       jdk.internal.loader.BuiltinClassLoader$2::run (114 bytes)
Event: 23.842 Thread 0x00000179bbc34000 nmethod 7335 0x00000179a66b8a90 code [0x00000179a66b8cc0, 0x00000179a66b9198]
Event: 23.842 Thread 0x00000179bbc34000 7337       2       java.lang.String::regionMatches (187 bytes)
Event: 23.844 Thread 0x00000179bbc34000 nmethod 7337 0x00000179a66b9490 code [0x00000179a66b9660, 0x00000179a66b9b98]
Event: 23.844 Thread 0x00000179bbc34000 7336       2       java.lang.ClassLoader::getResource (41 bytes)
Event: 23.845 Thread 0x00000179bbc34000 nmethod 7336 0x00000179a66b9e10 code [0x00000179a66ba000, 0x00000179a66ba258]
Event: 23.847 Thread 0x00000179bbc34000 7338       2       jdk.internal.loader.AbstractClassLoaderValue::extractValue (17 bytes)
Event: 23.848 Thread 0x00000179bbc34000 nmethod 7338 0x00000179a66ba390 code [0x00000179a66ba540, 0x00000179a66ba6e8]
Event: 23.883 Thread 0x00000179bbc34000 7342       2       java.lang.ModuleLayer::boot (4 bytes)
Event: 23.883 Thread 0x00000179bbc34000 nmethod 7342 0x00000179a66ba810 code [0x00000179a66ba9c0, 0x00000179a66baab8]

GC Heap History (20 events):
Event: 9.868 GC heap before
{Heap before GC invocations=9 (full 0):
 garbage-first heap   total 98304K, used 67589K [0x0000000080000000, 0x0000000100000000)
  region size 1024K, 47 young (48128K), 6 survivors (6144K)
 Metaspace       used 38673K, capacity 39544K, committed 39752K, reserved 1083392K
  class space    used 4938K, capacity 5278K, committed 5324K, reserved 1048576K
}
Event: 9.881 GC heap after
{Heap after GC invocations=10 (full 0):
 garbage-first heap   total 98304K, used 26239K [0x0000000080000000, 0x0000000100000000)
  region size 1024K, 6 young (6144K), 6 survivors (6144K)
 Metaspace       used 38673K, capacity 39544K, committed 39752K, reserved 1083392K
  class space    used 4938K, capacity 5278K, committed 5324K, reserved 1048576K
}
Event: 10.951 GC heap before
{Heap before GC invocations=10 (full 0):
 garbage-first heap   total 98304K, used 68223K [0x0000000080000000, 0x0000000100000000)
  region size 1024K, 47 young (48128K), 6 survivors (6144K)
 Metaspace       used 41602K, capacity 42558K, committed 42824K, reserved 1087488K
  class space    used 5363K, capacity 5718K, committed 5836K, reserved 1048576K
}
Event: 10.965 GC heap after
{Heap after GC invocations=11 (full 0):
 garbage-first heap   total 118784K, used 28360K [0x0000000080000000, 0x0000000100000000)
  region size 1024K, 6 young (6144K), 6 survivors (6144K)
 Metaspace       used 41602K, capacity 42558K, committed 42824K, reserved 1087488K
  class space    used 5363K, capacity 5718K, committed 5836K, reserved 1048576K
}
Event: 12.479 GC heap before
{Heap before GC invocations=11 (full 0):
 garbage-first heap   total 118784K, used 79560K [0x0000000080000000, 0x0000000100000000)
  region size 1024K, 56 young (57344K), 6 survivors (6144K)
 Metaspace       used 46084K, capacity 47119K, committed 47176K, reserved 1089536K
  class space    used 5924K, capacity 6300K, committed 6348K, reserved 1048576K
}
Event: 12.487 GC heap after
{Heap after GC invocations=12 (full 0):
 garbage-first heap   total 118784K, used 30470K [0x0000000080000000, 0x0000000100000000)
  region size 1024K, 5 young (5120K), 5 survivors (5120K)
 Metaspace       used 46084K, capacity 47119K, committed 47176K, reserved 1089536K
  class space    used 5924K, capacity 6300K, committed 6348K, reserved 1048576K
}
Event: 14.715 GC heap before
{Heap before GC invocations=12 (full 0):
 garbage-first heap   total 118784K, used 86790K [0x0000000080000000, 0x0000000100000000)
  region size 1024K, 56 young (57344K), 5 survivors (5120K)
 Metaspace       used 47989K, capacity 49130K, committed 49224K, reserved 1091584K
  class space    used 6119K, capacity 6581K, committed 6604K, reserved 1048576K
}
Event: 14.726 GC heap after
{Heap after GC invocations=13 (full 0):
 garbage-first heap   total 118784K, used 43146K [0x0000000080000000, 0x0000000100000000)
  region size 1024K, 7 young (7168K), 7 survivors (7168K)
 Metaspace       used 47989K, capacity 49130K, committed 49224K, reserved 1091584K
  class space    used 6119K, capacity 6581K, committed 6604K, reserved 1048576K
}
Event: 16.111 GC heap before
{Heap before GC invocations=13 (full 0):
 garbage-first heap   total 118784K, used 87178K [0x0000000080000000, 0x0000000100000000)
  region size 1024K, 50 young (51200K), 7 survivors (7168K)
 Metaspace       used 53253K, capacity 54511K, committed 54856K, reserved 1097728K
  class space    used 6777K, capacity 7276K, committed 7372K, reserved 1048576K
}
Event: 16.120 GC heap after
{Heap after GC invocations=14 (full 0):
 garbage-first heap   total 118784K, used 45618K [0x0000000080000000, 0x0000000100000000)
  region size 1024K, 3 young (3072K), 3 survivors (3072K)
 Metaspace       used 53253K, capacity 54511K, committed 54856K, reserved 1097728K
  class space    used 6777K, capacity 7276K, committed 7372K, reserved 1048576K
}
Event: 17.305 GC heap before
{Heap before GC invocations=14 (full 0):
 garbage-first heap   total 118784K, used 79410K [0x0000000080000000, 0x0000000100000000)
  region size 1024K, 37 young (37888K), 3 survivors (3072K)
 Metaspace       used 58518K, capacity 59878K, committed 60068K, reserved 1101824K
  class space    used 7434K, capacity 7974K, committed 8012K, reserved 1048576K
}
Event: 17.313 GC heap after
{Heap after GC invocations=15 (full 0):
 garbage-first heap   total 118784K, used 46837K [0x0000000080000000, 0x0000000100000000)
  region size 1024K, 4 young (4096K), 4 survivors (4096K)
 Metaspace       used 58518K, capacity 59878K, committed 60068K, reserved 1101824K
  class space    used 7434K, capacity 7974K, committed 8012K, reserved 1048576K
}
Event: 18.511 GC heap before
{Heap before GC invocations=16 (full 0):
 garbage-first heap   total 118784K, used 89845K [0x0000000080000000, 0x0000000100000000)
  region size 1024K, 47 young (48128K), 4 survivors (4096K)
 Metaspace       used 62771K, capacity 64229K, committed 64368K, reserved 1105920K
  class space    used 7943K, capacity 8501K, committed 8524K, reserved 1048576K
}
Event: 18.523 GC heap after
{Heap after GC invocations=17 (full 0):
 garbage-first heap   total 118784K, used 50819K [0x0000000080000000, 0x0000000100000000)
  region size 1024K, 6 young (6144K), 6 survivors (6144K)
 Metaspace       used 62771K, capacity 64229K, committed 64368K, reserved 1105920K
  class space    used 7943K, capacity 8501K, committed 8524K, reserved 1048576K
}
Event: 19.245 GC heap before
{Heap before GC invocations=17 (full 0):
 garbage-first heap   total 118784K, used 93827K [0x0000000080000000, 0x0000000100000000)
  region size 1024K, 47 young (48128K), 6 survivors (6144K)
 Metaspace       used 64619K, capacity 66145K, committed 66288K, reserved 1107968K
  class space    used 8212K, capacity 8813K, committed 8908K, reserved 1048576K
}
Event: 19.254 GC heap after
{Heap after GC invocations=18 (full 0):
 garbage-first heap   total 118784K, used 53801K [0x0000000080000000, 0x0000000100000000)
  region size 1024K, 4 young (4096K), 4 survivors (4096K)
 Metaspace       used 64619K, capacity 66145K, committed 66288K, reserved 1107968K
  class space    used 8212K, capacity 8813K, committed 8908K, reserved 1048576K
}
Event: 20.626 GC heap before
{Heap before GC invocations=18 (full 0):
 garbage-first heap   total 118784K, used 93737K [0x0000000080000000, 0x0000000100000000)
  region size 1024K, 43 young (44032K), 4 survivors (4096K)
 Metaspace       used 68474K, capacity 70028K, committed 70256K, reserved 1110016K
  class space    used 8862K, capacity 9466K, committed 9548K, reserved 1048576K
}
Event: 20.634 GC heap after
{Heap after GC invocations=19 (full 0):
 garbage-first heap   total 118784K, used 56223K [0x0000000080000000, 0x0000000100000000)
  region size 1024K, 6 young (6144K), 6 survivors (6144K)
 Metaspace       used 68474K, capacity 70028K, committed 70256K, reserved 1110016K
  class space    used 8862K, capacity 9466K, committed 9548K, reserved 1048576K
}
Event: 22.828 GC heap before
{Heap before GC invocations=19 (full 0):
 garbage-first heap   total 118784K, used 95135K [0x0000000080000000, 0x0000000100000000)
  region size 1024K, 44 young (45056K), 6 survivors (6144K)
 Metaspace       used 71735K, capacity 73421K, committed 73584K, reserved 1114112K
  class space    used 9333K, capacity 9960K, committed 10060K, reserved 1048576K
}
Event: 22.839 GC heap after
{Heap after GC invocations=20 (full 0):
 garbage-first heap   total 118784K, used 58964K [0x0000000080000000, 0x0000000100000000)
  region size 1024K, 6 young (6144K), 6 survivors (6144K)
 Metaspace       used 71735K, capacity 73421K, committed 73584K, reserved 1114112K
  class space    used 9333K, capacity 9960K, committed 10060K, reserved 1048576K
}

Deoptimization events (20 events):
Event: 22.749 Thread 0x00000179bed0b800 DEOPT PACKING pc=0x00000179ad057e40 sp=0x0000005ed13fab10
Event: 22.749 Thread 0x00000179bed0b800 DEOPT UNPACKING pc=0x00000179a52a662f sp=0x0000005ed13faac0 mode 2
Event: 22.933 Thread 0x00000179bed0b800 DEOPT PACKING pc=0x00000179a5f58044 sp=0x0000005ed13f7730
Event: 22.933 Thread 0x00000179bed0b800 DEOPT UNPACKING pc=0x00000179a52a6dde sp=0x0000005ed13f6b68 mode 0
Event: 22.933 Thread 0x00000179bed0b800 DEOPT PACKING pc=0x00000179a5f5814c sp=0x0000005ed13f77a0
Event: 22.933 Thread 0x00000179bed0b800 DEOPT UNPACKING pc=0x00000179a52a6dde sp=0x0000005ed13f6c40 mode 0
Event: 22.933 Thread 0x00000179bed0b800 DEOPT PACKING pc=0x00000179a655ad54 sp=0x0000005ed13f7810
Event: 22.933 Thread 0x00000179bed0b800 DEOPT UNPACKING pc=0x00000179a52a6dde sp=0x0000005ed13f6c10 mode 0
Event: 22.949 Thread 0x00000179bed0b800 Uncommon trap: trap_request=0xffffff4d fr.pc=0x00000179acfac17c relative=0x00000000000006fc
Event: 22.949 Thread 0x00000179bed0b800 Uncommon trap: reason=unstable_if action=reinterpret pc=0x00000179acfac17c method=java.util.HashMap.putVal(ILjava/lang/Object;Ljava/lang/Object;ZZ)Ljava/lang/Object; @ 109 c2
Event: 22.949 Thread 0x00000179bed0b800 DEOPT PACKING pc=0x00000179acfac17c sp=0x0000005ed13f76d0
Event: 22.949 Thread 0x00000179bed0b800 DEOPT UNPACKING pc=0x00000179a52a662f sp=0x0000005ed13f75e8 mode 2
Event: 22.949 Thread 0x00000179bed0b800 Uncommon trap: trap_request=0xffffff4d fr.pc=0x00000179acece9e8 relative=0x0000000000000668
Event: 22.949 Thread 0x00000179bed0b800 Uncommon trap: reason=unstable_if action=reinterpret pc=0x00000179acece9e8 method=java.util.HashMap.putVal(ILjava/lang/Object;Ljava/lang/Object;ZZ)Ljava/lang/Object; @ 109 c2
Event: 22.949 Thread 0x00000179bed0b800 DEOPT PACKING pc=0x00000179acece9e8 sp=0x0000005ed13f7620
Event: 22.949 Thread 0x00000179bed0b800 DEOPT UNPACKING pc=0x00000179a52a662f sp=0x0000005ed13f75d8 mode 2
Event: 23.707 Thread 0x00000179bed0b800 Uncommon trap: trap_request=0xffffff4d fr.pc=0x00000179acfa5a34 relative=0x0000000000000c74
Event: 23.707 Thread 0x00000179bed0b800 Uncommon trap: reason=unstable_if action=reinterpret pc=0x00000179acfa5a34 method=sun.nio.fs.WindowsPathParser.normalize(Ljava/lang/StringBuilder;Ljava/lang/String;I)Ljava/lang/String; @ 172 c2
Event: 23.707 Thread 0x00000179bed0b800 DEOPT PACKING pc=0x00000179acfa5a34 sp=0x0000005ed13f8ea0
Event: 23.707 Thread 0x00000179bed0b800 DEOPT UNPACKING pc=0x00000179a52a662f sp=0x0000005ed13f8e70 mode 2

Classes redefined (0 events):
No events

Internal exceptions (20 events):
Event: 19.319 Thread 0x00000179bed0b800 Exception <a 'java/lang/ClassNotFoundException'{0x0000000086c37f68}: com/android/build/gradle/internal/CompileOptions$AgpDecorated_DecoratedBeanInfo> (0x0000000086c37f68) thrown at [./src/hotspot/share/classfile/systemDictionary.cpp, line 231]
Event: 19.320 Thread 0x00000179bed0b800 Exception <a 'java/lang/ClassNotFoundException'{0x0000000086c53170}: com/android/build/gradle/internal/CompileOptions$AgpDecoratedBeanInfo> (0x0000000086c53170) thrown at [./src/hotspot/share/classfile/systemDictionary.cpp, line 231]
Event: 19.320 Thread 0x00000179bed0b800 Exception <a 'java/lang/ClassNotFoundException'{0x0000000086c6c528}: com/android/build/gradle/internal/CompileOptionsBeanInfo> (0x0000000086c6c528) thrown at [./src/hotspot/share/classfile/systemDictionary.cpp, line 231]
Event: 19.321 Thread 0x00000179bed0b800 Exception <a 'java/lang/ClassNotFoundException'{0x0000000086c85ea0}: com/android/build/gradle/internal/CompileOptionsCustomizer> (0x0000000086c85ea0) thrown at [./src/hotspot/share/classfile/systemDictionary.cpp, line 231]
Event: 19.322 Thread 0x00000179bed0b800 Exception <a 'java/lang/ClassNotFoundException'{0x0000000086cad2b0}: com/android/build/gradle/internal/CompileOptions$AgpDecoratedCustomizer> (0x0000000086cad2b0) thrown at [./src/hotspot/share/classfile/systemDictionary.cpp, line 231]
Event: 19.323 Thread 0x00000179bed0b800 Exception <a 'java/lang/ClassNotFoundException'{0x0000000086cd7ed0}: com/android/build/gradle/internal/CompileOptions$AgpDecorated_DecoratedCustomizer> (0x0000000086cd7ed0) thrown at [./src/hotspot/share/classfile/systemDictionary.cpp, line 231]
Event: 19.334 Thread 0x00000179bed0b800 Exception <a 'java/lang/ClassNotFoundException'{0x0000000086b998e8}: org/gradle/api/internal/artifacts/dsl/dependencies/DefaultDependencyHandler_DecoratedBeanInfo> (0x0000000086b998e8) thrown at [./src/hotspot/share/classfile/systemDictionary.cpp, line 231]
Event: 19.337 Thread 0x00000179bed0b800 Exception <a 'java/lang/ClassNotFoundException'{0x0000000086be1fd8}: org/gradle/api/internal/artifacts/dsl/dependencies/DefaultDependencyHandlerBeanInfo> (0x0000000086be1fd8) thrown at [./src/hotspot/share/classfile/systemDictionary.cpp, line 231]
Event: 19.339 Thread 0x00000179bed0b800 Exception <a 'java/lang/ClassNotFoundException'{0x0000000086a2a938}: org/gradle/api/internal/artifacts/dsl/dependencies/DefaultDependencyHandlerCustomizer> (0x0000000086a2a938) thrown at [./src/hotspot/share/classfile/systemDictionary.cpp, line 231]
Event: 19.344 Thread 0x00000179bed0b800 Exception <a 'java/lang/ClassNotFoundException'{0x0000000086a9c1d0}: org/gradle/api/internal/artifacts/dsl/dependencies/DefaultDependencyHandler_DecoratedCustomizer> (0x0000000086a9c1d0) thrown at [./src/hotspot/share/classfile/systemDictionary.cpp, line 231]
Event: 21.157 Thread 0x00000179bed0b800 Exception <a 'java/lang/ClassNotFoundException'{0x000000008669a5f0}: com/android/build/gradle/internal/api/ApkVariantOutputImpl_DecoratedBeanInfo> (0x000000008669a5f0) thrown at [./src/hotspot/share/classfile/systemDictionary.cpp, line 231]
Event: 21.158 Thread 0x00000179bed0b800 Exception <a 'java/lang/ClassNotFoundException'{0x00000000866b4e20}: com/android/build/gradle/internal/api/ApkVariantOutputImplBeanInfo> (0x00000000866b4e20) thrown at [./src/hotspot/share/classfile/systemDictionary.cpp, line 231]
Event: 21.159 Thread 0x00000179bed0b800 Exception <a 'java/lang/ClassNotFoundException'{0x00000000866cfe90}: com/android/build/gradle/internal/api/BaseVariantOutputImplBeanInfo> (0x00000000866cfe90) thrown at [./src/hotspot/share/classfile/systemDictionary.cpp, line 231]
Event: 21.160 Thread 0x00000179bed0b800 Exception <a 'java/lang/ClassNotFoundException'{0x00000000866eaf68}: com/android/build/gradle/internal/api/BaseVariantOutputImplCustomizer> (0x00000000866eaf68) thrown at [./src/hotspot/share/classfile/systemDictionary.cpp, line 231]
Event: 21.162 Thread 0x00000179bed0b800 Exception <a 'java/lang/ClassNotFoundException'{0x0000000086518be8}: com/android/build/gradle/internal/api/ApkVariantOutputImplCustomizer> (0x0000000086518be8) thrown at [./src/hotspot/share/classfile/systemDictionary.cpp, line 231]
Event: 21.164 Thread 0x00000179bed0b800 Exception <a 'java/lang/ClassNotFoundException'{0x0000000086542880}: com/android/build/gradle/internal/api/ApkVariantOutputImpl_DecoratedCustomizer> (0x0000000086542880) thrown at [./src/hotspot/share/classfile/systemDictionary.cpp, line 231]
Event: 21.197 Thread 0x00000179bed0b800 Exception <a 'java/lang/NoClassDefFoundError'{0x00000000864b0b80}: org/jetbrains/kotlin/gradle/plugin/KotlinBasePluginWrapper> (0x00000000864b0b80) thrown at [./src/hotspot/share/classfile/systemDictionary.cpp, line 220]
Event: 23.005 Thread 0x00000179bed0b800 Exception <a 'java/lang/NoSuchMethodError'{0x0000000086f686c8}: 'java.lang.Object java.lang.invoke.Invokers$Holder.linkToTargetMethod(java.lang.Object, int, java.lang.Object)'> (0x0000000086f686c8) thrown at [./src/hotspot/share/interpreter/linkResolver.cpp, line 773]
Event: 23.574 Thread 0x00000179bed0b800 Exception <a 'sun/nio/fs/WindowsException'{0x000000008653d008}> (0x000000008653d008) thrown at [./src/hotspot/share/prims/jni.cpp, line 615]
Event: 23.575 Thread 0x00000179bed0b800 Exception <a 'sun/nio/fs/WindowsException'{0x000000008653d3e0}> (0x000000008653d3e0) thrown at [./src/hotspot/share/prims/jni.cpp, line 615]

Events (20 events):
Event: 24.176 loading class com/sun/xml/bind/v2/model/core/EnumLeafInfo
Event: 24.176 loading class com/sun/xml/bind/v2/model/core/EnumLeafInfo done
Event: 24.178 loading class com/sun/xml/bind/v2/model/impl/RuntimeEnumLeafInfoImpl
Event: 24.178 loading class com/sun/xml/bind/v2/model/impl/RuntimeEnumLeafInfoImpl done
Event: 24.179 loading class com/sun/xml/bind/v2/model/runtime/RuntimeEnumLeafInfo
Event: 24.179 loading class com/sun/xml/bind/v2/model/runtime/RuntimeEnumLeafInfo done
Event: 24.180 loading class com/sun/xml/bind/v2/runtime/Transducer
Event: 24.180 loading class com/sun/xml/bind/v2/runtime/Transducer done
Event: 24.182 loading class com/sun/xml/bind/v2/model/impl/ArrayInfoImpl
Event: 24.182 loading class com/sun/xml/bind/v2/model/impl/ArrayInfoImpl done
Event: 24.183 loading class com/sun/xml/bind/v2/model/core/ArrayInfo
Event: 24.183 loading class com/sun/xml/bind/v2/model/core/ArrayInfo done
Event: 24.183 loading class com/sun/xml/bind/v2/runtime/Location
Event: 24.183 loading class com/sun/xml/bind/v2/runtime/Location done
Event: 24.184 loading class com/sun/xml/bind/v2/model/impl/RuntimeArrayInfoImpl
Event: 24.184 loading class com/sun/xml/bind/v2/model/impl/RuntimeArrayInfoImpl done
Event: 24.185 loading class com/sun/xml/bind/v2/model/runtime/RuntimeArrayInfo
Event: 24.185 loading class com/sun/xml/bind/v2/model/runtime/RuntimeArrayInfo done
Event: 24.187 loading class com/sun/xml/bind/v2/model/impl/ClassInfoImpl
Event: 24.187 loading class com/sun/xml/bind/v2/model/impl/ClassInfoImpl done


Dynamic libraries:
0x00007ff6056c0000 - 0x00007ff6056ca000 	C:\Program Files\Android\Android Studio\jre\bin\java.exe
0x00007fff88860000 - 0x00007fff88a69000 	C:\WINDOWS\SYSTEM32\ntdll.dll
0x00007fff875b0000 - 0x00007fff8766d000 	C:\WINDOWS\System32\KERNEL32.DLL
0x00007fff86260000 - 0x00007fff865d4000 	C:\WINDOWS\System32\KERNELBASE.dll
0x00007fff865e0000 - 0x00007fff866f1000 	C:\WINDOWS\System32\ucrtbase.dll
0x00007fff7c220000 - 0x00007fff7c239000 	C:\Program Files\Android\Android Studio\jre\bin\jli.dll
0x00007fff74550000 - 0x00007fff74567000 	C:\Program Files\Android\Android Studio\jre\bin\VCRUNTIME140.dll
0x00007fff87670000 - 0x00007fff8781c000 	C:\WINDOWS\System32\USER32.dll
0x00007fff6d0c0000 - 0x00007fff6d365000 	C:\WINDOWS\WinSxS\amd64_microsoft.windows.common-controls_6595b64144ccf1df_6.0.22000.120_none_9d947278b86cc467\COMCTL32.dll
0x00007fff85d50000 - 0x00007fff85d76000 	C:\WINDOWS\System32\win32u.dll
0x00007fff86e50000 - 0x00007fff86ef3000 	C:\WINDOWS\System32\msvcrt.dll
0x00007fff87a00000 - 0x00007fff87a29000 	C:\WINDOWS\System32\GDI32.dll
0x00007fff86140000 - 0x00007fff86252000 	C:\WINDOWS\System32\gdi32full.dll
0x00007fff85fb0000 - 0x00007fff8604d000 	C:\WINDOWS\System32\msvcp_win.dll
0x00007fff86e10000 - 0x00007fff86e41000 	C:\WINDOWS\System32\IMM32.DLL
0x00007fff708f0000 - 0x00007fff7098d000 	C:\Program Files\Android\Android Studio\jre\bin\msvcp140.dll
0x00007fff4e8f0000 - 0x00007fff4f3c5000 	C:\Program Files\Android\Android Studio\jre\bin\server\jvm.dll
0x00007fff87500000 - 0x00007fff875ae000 	C:\WINDOWS\System32\ADVAPI32.dll
0x00007fff86ad0000 - 0x00007fff86b6e000 	C:\WINDOWS\System32\sechost.dll
0x00007fff86b70000 - 0x00007fff86c90000 	C:\WINDOWS\System32\RPCRT4.dll
0x00007fff81bf0000 - 0x00007fff81c23000 	C:\WINDOWS\SYSTEM32\WINMM.dll
0x00007fff7e8b0000 - 0x00007fff7e8ba000 	C:\WINDOWS\SYSTEM32\VERSION.dll
0x00007fff87a30000 - 0x00007fff87a38000 	C:\WINDOWS\System32\PSAPI.DLL
0x00007fff81d90000 - 0x00007fff81d99000 	C:\WINDOWS\SYSTEM32\WSOCK32.dll
0x00007fff87930000 - 0x00007fff8799f000 	C:\WINDOWS\System32\WS2_32.dll
0x00007fff84e20000 - 0x00007fff84e38000 	C:\WINDOWS\SYSTEM32\kernel.appcore.dll
0x00007fff78700000 - 0x00007fff78711000 	C:\Program Files\Android\Android Studio\jre\bin\verify.dll
0x00007fff7fe30000 - 0x00007fff80051000 	C:\WINDOWS\SYSTEM32\DBGHELP.DLL
0x00007fff7fd40000 - 0x00007fff7fd71000 	C:\WINDOWS\SYSTEM32\dbgcore.DLL
0x00007fff860c0000 - 0x00007fff8613f000 	C:\WINDOWS\System32\bcryptPrimitives.dll
0x00007fff78650000 - 0x00007fff78679000 	C:\Program Files\Android\Android Studio\jre\bin\java.dll
0x00007fff81150000 - 0x00007fff8115b000 	C:\Program Files\Android\Android Studio\jre\bin\jimage.dll
0x00007fff78690000 - 0x00007fff786a8000 	C:\Program Files\Android\Android Studio\jre\bin\zip.dll
0x00007fff88070000 - 0x00007fff8881e000 	C:\WINDOWS\System32\SHELL32.dll
0x00007fff83e80000 - 0x00007fff846e8000 	C:\WINDOWS\SYSTEM32\windows.storage.dll
0x00007fff87120000 - 0x00007fff87498000 	C:\WINDOWS\System32\combase.dll
0x00007fff83d10000 - 0x00007fff83e76000 	C:\WINDOWS\SYSTEM32\wintypes.dll
0x00007fff87030000 - 0x00007fff8711a000 	C:\WINDOWS\System32\SHCORE.dll
0x00007fff878d0000 - 0x00007fff8792d000 	C:\WINDOWS\System32\shlwapi.dll
0x00007fff85c80000 - 0x00007fff85ca1000 	C:\WINDOWS\SYSTEM32\profapi.dll
0x00007fff78630000 - 0x00007fff7864a000 	C:\Program Files\Android\Android Studio\jre\bin\net.dll
0x00007fff81500000 - 0x00007fff8160c000 	C:\WINDOWS\SYSTEM32\WINHTTP.dll
0x00007fff85260000 - 0x00007fff852c7000 	C:\WINDOWS\system32\mswsock.dll
0x00007fff78530000 - 0x00007fff78544000 	C:\Program Files\Android\Android Studio\jre\bin\nio.dll
0x00007fff7c250000 - 0x00007fff7c277000 	C:\Users\miste\.gradle\native\e1d6ef7f7dcc3fd88c89a11ec53ec762bb8ba0a96d01ffa2cd45eb1d1d8dd5c5\windows-amd64\native-platform.dll
0x00007fff680a0000 - 0x00007fff681e4000 	C:\Users\miste\.gradle\native\5664cfc778a61ccfe75a443a1ab52a65af34e5dc3c78e0209fed803814484fcb\windows-amd64\native-platform-file-events.dll
0x00007fff7ea60000 - 0x00007fff7ea6a000 	C:\Program Files\Android\Android Studio\jre\bin\management.dll
0x00007fff7ea20000 - 0x00007fff7ea2d000 	C:\Program Files\Android\Android Studio\jre\bin\management_ext.dll
0x00007fff854c0000 - 0x00007fff854d8000 	C:\WINDOWS\SYSTEM32\CRYPTSP.dll
0x00007fff84d70000 - 0x00007fff84da5000 	C:\WINDOWS\system32\rsaenh.dll
0x00007fff85370000 - 0x00007fff85399000 	C:\WINDOWS\SYSTEM32\USERENV.dll
0x00007fff85640000 - 0x00007fff85667000 	C:\WINDOWS\SYSTEM32\bcrypt.dll
0x00007fff854e0000 - 0x00007fff854ec000 	C:\WINDOWS\SYSTEM32\CRYPTBASE.dll
0x00007fff84940000 - 0x00007fff8496d000 	C:\WINDOWS\SYSTEM32\IPHLPAPI.DLL
0x00007fff878b0000 - 0x00007fff878b9000 	C:\WINDOWS\System32\NSI.dll
0x00007fff814c0000 - 0x00007fff814d9000 	C:\WINDOWS\SYSTEM32\dhcpcsvc6.DLL
0x00007fff81960000 - 0x00007fff8197e000 	C:\WINDOWS\SYSTEM32\dhcpcsvc.DLL
0x00007fff84970000 - 0x00007fff84a57000 	C:\WINDOWS\SYSTEM32\DNSAPI.dll

dbghelp: loaded successfully - version: 4.0.5 - missing functions: none
symbol engine: initialized successfully - sym options: 0x614 - pdb path: .;C:\Program Files\Android\Android Studio\jre\bin;C:\WINDOWS\SYSTEM32;C:\WINDOWS\WinSxS\amd64_microsoft.windows.common-controls_6595b64144ccf1df_6.0.22000.120_none_9d947278b86cc467;C:\Program Files\Android\Android Studio\jre\bin\server;C:\Users\miste\.gradle\native\e1d6ef7f7dcc3fd88c89a11ec53ec762bb8ba0a96d01ffa2cd45eb1d1d8dd5c5\windows-amd64;C:\Users\miste\.gradle\native\5664cfc778a61ccfe75a443a1ab52a65af34e5dc3c78e0209fed803814484fcb\windows-amd64

VM Arguments:
jvm_args: --add-opens=java.base/java.util=ALL-UNNAMED --add-opens=java.base/java.lang=ALL-UNNAMED --add-opens=java.base/java.lang.invoke=ALL-UNNAMED --add-opens=java.base/java.util=ALL-UNNAMED --add-opens=java.prefs/java.util.prefs=ALL-UNNAMED --add-opens=java.prefs/java.util.prefs=ALL-UNNAMED --add-opens=java.base/java.nio.charset=ALL-UNNAMED --add-opens=java.base/java.net=ALL-UNNAMED --add-opens=java.base/java.util.concurrent.atomic=ALL-UNNAMED -Xmx2048m -Dfile.encoding=UTF-8 -Duser.country=RU -Duser.language=ru -Duser.variant 
java_command: org.gradle.launcher.daemon.bootstrap.GradleDaemon 7.2
java_class_path (initial): C:\Users\miste\.gradle\wrapper\dists\gradle-7.2-bin\2dnblmf4td7x66yl1d74lt32g\gradle-7.2\lib\gradle-launcher-7.2.jar
Launcher Type: SUN_STANDARD

[Global flags]
     intx CICompilerCount                          = 4                                         {product} {ergonomic}
     uint ConcGCThreads                            = 2                                         {product} {ergonomic}
     uint G1ConcRefinementThreads                  = 8                                         {product} {ergonomic}
   size_t G1HeapRegionSize                         = 1048576                                   {product} {ergonomic}
    uintx GCDrainStackTargetSize                   = 64                                        {product} {ergonomic}
   size_t InitialHeapSize                          = 100663296                                 {product} {ergonomic}
   size_t MarkStackSize                            = 4194304                                   {product} {ergonomic}
   size_t MaxHeapSize                              = 2147483648                                {product} {command line}
   size_t MaxNewSize                               = 1287651328                                {product} {ergonomic}
   size_t MinHeapDeltaBytes                        = 1048576                                   {product} {ergonomic}
    uintx NonNMethodCodeHeapSize                   = 5836300                                {pd product} {ergonomic}
    uintx NonProfiledCodeHeapSize                  = 122910970                              {pd product} {ergonomic}
    uintx ProfiledCodeHeapSize                     = 122910970                              {pd product} {ergonomic}
    uintx ReservedCodeCacheSize                    = 251658240                              {pd product} {ergonomic}
     bool SegmentedCodeCache                       = true                                      {product} {ergonomic}
     bool UseCompressedClassPointers               = true                                 {lp64_product} {ergonomic}
     bool UseCompressedOops                        = true                                 {lp64_product} {ergonomic}
     bool UseG1GC                                  = true                                      {product} {ergonomic}
     bool UseLargePagesIndividualAllocation        = false                                  {pd product} {ergonomic}

Logging:
Log output configuration:
 #0: stdout all=warning uptime,level,tags
 #1: stderr all=off uptime,level,tags

Environment Variables:
PATH=C:\WINDOWS\system32;C:\WINDOWS;C:\WINDOWS\System32\Wbem;C:\WINDOWS\System32\WindowsPowerShell\v1.0\;C:\WINDOWS\System32\OpenSSH\;C:\Program Files (x86)\Rational\common;C:\Program Files\Git\cmd;C:\Users\miste\AppData\Local\Microsoft\WindowsApps;;C:\Users\miste\AppData\Local\Programs\Microsoft VS Code\bin
USERNAME=miste
OS=Windows_NT
PROCESSOR_IDENTIFIER=AMD64 Family 23 Model 24 Stepping 1, AuthenticAMD



---------------  S Y S T E M  ---------------

OS: Windows 10 , 64 bit Build 22000 (10.0.22000.434)
OS uptime: 18 days 1:02 hours
Hyper-V role detected

CPU:total 8 (initial active 8) (8 cores per cpu, 2 threads per core) family 23 model 24 stepping 1 microcode 0x0, cmov, cx8, fxsr, mmx, sse, sse2, sse3, ssse3, sse4.1, sse4.2, popcnt, avx, avx2, aes, clmul, mmxext, 3dnowpref, lzcnt, sse4a, ht, tsc, tscinvbit, tscinv, bmi1, bmi2, adx, s

Memory: 4k page, system-wide physical 6082M (106M free)
TotalPageFile size 16955M (AvailPageFile size 7M)
current process WorkingSet (physical memory assigned to process): 322M, peak: 322M
current process commit charge ("private bytes"): 360M, peak: 361M

vm_info: OpenJDK 64-Bit Server VM (11.0.11+9-b60-7590822) for windows-amd64 JRE (11.0.11+9-b60-7590822), built on Jul 29 2021 21:43:44 by "builder" with MS VC++ 14.0 (VS2015)

END.
