#
# There is insufficient memory for the Java Runtime Environment to continue.
# Native memory allocation (malloc) failed to allocate 1087776 bytes for Chunk::new
# Possible reasons:
#   The system is out of physical RAM or swap space
#   The process is running with CompressedOops enabled, and the Java Heap may be blocking the growth of the native heap
# Possible solutions:
#   Reduce memory load on the system
#   Increase physical memory or swap space
#   Check if swap backing store is full
#   Decrease Java heap size (-Xmx/-Xms)
#   Decrease number of Java threads
#   Decrease Java thread stack sizes (-Xss)
#   Set larger code cache with -XX:ReservedCodeCacheSize=
#   JVM is running with Unscaled Compressed Oops mode in which the Java heap is
#     placed in the first 4GB address space. The Java Heap base address is the
#     maximum limit for the native heap growth. Please use -XX:HeapBaseMinAddress
#     to set the Java Heap base and to place the Java Heap above 4GB virtual address.
# This output file may be truncated or incomplete.
#
#  Out of Memory Error (./src/hotspot/share/memory/arena.cpp:197), pid=2372, tid=7388
#
# JRE version: OpenJDK Runtime Environment (11.0.11+9) (build 11.0.11+9-b60-7590822)
# Java VM: OpenJDK 64-Bit Server VM (11.0.11+9-b60-7590822, mixed mode, tiered, compressed oops, g1 gc, windows-amd64)
# No core dump will be written. Minidumps are not enabled by default on client versions of Windows
#

---------------  S U M M A R Y ------------

Command Line: --add-opens=java.base/java.util=ALL-UNNAMED --add-opens=java.base/java.lang=ALL-UNNAMED --add-opens=java.base/java.lang.invoke=ALL-UNNAMED --add-opens=java.base/java.util=ALL-UNNAMED --add-opens=java.prefs/java.util.prefs=ALL-UNNAMED --add-opens=java.prefs/java.util.prefs=ALL-UNNAMED --add-opens=java.base/java.nio.charset=ALL-UNNAMED --add-opens=java.base/java.net=ALL-UNNAMED --add-opens=java.base/java.util.concurrent.atomic=ALL-UNNAMED -Xmx2048m -Dfile.encoding=UTF-8 -Duser.country=RU -Duser.language=ru -Duser.variant org.gradle.launcher.daemon.bootstrap.GradleDaemon 7.2

Host: AMD Ryzen 5 3500U with Radeon Vega Mobile Gfx  , 8 cores, 5G,  Windows 10 , 64 bit Build 22000 (10.0.22000.434)
Time: Wed Mar 30 13:35:44 2022 RTZ 2 (зима) elapsed time: 6.291651 seconds (0d 0h 0m 6s)

---------------  T H R E A D  ---------------

Current thread (0x0000020ed44bc000):  JavaThread "C2 CompilerThread0" daemon [_thread_in_native, id=7388, stack(0x0000001755a00000,0x0000001755b00000)]


Current CompileTask:
C2:   6291 2183       4       java.net.URLClassLoader$1::run (5 bytes)

Stack: [0x0000001755a00000,0x0000001755b00000]
Native frames: (J=compiled Java code, j=interpreted, Vv=VM code, C=native code)
V  [jvm.dll+0x5f214a]
V  [jvm.dll+0x726fb5]
V  [jvm.dll+0x7285cd]
V  [jvm.dll+0x728c83]
V  [jvm.dll+0x243278]
V  [jvm.dll+0xbc53c]
V  [jvm.dll+0xbca3c]
V  [jvm.dll+0x2b5c34]
V  [jvm.dll+0x508488]
V  [jvm.dll+0x203d53]
V  [jvm.dll+0x1fdbac]
V  [jvm.dll+0x1fb35f]
V  [jvm.dll+0x183d6c]
V  [jvm.dll+0x209a57]
V  [jvm.dll+0x2082a1]
V  [jvm.dll+0x6ef58f]
V  [jvm.dll+0x6e80b5]
V  [jvm.dll+0x5f1036]
C  [ucrtbase.dll+0x26c0c]
C  [KERNEL32.DLL+0x154e0]
C  [ntdll.dll+0x485b]


---------------  P R O C E S S  ---------------

Threads class SMR info:
_java_thread_list=0x0000020ed771b750, length=26, elements={
0x0000020eb7ebc000, 0x0000020ed4497000, 0x0000020ed44a2000, 0x0000020ed44b7000,
0x0000020ed44b8000, 0x0000020ed44b9000, 0x0000020ed44bc000, 0x0000020ed44ca000,
0x0000020ed44cd800, 0x0000020ed4fc8800, 0x0000020ed70b9800, 0x0000020ed6f39800,
0x0000020ed59e7800, 0x0000020ed666a800, 0x0000020ed5d9b800, 0x0000020ed6f27000,
0x0000020ed6f4d800, 0x0000020ed6f5f000, 0x0000020ed709f800, 0x0000020ed6f5c000,
0x0000020ed6f58000, 0x0000020ed6f5c800, 0x0000020ed6f58800, 0x0000020ed6f59800,
0x0000020ed6f5a000, 0x0000020ed6f57000
}

Java Threads: ( => current thread )
  0x0000020eb7ebc000 JavaThread "main" [_thread_blocked, id=7096, stack(0x0000001754e00000,0x0000001754f00000)]
  0x0000020ed4497000 JavaThread "Reference Handler" daemon [_thread_blocked, id=10092, stack(0x0000001755500000,0x0000001755600000)]
  0x0000020ed44a2000 JavaThread "Finalizer" daemon [_thread_blocked, id=10356, stack(0x0000001755600000,0x0000001755700000)]
  0x0000020ed44b7000 JavaThread "Signal Dispatcher" daemon [_thread_blocked, id=11480, stack(0x0000001755700000,0x0000001755800000)]
  0x0000020ed44b8000 JavaThread "Attach Listener" daemon [_thread_blocked, id=13528, stack(0x0000001755800000,0x0000001755900000)]
  0x0000020ed44b9000 JavaThread "Service Thread" daemon [_thread_blocked, id=14116, stack(0x0000001755900000,0x0000001755a00000)]
=>0x0000020ed44bc000 JavaThread "C2 CompilerThread0" daemon [_thread_in_native, id=7388, stack(0x0000001755a00000,0x0000001755b00000)]
  0x0000020ed44ca000 JavaThread "C1 CompilerThread0" daemon [_thread_blocked, id=1488, stack(0x0000001755b00000,0x0000001755c00000)]
  0x0000020ed44cd800 JavaThread "Sweeper thread" daemon [_thread_blocked, id=9872, stack(0x0000001755c00000,0x0000001755d00000)]
  0x0000020ed4fc8800 JavaThread "Common-Cleaner" daemon [_thread_blocked, id=13248, stack(0x0000001755d00000,0x0000001755e00000)]
  0x0000020ed70b9800 JavaThread "Daemon health stats" [_thread_blocked, id=15136, stack(0x0000001756000000,0x0000001756100000)]
  0x0000020ed6f39800 JavaThread "Incoming local TCP Connector on port 54551" [_thread_in_native, id=7356, stack(0x0000001756300000,0x0000001756400000)]
  0x0000020ed59e7800 JavaThread "Daemon periodic checks" [_thread_blocked, id=13500, stack(0x0000001756400000,0x0000001756500000)]
  0x0000020ed666a800 JavaThread "Daemon" [_thread_blocked, id=4072, stack(0x0000001756500000,0x0000001756600000)]
  0x0000020ed5d9b800 JavaThread "Handler for socket connection from /127.0.0.1:54551 to /127.0.0.1:54552" [_thread_in_native, id=16128, stack(0x0000001756600000,0x0000001756700000)]
  0x0000020ed6f27000 JavaThread "Cancel handler" [_thread_blocked, id=16600, stack(0x0000001756700000,0x0000001756800000)]
  0x0000020ed6f4d800 JavaThread "Daemon worker" [_thread_in_native, id=7400, stack(0x0000001756800000,0x0000001756900000)]
  0x0000020ed6f5f000 JavaThread "Asynchronous log dispatcher for DefaultDaemonConnection: socket connection from /127.0.0.1:54551 to /127.0.0.1:54552" [_thread_blocked, id=5116, stack(0x0000001756900000,0x0000001756a00000)]
  0x0000020ed709f800 JavaThread "Stdin handler" [_thread_blocked, id=14476, stack(0x0000001756a00000,0x0000001756b00000)]
  0x0000020ed6f5c000 JavaThread "Daemon client event forwarder" [_thread_blocked, id=5480, stack(0x0000001756b00000,0x0000001756c00000)]
  0x0000020ed6f58000 JavaThread "Cache worker for journal cache (C:\Users\miste\.gradle\caches\journal-1)" [_thread_blocked, id=10832, stack(0x0000001756c00000,0x0000001756d00000)]
  0x0000020ed6f5c800 JavaThread "File lock request listener" [_thread_in_native, id=8220, stack(0x0000001756d00000,0x0000001756e00000)]
  0x0000020ed6f58800 JavaThread "Cache worker for file hash cache (C:\Users\miste\.gradle\caches\7.2\fileHashes)" [_thread_blocked, id=9520, stack(0x0000001756e00000,0x0000001756f00000)]
  0x0000020ed6f59800 JavaThread "Cache worker for file hash cache (C:\Users\miste\AndroidStudioProjects\Traintable\.gradle\7.2\fileHashes)" [_thread_blocked, id=3208, stack(0x0000001757400000,0x0000001757500000)]
  0x0000020ed6f5a000 JavaThread "File watcher server" daemon [_thread_in_native, id=15056, stack(0x0000001757500000,0x0000001757600000)]
  0x0000020ed6f57000 JavaThread "File watcher consumer" daemon [_thread_blocked, id=15020, stack(0x0000001757600000,0x0000001757700000)]

Other Threads:
  0x0000020ed4493800 VMThread "VM Thread" [stack: 0x0000001755400000,0x0000001755500000] [id=15180]
  0x0000020ed4fe6800 WatcherThread [stack: 0x0000001755e00000,0x0000001755f00000] [id=772]
  0x0000020eb80b4000 GCTaskThread "GC Thread#0" [stack: 0x0000001754f00000,0x0000001755000000] [id=13108]
  0x0000020ed5d60800 GCTaskThread "GC Thread#1" [stack: 0x0000001755f00000,0x0000001756000000] [id=6736]
  0x0000020ed6f65000 GCTaskThread "GC Thread#2" [stack: 0x0000001756100000,0x0000001756200000] [id=8652]
  0x0000020ed70b0800 GCTaskThread "GC Thread#3" [stack: 0x0000001756200000,0x0000001756300000] [id=11228]
  0x0000020ed7397800 GCTaskThread "GC Thread#4" [stack: 0x0000001756f00000,0x0000001757000000] [id=304]
  0x0000020ed7098000 GCTaskThread "GC Thread#5" [stack: 0x0000001757000000,0x0000001757100000] [id=15796]
  0x0000020ed731f000 GCTaskThread "GC Thread#6" [stack: 0x0000001757100000,0x0000001757200000] [id=1476]
  0x0000020ed73fc800 GCTaskThread "GC Thread#7" [stack: 0x0000001757200000,0x0000001757300000] [id=5380]
  0x0000020eb80e9800 ConcurrentGCThread "G1 Main Marker" [stack: 0x0000001755000000,0x0000001755100000] [id=1112]
  0x0000020eb80ea800 ConcurrentGCThread "G1 Conc#0" [stack: 0x0000001755100000,0x0000001755200000] [id=8348]
  0x0000020ed746b800 ConcurrentGCThread "G1 Conc#1" [stack: 0x0000001757300000,0x0000001757400000] [id=4392]
  0x0000020eb8173800 ConcurrentGCThread "G1 Refine#0" [stack: 0x0000001755200000,0x0000001755300000] [id=11636]
  0x0000020eb8175000 ConcurrentGCThread "G1 Young RemSet Sampling" [stack: 0x0000001755300000,0x0000001755400000] [id=2536]

Threads with active compile tasks:
C2 CompilerThread0   6339 2183       4       java.net.URLClassLoader$1::run (5 bytes)

VM state:not at safepoint (normal execution)

VM Mutex/Monitor currently owned by a thread: None

Heap address: 0x0000000080000000, size: 2048 MB, Compressed Oops mode: 32-bit
Narrow klass base: 0x0000000000000000, Narrow klass shift: 3
Compressed class space size: 1073741824 Address: 0x0000000100000000

Heap:
 garbage-first heap   total 98304K, used 24815K [0x0000000080000000, 0x0000000100000000)
  region size 1024K, 11 young (11264K), 4 survivors (4096K)
 Metaspace       used 26066K, capacity 26712K, committed 26928K, reserved 1073152K
  class space    used 3405K, capacity 3617K, committed 3712K, reserved 1048576K
Heap Regions: E=young(eden), S=young(survivor), O=old, HS=humongous(starts), HC=humongous(continues), CS=collection set, F=free, A=archive, TAMS=top-at-mark-start (previous, next)
|   0|0x0000000080000000, 0x0000000080100000, 0x0000000080100000|100%| O|  |TAMS 0x0000000080100000, 0x0000000080000000| Untracked 
|   1|0x0000000080100000, 0x0000000080200000, 0x0000000080200000|100%| O|  |TAMS 0x0000000080200000, 0x0000000080100000| Untracked 
|   2|0x0000000080200000, 0x0000000080300000, 0x0000000080300000|100%| O|  |TAMS 0x0000000080300000, 0x0000000080200000| Untracked 
|   3|0x0000000080300000, 0x0000000080400000, 0x0000000080400000|100%|HS|  |TAMS 0x0000000080400000, 0x0000000080300000| Complete 
|   4|0x0000000080400000, 0x0000000080500000, 0x0000000080500000|100%|HC|  |TAMS 0x0000000080500000, 0x0000000080400000| Complete 
|   5|0x0000000080500000, 0x0000000080600000, 0x0000000080600000|100%|HC|  |TAMS 0x0000000080600000, 0x0000000080500000| Complete 
|   6|0x0000000080600000, 0x0000000080700000, 0x0000000080700000|100%| O|  |TAMS 0x0000000080700000, 0x0000000080600000| Untracked 
|   7|0x0000000080700000, 0x0000000080800000, 0x0000000080800000|100%| O|  |TAMS 0x0000000080800000, 0x0000000080700000| Untracked 
|   8|0x0000000080800000, 0x0000000080900000, 0x0000000080900000|100%| O|  |TAMS 0x0000000080900000, 0x0000000080800000| Untracked 
|   9|0x0000000080900000, 0x0000000080a00000, 0x0000000080a00000|100%| O|  |TAMS 0x0000000080a00000, 0x0000000080900000| Untracked 
|  10|0x0000000080a00000, 0x0000000080b00000, 0x0000000080b00000|100%| O|  |TAMS 0x0000000080b00000, 0x0000000080a00000| Untracked 
|  11|0x0000000080b00000, 0x0000000080c00000, 0x0000000080c00000|100%| O|  |TAMS 0x0000000080c00000, 0x0000000080b00000| Untracked 
|  12|0x0000000080c00000, 0x0000000080d00000, 0x0000000080d00000|100%| O|  |TAMS 0x0000000080d00000, 0x0000000080c00000| Untracked 
|  13|0x0000000080d00000, 0x0000000080e00000, 0x0000000080e00000|100%| O|  |TAMS 0x0000000080e00000, 0x0000000080d00000| Untracked 
|  14|0x0000000080e00000, 0x0000000080e6d200, 0x0000000080f00000| 42%| O|  |TAMS 0x0000000080e6d200, 0x0000000080e00000| Untracked 
|  15|0x0000000080f00000, 0x0000000080f00000, 0x0000000081000000|  0%| F|  |TAMS 0x0000000080f00000, 0x0000000080f00000| Untracked 
|  16|0x0000000081000000, 0x0000000081000000, 0x0000000081100000|  0%| F|  |TAMS 0x0000000081000000, 0x0000000081000000| Untracked 
|  17|0x0000000081100000, 0x0000000081100000, 0x0000000081200000|  0%| F|  |TAMS 0x0000000081100000, 0x0000000081100000| Untracked 
|  18|0x0000000081200000, 0x0000000081200000, 0x0000000081300000|  0%| F|  |TAMS 0x0000000081200000, 0x0000000081200000| Untracked 
|  19|0x0000000081300000, 0x0000000081300000, 0x0000000081400000|  0%| F|  |TAMS 0x0000000081300000, 0x0000000081300000| Untracked 
|  20|0x0000000081400000, 0x0000000081400000, 0x0000000081500000|  0%| F|  |TAMS 0x0000000081400000, 0x0000000081400000| Untracked 
|  21|0x0000000081500000, 0x0000000081500000, 0x0000000081600000|  0%| F|  |TAMS 0x0000000081500000, 0x0000000081500000| Untracked 
|  22|0x0000000081600000, 0x0000000081600000, 0x0000000081700000|  0%| F|  |TAMS 0x0000000081600000, 0x0000000081600000| Untracked 
|  23|0x0000000081700000, 0x0000000081700000, 0x0000000081800000|  0%| F|  |TAMS 0x0000000081700000, 0x0000000081700000| Untracked 
|  24|0x0000000081800000, 0x0000000081800000, 0x0000000081900000|  0%| F|  |TAMS 0x0000000081800000, 0x0000000081800000| Untracked 
|  25|0x0000000081900000, 0x0000000081900000, 0x0000000081a00000|  0%| F|  |TAMS 0x0000000081900000, 0x0000000081900000| Untracked 
|  26|0x0000000081a00000, 0x0000000081a00000, 0x0000000081b00000|  0%| F|  |TAMS 0x0000000081a00000, 0x0000000081a00000| Untracked 
|  27|0x0000000081b00000, 0x0000000081b00000, 0x0000000081c00000|  0%| F|  |TAMS 0x0000000081b00000, 0x0000000081b00000| Untracked 
|  28|0x0000000081c00000, 0x0000000081c00000, 0x0000000081d00000|  0%| F|  |TAMS 0x0000000081c00000, 0x0000000081c00000| Untracked 
|  29|0x0000000081d00000, 0x0000000081d00000, 0x0000000081e00000|  0%| F|  |TAMS 0x0000000081d00000, 0x0000000081d00000| Untracked 
|  30|0x0000000081e00000, 0x0000000081e00000, 0x0000000081f00000|  0%| F|  |TAMS 0x0000000081e00000, 0x0000000081e00000| Untracked 
|  31|0x0000000081f00000, 0x0000000081f00000, 0x0000000082000000|  0%| F|  |TAMS 0x0000000081f00000, 0x0000000081f00000| Untracked 
|  32|0x0000000082000000, 0x0000000082000000, 0x0000000082100000|  0%| F|  |TAMS 0x0000000082000000, 0x0000000082000000| Untracked 
|  33|0x0000000082100000, 0x0000000082100000, 0x0000000082200000|  0%| F|  |TAMS 0x0000000082100000, 0x0000000082100000| Untracked 
|  34|0x0000000082200000, 0x0000000082200000, 0x0000000082300000|  0%| F|  |TAMS 0x0000000082200000, 0x0000000082200000| Untracked 
|  35|0x0000000082300000, 0x0000000082300000, 0x0000000082400000|  0%| F|  |TAMS 0x0000000082300000, 0x0000000082300000| Untracked 
|  36|0x0000000082400000, 0x0000000082400000, 0x0000000082500000|  0%| F|  |TAMS 0x0000000082400000, 0x0000000082400000| Untracked 
|  37|0x0000000082500000, 0x0000000082500000, 0x0000000082600000|  0%| F|  |TAMS 0x0000000082500000, 0x0000000082500000| Untracked 
|  38|0x0000000082600000, 0x0000000082600000, 0x0000000082700000|  0%| F|  |TAMS 0x0000000082600000, 0x0000000082600000| Untracked 
|  39|0x0000000082700000, 0x0000000082700000, 0x0000000082800000|  0%| F|  |TAMS 0x0000000082700000, 0x0000000082700000| Untracked 
|  40|0x0000000082800000, 0x0000000082800000, 0x0000000082900000|  0%| F|  |TAMS 0x0000000082800000, 0x0000000082800000| Untracked 
|  41|0x0000000082900000, 0x0000000082900000, 0x0000000082a00000|  0%| F|  |TAMS 0x0000000082900000, 0x0000000082900000| Untracked 
|  42|0x0000000082a00000, 0x0000000082a00000, 0x0000000082b00000|  0%| F|  |TAMS 0x0000000082a00000, 0x0000000082a00000| Untracked 
|  43|0x0000000082b00000, 0x0000000082b00000, 0x0000000082c00000|  0%| F|  |TAMS 0x0000000082b00000, 0x0000000082b00000| Untracked 
|  44|0x0000000082c00000, 0x0000000082ccebf8, 0x0000000082d00000| 80%| S|CS|TAMS 0x0000000082c00000, 0x0000000082c00000| Complete 
|  45|0x0000000082d00000, 0x0000000082e00000, 0x0000000082e00000|100%| S|CS|TAMS 0x0000000082d00000, 0x0000000082d00000| Complete 
|  46|0x0000000082e00000, 0x0000000082f00000, 0x0000000082f00000|100%| S|CS|TAMS 0x0000000082e00000, 0x0000000082e00000| Complete 
|  47|0x0000000082f00000, 0x0000000083000000, 0x0000000083000000|100%| S|CS|TAMS 0x0000000082f00000, 0x0000000082f00000| Complete 
|  48|0x0000000083000000, 0x0000000083000000, 0x0000000083100000|  0%| F|  |TAMS 0x0000000083000000, 0x0000000083000000| Untracked 
|  49|0x0000000083100000, 0x0000000083100000, 0x0000000083200000|  0%| F|  |TAMS 0x0000000083100000, 0x0000000083100000| Untracked 
|  50|0x0000000083200000, 0x0000000083200000, 0x0000000083300000|  0%| F|  |TAMS 0x0000000083200000, 0x0000000083200000| Untracked 
|  51|0x0000000083300000, 0x0000000083300000, 0x0000000083400000|  0%| F|  |TAMS 0x0000000083300000, 0x0000000083300000| Untracked 
|  52|0x0000000083400000, 0x0000000083400000, 0x0000000083500000|  0%| F|  |TAMS 0x0000000083400000, 0x0000000083400000| Untracked 
|  53|0x0000000083500000, 0x0000000083500000, 0x0000000083600000|  0%| F|  |TAMS 0x0000000083500000, 0x0000000083500000| Untracked 
|  54|0x0000000083600000, 0x0000000083600000, 0x0000000083700000|  0%| F|  |TAMS 0x0000000083600000, 0x0000000083600000| Untracked 
|  55|0x0000000083700000, 0x0000000083700000, 0x0000000083800000|  0%| F|  |TAMS 0x0000000083700000, 0x0000000083700000| Untracked 
|  56|0x0000000083800000, 0x0000000083800000, 0x0000000083900000|  0%| F|  |TAMS 0x0000000083800000, 0x0000000083800000| Untracked 
|  57|0x0000000083900000, 0x0000000083900000, 0x0000000083a00000|  0%| F|  |TAMS 0x0000000083900000, 0x0000000083900000| Untracked 
|  58|0x0000000083a00000, 0x0000000083a00000, 0x0000000083b00000|  0%| F|  |TAMS 0x0000000083a00000, 0x0000000083a00000| Untracked 
|  59|0x0000000083b00000, 0x0000000083b00000, 0x0000000083c00000|  0%| F|  |TAMS 0x0000000083b00000, 0x0000000083b00000| Untracked 
|  60|0x0000000083c00000, 0x0000000083c00000, 0x0000000083d00000|  0%| F|  |TAMS 0x0000000083c00000, 0x0000000083c00000| Untracked 
|  61|0x0000000083d00000, 0x0000000083d00000, 0x0000000083e00000|  0%| F|  |TAMS 0x0000000083d00000, 0x0000000083d00000| Untracked 
|  62|0x0000000083e00000, 0x0000000083e00000, 0x0000000083f00000|  0%| F|  |TAMS 0x0000000083e00000, 0x0000000083e00000| Untracked 
|  63|0x0000000083f00000, 0x0000000083f00000, 0x0000000084000000|  0%| F|  |TAMS 0x0000000083f00000, 0x0000000083f00000| Untracked 
|  64|0x0000000084000000, 0x0000000084000000, 0x0000000084100000|  0%| F|  |TAMS 0x0000000084000000, 0x0000000084000000| Untracked 
|  65|0x0000000084100000, 0x0000000084100000, 0x0000000084200000|  0%| F|  |TAMS 0x0000000084100000, 0x0000000084100000| Untracked 
|  66|0x0000000084200000, 0x0000000084200000, 0x0000000084300000|  0%| F|  |TAMS 0x0000000084200000, 0x0000000084200000| Untracked 
|  67|0x0000000084300000, 0x0000000084300000, 0x0000000084400000|  0%| F|  |TAMS 0x0000000084300000, 0x0000000084300000| Untracked 
|  68|0x0000000084400000, 0x0000000084400000, 0x0000000084500000|  0%| F|  |TAMS 0x0000000084400000, 0x0000000084400000| Untracked 
|  69|0x0000000084500000, 0x0000000084500000, 0x0000000084600000|  0%| F|  |TAMS 0x0000000084500000, 0x0000000084500000| Untracked 
|  70|0x0000000084600000, 0x0000000084600000, 0x0000000084700000|  0%| F|  |TAMS 0x0000000084600000, 0x0000000084600000| Untracked 
|  71|0x0000000084700000, 0x0000000084700000, 0x0000000084800000|  0%| F|  |TAMS 0x0000000084700000, 0x0000000084700000| Untracked 
|  72|0x0000000084800000, 0x0000000084800000, 0x0000000084900000|  0%| F|  |TAMS 0x0000000084800000, 0x0000000084800000| Untracked 
|  73|0x0000000084900000, 0x0000000084900000, 0x0000000084a00000|  0%| F|  |TAMS 0x0000000084900000, 0x0000000084900000| Untracked 
|  74|0x0000000084a00000, 0x0000000084a00000, 0x0000000084b00000|  0%| F|  |TAMS 0x0000000084a00000, 0x0000000084a00000| Untracked 
|  75|0x0000000084b00000, 0x0000000084b00000, 0x0000000084c00000|  0%| F|  |TAMS 0x0000000084b00000, 0x0000000084b00000| Untracked 
|  76|0x0000000084c00000, 0x0000000084c00000, 0x0000000084d00000|  0%| F|  |TAMS 0x0000000084c00000, 0x0000000084c00000| Untracked 
|  77|0x0000000084d00000, 0x0000000084d00000, 0x0000000084e00000|  0%| F|  |TAMS 0x0000000084d00000, 0x0000000084d00000| Untracked 
|  78|0x0000000084e00000, 0x0000000084e00000, 0x0000000084f00000|  0%| F|  |TAMS 0x0000000084e00000, 0x0000000084e00000| Untracked 
|  79|0x0000000084f00000, 0x0000000084f00000, 0x0000000085000000|  0%| F|  |TAMS 0x0000000084f00000, 0x0000000084f00000| Untracked 
|  80|0x0000000085000000, 0x0000000085000000, 0x0000000085100000|  0%| F|  |TAMS 0x0000000085000000, 0x0000000085000000| Untracked 
|  81|0x0000000085100000, 0x0000000085100000, 0x0000000085200000|  0%| F|  |TAMS 0x0000000085100000, 0x0000000085100000| Untracked 
|  82|0x0000000085200000, 0x0000000085200000, 0x0000000085300000|  0%| F|  |TAMS 0x0000000085200000, 0x0000000085200000| Untracked 
|  83|0x0000000085300000, 0x0000000085300000, 0x0000000085400000|  0%| F|  |TAMS 0x0000000085300000, 0x0000000085300000| Untracked 
|  84|0x0000000085400000, 0x0000000085400000, 0x0000000085500000|  0%| F|  |TAMS 0x0000000085400000, 0x0000000085400000| Untracked 
|  85|0x0000000085500000, 0x0000000085500000, 0x0000000085600000|  0%| F|  |TAMS 0x0000000085500000, 0x0000000085500000| Untracked 
|  86|0x0000000085600000, 0x0000000085600000, 0x0000000085700000|  0%| F|  |TAMS 0x0000000085600000, 0x0000000085600000| Untracked 
|  87|0x0000000085700000, 0x0000000085700000, 0x0000000085800000|  0%| F|  |TAMS 0x0000000085700000, 0x0000000085700000| Untracked 
|  88|0x0000000085800000, 0x0000000085800000, 0x0000000085900000|  0%| F|  |TAMS 0x0000000085800000, 0x0000000085800000| Untracked 
|  89|0x0000000085900000, 0x0000000085980800, 0x0000000085a00000| 50%| E|  |TAMS 0x0000000085900000, 0x0000000085900000| Complete 
|  90|0x0000000085a00000, 0x0000000085b00000, 0x0000000085b00000|100%| E|CS|TAMS 0x0000000085a00000, 0x0000000085a00000| Complete 
|  91|0x0000000085b00000, 0x0000000085c00000, 0x0000000085c00000|100%| E|CS|TAMS 0x0000000085b00000, 0x0000000085b00000| Complete 
|  92|0x0000000085c00000, 0x0000000085d00000, 0x0000000085d00000|100%| E|CS|TAMS 0x0000000085c00000, 0x0000000085c00000| Complete 
|  93|0x0000000085d00000, 0x0000000085e00000, 0x0000000085e00000|100%| E|CS|TAMS 0x0000000085d00000, 0x0000000085d00000| Complete 
|  94|0x0000000085e00000, 0x0000000085f00000, 0x0000000085f00000|100%| E|CS|TAMS 0x0000000085e00000, 0x0000000085e00000| Complete 
|  95|0x0000000085f00000, 0x0000000086000000, 0x0000000086000000|100%| E|CS|TAMS 0x0000000085f00000, 0x0000000085f00000| Complete 

Card table byte_map: [0x0000020ecd1e0000,0x0000020ecd5e0000] _byte_map_base: 0x0000020eccde0000

Marking Bits (Prev, Next): (CMBitMap*) 0x0000020eb80e0880, (CMBitMap*) 0x0000020eb80e0848
 Prev Bits: [0x0000020ecf9e0000, 0x0000020ed19e0000)
 Next Bits: [0x0000020ecd9e0000, 0x0000020ecf9e0000)

Polling page: 0x0000020eb8180000

Metaspace:

Usage:
  Non-class:     22.55 MB capacity,    22.15 MB ( 98%) used,   364.44 KB (  2%) free+waste,    48.81 KB ( <1%) overhead. 
      Class:      3.53 MB capacity,     3.33 MB ( 94%) used,   185.63 KB (  5%) free+waste,    24.44 KB ( <1%) overhead. 
       Both:     26.09 MB capacity,    25.48 MB ( 98%) used,   550.06 KB (  2%) free+waste,    73.25 KB ( <1%) overhead. 

Virtual space:
  Non-class space:       24.00 MB reserved,      22.67 MB ( 94%) committed 
      Class space:        1.00 GB reserved,       3.63 MB ( <1%) committed 
             Both:        1.02 GB reserved,      26.30 MB (  3%) committed 

Chunk freelists:
   Non-Class:  57.00 KB
       Class:  31.00 KB
        Both:  88.00 KB

MaxMetaspaceSize: 17179869184.00 GB
CompressedClassSpaceSize: 1.00 GB

CodeHeap 'non-profiled nmethods': size=120000Kb used=1004Kb max_used=1004Kb free=118995Kb
 bounds [0x0000020ec4e40000, 0x0000020ec50b0000, 0x0000020ecc370000]
CodeHeap 'profiled nmethods': size=120000Kb used=4770Kb max_used=4770Kb free=115229Kb
 bounds [0x0000020ebd910000, 0x0000020ebddc0000, 0x0000020ec4e40000]
CodeHeap 'non-nmethods': size=5760Kb used=1160Kb max_used=1185Kb free=4599Kb
 bounds [0x0000020ebd370000, 0x0000020ebd5e0000, 0x0000020ebd910000]
 total_blobs=2719 nmethods=2217 adapters=413
 compilation: enabled
              stopped_count=0, restarted_count=0
 full_count=0

Compilation events (20 events):
Event: 6.204 Thread 0x0000020ed44ca000 2222       3       org.gradle.api.internal.file.pattern.PatternMatcherFactory::compile (117 bytes)
Event: 6.205 Thread 0x0000020ed44ca000 nmethod 2222 0x0000020ebdda1490 code [0x0000020ebdda1740, 0x0000020ebdda23d8]
Event: 6.232 Thread 0x0000020ed44ca000 2224       3       java.lang.invoke.MemberName::<init> (131 bytes)
Event: 6.234 Thread 0x0000020ed44ca000 nmethod 2224 0x0000020ebdda2790 code [0x0000020ebdda2ae0, 0x0000020ebdda3ed8]
Event: 6.234 Thread 0x0000020ed44ca000 2225       3       jdk.internal.org.objectweb.asm.ClassWriter::<init> (117 bytes)
Event: 6.235 Thread 0x0000020ed44ca000 nmethod 2225 0x0000020ebdda4490 code [0x0000020ebdda4720, 0x0000020ebdda5348]
Event: 6.235 Thread 0x0000020ed44ca000 2227       3       jdk.internal.org.objectweb.asm.ClassWriter::toByteArray (1423 bytes)
Event: 6.241 Thread 0x0000020ed44ca000 nmethod 2227 0x0000020ebdda5610 code [0x0000020ebdda5f20, 0x0000020ebdda9cc8]
Event: 6.241 Thread 0x0000020ed44ca000 2230   !   3       java.util.concurrent.ConcurrentHashMap::putVal (432 bytes)
Event: 6.244 Thread 0x0000020ed44ca000 nmethod 2230 0x0000020ebddab510 code [0x0000020ebddab8a0, 0x0000020ebddad9d8]
Event: 6.244 Thread 0x0000020ed44ca000 2226       3       jdk.internal.org.objectweb.asm.ClassVisitor::<init> (7 bytes)
Event: 6.244 Thread 0x0000020ed44ca000 nmethod 2226 0x0000020ebddae490 code [0x0000020ebddae660, 0x0000020ebddae988]
Event: 6.244 Thread 0x0000020ed44ca000 2228       3       java.lang.invoke.MemberName::hashCode (43 bytes)
Event: 6.245 Thread 0x0000020ed44ca000 nmethod 2228 0x0000020ebddaea90 code [0x0000020ebddaed00, 0x0000020ebddaf9a8]
Event: 6.251 Thread 0x0000020ed44ca000 2231       3       java.util.concurrent.ConcurrentHashMap::remove (8 bytes)
Event: 6.251 Thread 0x0000020ed44ca000 nmethod 2231 0x0000020ebddafd10 code [0x0000020ebddafec0, 0x0000020ebddb0008]
Event: 6.262 Thread 0x0000020ed44ca000 2232   !   3       java.lang.invoke.MethodHandleNatives::linkMethodHandleConstant (50 bytes)
Event: 6.263 Thread 0x0000020ed44ca000 nmethod 2232 0x0000020ebddb0090 code [0x0000020ebddb0260, 0x0000020ebddb0448]
Event: 6.263 Thread 0x0000020ed44ca000 2233       3       java.lang.invoke.MethodHandles$Lookup::linkMethodHandleConstant (220 bytes)
Event: 6.266 Thread 0x0000020ed44ca000 nmethod 2233 0x0000020ebddb0610 code [0x0000020ebddb0a00, 0x0000020ebddb2598]

GC Heap History (8 events):
Event: 1.619 GC heap before
{Heap before GC invocations=0 (full 0):
 garbage-first heap   total 98304K, used 29696K [0x0000000080000000, 0x0000000100000000)
  region size 1024K, 24 young (24576K), 0 survivors (0K)
 Metaspace       used 10262K, capacity 10565K, committed 10624K, reserved 1058816K
  class space    used 1072K, capacity 1139K, committed 1152K, reserved 1048576K
}
Event: 1.634 GC heap after
{Heap after GC invocations=1 (full 0):
 garbage-first heap   total 98304K, used 9281K [0x0000000080000000, 0x0000000100000000)
  region size 1024K, 3 young (3072K), 3 survivors (3072K)
 Metaspace       used 10262K, capacity 10565K, committed 10624K, reserved 1058816K
  class space    used 1072K, capacity 1139K, committed 1152K, reserved 1048576K
}
Event: 3.190 GC heap before
{Heap before GC invocations=1 (full 0):
 garbage-first heap   total 98304K, used 64577K [0x0000000080000000, 0x0000000100000000)
  region size 1024K, 57 young (58368K), 3 survivors (3072K)
 Metaspace       used 13949K, capacity 14345K, committed 14464K, reserved 1062912K
  class space    used 1553K, capacity 1654K, committed 1664K, reserved 1048576K
}
Event: 3.203 GC heap after
{Heap after GC invocations=2 (full 0):
 garbage-first heap   total 98304K, used 14881K [0x0000000080000000, 0x0000000100000000)
  region size 1024K, 8 young (8192K), 8 survivors (8192K)
 Metaspace       used 13949K, capacity 14345K, committed 14464K, reserved 1062912K
  class space    used 1553K, capacity 1654K, committed 1664K, reserved 1048576K
}
Event: 5.143 GC heap before
{Heap before GC invocations=2 (full 0):
 garbage-first heap   total 98304K, used 56865K [0x0000000080000000, 0x0000000100000000)
  region size 1024K, 50 young (51200K), 8 survivors (8192K)
 Metaspace       used 20662K, capacity 21116K, committed 21296K, reserved 1069056K
  class space    used 2533K, capacity 2660K, committed 2688K, reserved 1048576K
}
Event: 5.161 GC heap after
{Heap after GC invocations=3 (full 0):
 garbage-first heap   total 98304K, used 17036K [0x0000000080000000, 0x0000000100000000)
  region size 1024K, 3 young (3072K), 3 survivors (3072K)
 Metaspace       used 20662K, capacity 21116K, committed 21296K, reserved 1069056K
  class space    used 2533K, capacity 2660K, committed 2688K, reserved 1048576K
}
Event: 6.167 GC heap before
{Heap before GC invocations=4 (full 0):
 garbage-first heap   total 98304K, used 63116K [0x0000000080000000, 0x0000000100000000)
  region size 1024K, 48 young (49152K), 3 survivors (3072K)
 Metaspace       used 25346K, capacity 25978K, committed 26288K, reserved 1073152K
  class space    used 3293K, capacity 3499K, committed 3584K, reserved 1048576K
}
Event: 6.173 GC heap after
{Heap after GC invocations=5 (full 0):
 garbage-first heap   total 98304K, used 18671K [0x0000000080000000, 0x0000000100000000)
  region size 1024K, 4 young (4096K), 4 survivors (4096K)
 Metaspace       used 25346K, capacity 25978K, committed 26288K, reserved 1073152K
  class space    used 3293K, capacity 3499K, committed 3584K, reserved 1048576K
}

Deoptimization events (20 events):
Event: 5.716 Thread 0x0000020ed6f4d800 Uncommon trap: trap_request=0xffffff4d fr.pc=0x0000020ec4eda130 relative=0x0000000000000270
Event: 5.716 Thread 0x0000020ed6f4d800 Uncommon trap: reason=unstable_if action=reinterpret pc=0x0000020ec4eda130 method=java.util.concurrent.ConcurrentHashMap.get(Ljava/lang/Object;)Ljava/lang/Object; @ 152 c2
Event: 5.716 Thread 0x0000020ed6f4d800 DEOPT PACKING pc=0x0000020ec4eda130 sp=0x00000017568f96e0
Event: 5.716 Thread 0x0000020ed6f4d800 DEOPT UNPACKING pc=0x0000020ebd39662f sp=0x00000017568f9648 mode 2
Event: 6.196 Thread 0x0000020ed6f4d800 Uncommon trap: trap_request=0xffffff7e fr.pc=0x0000020ec4f371a0 relative=0x0000000000000160
Event: 6.196 Thread 0x0000020ed6f4d800 Uncommon trap: reason=predicate action=maybe_recompile pc=0x0000020ec4f371a0 method=com.google.common.base.CharMatcher.indexIn(Ljava/lang/CharSequence;I)I @ 19 c2
Event: 6.196 Thread 0x0000020ed6f4d800 DEOPT PACKING pc=0x0000020ec4f371a0 sp=0x00000017568fb440
Event: 6.196 Thread 0x0000020ed6f4d800 DEOPT UNPACKING pc=0x0000020ebd39662f sp=0x00000017568fb3d0 mode 2
Event: 6.214 Thread 0x0000020ed6f4d800 Uncommon trap: trap_request=0xffffff4d fr.pc=0x0000020ec4edc26c relative=0x000000000000142c
Event: 6.214 Thread 0x0000020ed6f4d800 Uncommon trap: reason=unstable_if action=reinterpret pc=0x0000020ec4edc26c method=java.util.concurrent.ConcurrentHashMap.putVal(Ljava/lang/Object;Ljava/lang/Object;Z)Ljava/lang/Object; @ 231 c2
Event: 6.214 Thread 0x0000020ed6f4d800 DEOPT PACKING pc=0x0000020ec4edc26c sp=0x00000017568fc4b0
Event: 6.214 Thread 0x0000020ed6f4d800 DEOPT UNPACKING pc=0x0000020ebd39662f sp=0x00000017568fc430 mode 2
Event: 6.251 Thread 0x0000020ed6f4d800 Uncommon trap: trap_request=0xffffffde fr.pc=0x0000020ec4f361e0 relative=0x0000000000000320
Event: 6.251 Thread 0x0000020ed6f4d800 Uncommon trap: reason=class_check action=maybe_recompile pc=0x0000020ec4f361e0 method=java.util.Collections$SetFromMap.remove(Ljava/lang/Object;)Z @ 5 c2
Event: 6.251 Thread 0x0000020ed6f4d800 DEOPT PACKING pc=0x0000020ec4f361e0 sp=0x00000017568fc4a0
Event: 6.251 Thread 0x0000020ed6f4d800 DEOPT UNPACKING pc=0x0000020ebd39662f sp=0x00000017568fc488 mode 2
Event: 6.251 Thread 0x0000020ed6f4d800 Uncommon trap: trap_request=0xffffffde fr.pc=0x0000020ec4f361e0 relative=0x0000000000000320
Event: 6.251 Thread 0x0000020ed6f4d800 Uncommon trap: reason=class_check action=maybe_recompile pc=0x0000020ec4f361e0 method=java.util.Collections$SetFromMap.remove(Ljava/lang/Object;)Z @ 5 c2
Event: 6.251 Thread 0x0000020ed6f4d800 DEOPT PACKING pc=0x0000020ec4f361e0 sp=0x00000017568fc430
Event: 6.251 Thread 0x0000020ed6f4d800 DEOPT UNPACKING pc=0x0000020ebd39662f sp=0x00000017568fc418 mode 2

Classes redefined (0 events):
No events

Internal exceptions (20 events):
Event: 4.481 Thread 0x0000020ed6f4d800 Exception <a 'java/lang/NoSuchMethodError'{0x000000008549ee10}: 'void java.lang.invoke.DelegatingMethodHandle$Holder.reinvoke_L(java.lang.Object, java.lang.Object, java.lang.Object, java.lang.Object)'> (0x000000008549ee10) thrown at [./src/hotspot/share/interpreter/linkResolver.cpp, line 773]
Event: 4.489 Thread 0x0000020ed6f4d800 Exception <a 'java/lang/NoSuchMethodError'{0x00000000854cfd18}: 'long java.lang.invoke.DirectMethodHandle$Holder.invokeInterface(java.lang.Object, java.lang.Object)'> (0x00000000854cfd18) thrown at [./src/hotspot/share/interpreter/linkResolver.cpp, line 773]
Event: 4.494 Thread 0x0000020ed6f4d800 Exception <a 'java/lang/NoSuchMethodError'{0x00000000854f38a0}: 'void java.lang.invoke.DelegatingMethodHandle$Holder.reinvoke_L(java.lang.Object, java.lang.Object, java.lang.Object, java.lang.Object, java.lang.Object, java.lang.Object, java.lang.Object)'> (0x00000000854f38a0) thrown at [./src/hotspot/share/interpreter/linkResolver.cpp, line 773]
Event: 4.968 Thread 0x0000020ed6f4d800 Exception <a 'java/lang/NoSuchMethodError'{0x0000000083b30c10}: 'void java.lang.invoke.DirectMethodHandle$Holder.invokeStaticInit(java.lang.Object)'> (0x0000000083b30c10) thrown at [./src/hotspot/share/interpreter/linkResolver.cpp, line 773]
Event: 5.034 Thread 0x0000020ed6f4d800 Exception <a 'java/lang/NoSuchMethodError'{0x0000000083951cd0}: 'java.lang.Object java.lang.invoke.DirectMethodHandle$Holder.invokeStatic(java.lang.Object, java.lang.Object, java.lang.Object, int)'> (0x0000000083951cd0) thrown at [./src/hotspot/share/interpreter/linkResolver.cpp, line 773]
Event: 5.035 Thread 0x0000020ed6f4d800 Exception <a 'java/lang/NoSuchMethodError'{0x0000000083956140}: 'java.lang.Object java.lang.invoke.DirectMethodHandle$Holder.invokeSpecial(java.lang.Object, java.lang.Object, java.lang.Object, java.lang.Object, int)'> (0x0000000083956140) thrown at [./src/hotspot/share/interpreter/linkResolver.cpp, line 773]
Event: 5.035 Thread 0x0000020ed6f4d800 Exception <a 'java/lang/NoSuchMethodError'{0x0000000083959dd0}: 'java.lang.Object java.lang.invoke.Invokers$Holder.linkToTargetMethod(java.lang.Object, java.lang.Object, int, java.lang.Object)'> (0x0000000083959dd0) thrown at [./src/hotspot/share/interpreter/linkResolver.cpp, line 773]
Event: 5.211 Thread 0x0000020ed6f4d800 Exception <a 'java/lang/NoSuchMethodError'{0x0000000085eb69c8}: 'int java.lang.invoke.DirectMethodHandle$Holder.invokeSpecialIFC(java.lang.Object, java.lang.Object, java.lang.Object, java.lang.Object)'> (0x0000000085eb69c8) thrown at [./src/hotspot/share/interpreter/linkResolver.cpp, line 773]
Event: 5.214 Thread 0x0000020ed6f4d800 Exception <a 'java/lang/NoSuchMethodError'{0x0000000085ec49b0}: 'java.lang.Object java.lang.invoke.DirectMethodHandle$Holder.invokeInterface(java.lang.Object, java.lang.Object, java.lang.Object)'> (0x0000000085ec49b0) thrown at [./src/hotspot/share/interpreter/linkResolver.cpp, line 773]
Event: 5.214 Thread 0x0000020ed6f4d800 Exception <a 'java/lang/IncompatibleClassChangeError'{0x0000000085ec7e88}: Found class java.lang.Object, but interface was expected> (0x0000000085ec7e88) thrown at [./src/hotspot/share/interpreter/linkResolver.cpp, line 839]
Event: 5.261 Thread 0x0000020ed6f4d800 Exception <a 'java/lang/NoSuchMethodError'{0x0000000085cf4cc8}: 'void java.lang.invoke.DirectMethodHandle$Holder.invokeStatic(java.lang.Object, java.lang.Object, java.lang.Object, java.lang.Object, java.lang.Object)'> (0x0000000085cf4cc8) thrown at [./src/hotspot/share/interpreter/linkResolver.cpp, line 773]
Event: 5.437 Thread 0x0000020ed6f4d800 Exception <a 'java/lang/NoSuchMethodError'{0x00000000855ccbf8}: 'java.lang.Object java.lang.invoke.DirectMethodHandle$Holder.invokeSpecial(java.lang.Object, java.lang.Object, java.lang.Object, java.lang.Object, java.lang.Object, java.lang.Object, java.lang.Object, java.lang.Object, java.lang.Object)'> (0x00000000855ccbf8) thrown at [./src/hotspot/share/interpreter/linkResolver.cpp, line 773]
Event: 5.607 Thread 0x0000020ed6f4d800 Exception <a 'java/lang/NoSuchMethodError'{0x0000000084b55610}: 'java.lang.Object java.lang.invoke.DirectMethodHandle$Holder.invokeVirtual(java.lang.Object, java.lang.Object, java.lang.Object, java.lang.Object)'> (0x0000000084b55610) thrown at [./src/hotspot/share/interpreter/linkResolver.cpp, line 773]
Event: 5.773 Thread 0x0000020ed6f4d800 Exception <a 'java/lang/NoSuchMethodError'{0x00000000845fbc68}: 'void java.lang.invoke.DirectMethodHandle$Holder.invokeSpecial(java.lang.Object, java.lang.Object, java.lang.Object, java.lang.Object, java.lang.Object, java.lang.Object)'> (0x00000000845fbc68) thrown at [./src/hotspot/share/interpreter/linkResolver.cpp, line 773]
Event: 5.790 Thread 0x0000020ed6f4d800 Exception <a 'java/lang/NoSuchMethodError'{0x000000008446af30}: 'void java.lang.invoke.DirectMethodHandle$Holder.invokeSpecial(java.lang.Object, java.lang.Object, java.lang.Object, java.lang.Object, java.lang.Object, java.lang.Object, java.lang.Object)'> (0x000000008446af30) thrown at [./src/hotspot/share/interpreter/linkResolver.cpp, line 773]
Event: 5.791 Thread 0x0000020ed6f4d800 Exception <a 'java/lang/NoSuchMethodError'{0x0000000084473420}: 'java.lang.Object java.lang.invoke.Invokers$Holder.linkToTargetMethod(java.lang.Object, java.lang.Object, java.lang.Object, java.lang.Object, java.lang.Object, java.lang.Object)'> (0x0000000084473420) thrown at [./src/hotspot/share/interpreter/linkResolver.cpp, line 773]
Event: 5.951 Thread 0x0000020ed6f4d800 Exception <a 'java/lang/NoSuchMethodError'{0x0000000083b9eb10}: 'int java.lang.invoke.DirectMethodHandle$Holder.invokeStaticInit(java.lang.Object, java.lang.Object, java.lang.Object)'> (0x0000000083b9eb10) thrown at [./src/hotspot/share/interpreter/linkResolver.cpp, line 773]
Event: 6.083 Thread 0x0000020ed6f4d800 Exception <a 'java/lang/NoSuchMethodError'{0x00000000836cced0}: 'void java.lang.invoke.DirectMethodHandle$Holder.invokeStaticInit(java.lang.Object, java.lang.Object)'> (0x00000000836cced0) thrown at [./src/hotspot/share/interpreter/linkResolver.cpp, line 773]
Event: 6.234 Thread 0x0000020ed6f4d800 Exception <a 'java/lang/NoSuchMethodError'{0x0000000085d68160}: 'void java.lang.invoke.DirectMethodHandle$Holder.invokeStatic(java.lang.Object, java.lang.Object, java.lang.Object, java.lang.Object)'> (0x0000000085d68160) thrown at [./src/hotspot/share/interpreter/linkResolver.cpp, line 773]
Event: 6.239 Thread 0x0000020ed6f4d800 Exception <a 'java/lang/NoSuchMethodError'{0x0000000085d7bc60}: 'int java.lang.invoke.DirectMethodHandle$Holder.invokeInterface(java.lang.Object, java.lang.Object)'> (0x0000000085d7bc60) thrown at [./src/hotspot/share/interpreter/linkResolver.cpp, line 773]

Events (20 events):
Event: 6.265 loading class org/gradle/internal/operations/DefaultBuildOperationExecutor
Event: 6.265 loading class org/gradle/internal/operations/DefaultBuildOperationExecutor done
Event: 6.266 loading class org/gradle/initialization/BuildOperationFiringSettingsPreparer$LoadBuild$1
Event: 6.266 loading class org/gradle/initialization/BuildOperationFiringSettingsPreparer$LoadBuild$1 done
Event: 6.267 loading class org/gradle/initialization/LoadBuildBuildOperationType$Details
Event: 6.267 loading class org/gradle/initialization/LoadBuildBuildOperationType$Details done
Event: 6.268 loading class org/gradle/initialization/GradlePropertiesHandlingSettingsLoader
Event: 6.268 loading class org/gradle/initialization/GradlePropertiesHandlingSettingsLoader done
Event: 6.269 loading class org/gradle/initialization/InitScriptHandlingSettingsLoader
Event: 6.269 loading class org/gradle/initialization/InitScriptHandlingSettingsLoader done
Event: 6.270 loading class org/gradle/internal/composite/CompositeBuildSettingsLoader
Event: 6.270 loading class org/gradle/internal/composite/CompositeBuildSettingsLoader done
Event: 6.271 loading class org/gradle/internal/composite/ChildBuildRegisteringSettingsLoader
Event: 6.271 loading class org/gradle/internal/composite/ChildBuildRegisteringSettingsLoader done
Event: 6.272 loading class org/gradle/internal/composite/CommandLineIncludedBuildSettingsLoader
Event: 6.272 loading class org/gradle/internal/composite/CommandLineIncludedBuildSettingsLoader done
Event: 6.272 loading class org/gradle/initialization/SettingsAttachingSettingsLoader
Event: 6.272 loading class org/gradle/initialization/SettingsAttachingSettingsLoader done
Event: 6.273 loading class org/gradle/initialization/DefaultSettingsLoader
Event: 6.273 loading class org/gradle/initialization/DefaultSettingsLoader done


Dynamic libraries:
0x00007ff74eca0000 - 0x00007ff74ecaa000 	C:\Program Files\Android\Android Studio\jre\bin\java.exe
0x00007fff88860000 - 0x00007fff88a69000 	C:\WINDOWS\SYSTEM32\ntdll.dll
0x00007fff875b0000 - 0x00007fff8766d000 	C:\WINDOWS\System32\KERNEL32.DLL
0x00007fff86260000 - 0x00007fff865d4000 	C:\WINDOWS\System32\KERNELBASE.dll
0x00007fff865e0000 - 0x00007fff866f1000 	C:\WINDOWS\System32\ucrtbase.dll
0x00007fff70070000 - 0x00007fff70089000 	C:\Program Files\Android\Android Studio\jre\bin\jli.dll
0x00007fff6ff70000 - 0x00007fff6ff87000 	C:\Program Files\Android\Android Studio\jre\bin\VCRUNTIME140.dll
0x00007fff87670000 - 0x00007fff8781c000 	C:\WINDOWS\System32\USER32.dll
0x00007fff6d0c0000 - 0x00007fff6d365000 	C:\WINDOWS\WinSxS\amd64_microsoft.windows.common-controls_6595b64144ccf1df_6.0.22000.120_none_9d947278b86cc467\COMCTL32.dll
0x00007fff85d50000 - 0x00007fff85d76000 	C:\WINDOWS\System32\win32u.dll
0x00007fff86e50000 - 0x00007fff86ef3000 	C:\WINDOWS\System32\msvcrt.dll
0x00007fff87a00000 - 0x00007fff87a29000 	C:\WINDOWS\System32\GDI32.dll
0x00007fff86140000 - 0x00007fff86252000 	C:\WINDOWS\System32\gdi32full.dll
0x00007fff85fb0000 - 0x00007fff8604d000 	C:\WINDOWS\System32\msvcp_win.dll
0x00007fff86e10000 - 0x00007fff86e41000 	C:\WINDOWS\System32\IMM32.DLL
0x00007fff69240000 - 0x00007fff692dd000 	C:\Program Files\Android\Android Studio\jre\bin\msvcp140.dll
0x00007fff4e8f0000 - 0x00007fff4f3c5000 	C:\Program Files\Android\Android Studio\jre\bin\server\jvm.dll
0x00007fff87500000 - 0x00007fff875ae000 	C:\WINDOWS\System32\ADVAPI32.dll
0x00007fff86ad0000 - 0x00007fff86b6e000 	C:\WINDOWS\System32\sechost.dll
0x00007fff86b70000 - 0x00007fff86c90000 	C:\WINDOWS\System32\RPCRT4.dll
0x00007fff87a30000 - 0x00007fff87a38000 	C:\WINDOWS\System32\PSAPI.DLL
0x00007fff81bf0000 - 0x00007fff81c23000 	C:\WINDOWS\SYSTEM32\WINMM.dll
0x00007fff81d90000 - 0x00007fff81d99000 	C:\WINDOWS\SYSTEM32\WSOCK32.dll
0x00007fff7e8b0000 - 0x00007fff7e8ba000 	C:\WINDOWS\SYSTEM32\VERSION.dll
0x00007fff87930000 - 0x00007fff8799f000 	C:\WINDOWS\System32\WS2_32.dll
0x00007fff84e20000 - 0x00007fff84e38000 	C:\WINDOWS\SYSTEM32\kernel.appcore.dll
0x00007fff78700000 - 0x00007fff78711000 	C:\Program Files\Android\Android Studio\jre\bin\verify.dll
0x00007fff7fe30000 - 0x00007fff80051000 	C:\WINDOWS\SYSTEM32\DBGHELP.DLL
0x00007fff7fd40000 - 0x00007fff7fd71000 	C:\WINDOWS\SYSTEM32\dbgcore.DLL
0x00007fff860c0000 - 0x00007fff8613f000 	C:\WINDOWS\System32\bcryptPrimitives.dll
0x00007fff78650000 - 0x00007fff78679000 	C:\Program Files\Android\Android Studio\jre\bin\java.dll
0x00007fff81150000 - 0x00007fff8115b000 	C:\Program Files\Android\Android Studio\jre\bin\jimage.dll
0x00007fff78690000 - 0x00007fff786a8000 	C:\Program Files\Android\Android Studio\jre\bin\zip.dll
0x00007fff88070000 - 0x00007fff8881e000 	C:\WINDOWS\System32\SHELL32.dll
0x00007fff83e80000 - 0x00007fff846e8000 	C:\WINDOWS\SYSTEM32\windows.storage.dll
0x00007fff87120000 - 0x00007fff87498000 	C:\WINDOWS\System32\combase.dll
0x00007fff83d10000 - 0x00007fff83e76000 	C:\WINDOWS\SYSTEM32\wintypes.dll
0x00007fff87030000 - 0x00007fff8711a000 	C:\WINDOWS\System32\SHCORE.dll
0x00007fff878d0000 - 0x00007fff8792d000 	C:\WINDOWS\System32\shlwapi.dll
0x00007fff85c80000 - 0x00007fff85ca1000 	C:\WINDOWS\SYSTEM32\profapi.dll
0x00007fff78630000 - 0x00007fff7864a000 	C:\Program Files\Android\Android Studio\jre\bin\net.dll
0x00007fff81500000 - 0x00007fff8160c000 	C:\WINDOWS\SYSTEM32\WINHTTP.dll
0x00007fff85260000 - 0x00007fff852c7000 	C:\WINDOWS\system32\mswsock.dll
0x00007fff78530000 - 0x00007fff78544000 	C:\Program Files\Android\Android Studio\jre\bin\nio.dll
0x00007fff7c250000 - 0x00007fff7c277000 	C:\Users\miste\.gradle\native\e1d6ef7f7dcc3fd88c89a11ec53ec762bb8ba0a96d01ffa2cd45eb1d1d8dd5c5\windows-amd64\native-platform.dll
0x00007fff56280000 - 0x00007fff563c4000 	C:\Users\miste\.gradle\native\5664cfc778a61ccfe75a443a1ab52a65af34e5dc3c78e0209fed803814484fcb\windows-amd64\native-platform-file-events.dll
0x00007fff7ea60000 - 0x00007fff7ea6a000 	C:\Program Files\Android\Android Studio\jre\bin\management.dll
0x00007fff7ea20000 - 0x00007fff7ea2d000 	C:\Program Files\Android\Android Studio\jre\bin\management_ext.dll
0x00007fff854c0000 - 0x00007fff854d8000 	C:\WINDOWS\SYSTEM32\CRYPTSP.dll
0x00007fff84d70000 - 0x00007fff84da5000 	C:\WINDOWS\system32\rsaenh.dll
0x00007fff85370000 - 0x00007fff85399000 	C:\WINDOWS\SYSTEM32\USERENV.dll
0x00007fff85640000 - 0x00007fff85667000 	C:\WINDOWS\SYSTEM32\bcrypt.dll
0x00007fff854e0000 - 0x00007fff854ec000 	C:\WINDOWS\SYSTEM32\CRYPTBASE.dll
0x00007fff84940000 - 0x00007fff8496d000 	C:\WINDOWS\SYSTEM32\IPHLPAPI.DLL
0x00007fff878b0000 - 0x00007fff878b9000 	C:\WINDOWS\System32\NSI.dll
0x00007fff814c0000 - 0x00007fff814d9000 	C:\WINDOWS\SYSTEM32\dhcpcsvc6.DLL
0x00007fff81960000 - 0x00007fff8197e000 	C:\WINDOWS\SYSTEM32\dhcpcsvc.DLL
0x00007fff84970000 - 0x00007fff84a57000 	C:\WINDOWS\SYSTEM32\DNSAPI.dll

dbghelp: loaded successfully - version: 4.0.5 - missing functions: none
symbol engine: initialized successfully - sym options: 0x614 - pdb path: .;C:\Program Files\Android\Android Studio\jre\bin;C:\WINDOWS\SYSTEM32;C:\WINDOWS\WinSxS\amd64_microsoft.windows.common-controls_6595b64144ccf1df_6.0.22000.120_none_9d947278b86cc467;C:\Program Files\Android\Android Studio\jre\bin\server;C:\Users\miste\.gradle\native\e1d6ef7f7dcc3fd88c89a11ec53ec762bb8ba0a96d01ffa2cd45eb1d1d8dd5c5\windows-amd64;C:\Users\miste\.gradle\native\5664cfc778a61ccfe75a443a1ab52a65af34e5dc3c78e0209fed803814484fcb\windows-amd64

VM Arguments:
jvm_args: --add-opens=java.base/java.util=ALL-UNNAMED --add-opens=java.base/java.lang=ALL-UNNAMED --add-opens=java.base/java.lang.invoke=ALL-UNNAMED --add-opens=java.base/java.util=ALL-UNNAMED --add-opens=java.prefs/java.util.prefs=ALL-UNNAMED --add-opens=java.prefs/java.util.prefs=ALL-UNNAMED --add-opens=java.base/java.nio.charset=ALL-UNNAMED --add-opens=java.base/java.net=ALL-UNNAMED --add-opens=java.base/java.util.concurrent.atomic=ALL-UNNAMED -Xmx2048m -Dfile.encoding=UTF-8 -Duser.country=RU -Duser.language=ru -Duser.variant 
java_command: org.gradle.launcher.daemon.bootstrap.GradleDaemon 7.2
java_class_path (initial): C:\Users\miste\.gradle\wrapper\dists\gradle-7.2-bin\2dnblmf4td7x66yl1d74lt32g\gradle-7.2\lib\gradle-launcher-7.2.jar
Launcher Type: SUN_STANDARD

[Global flags]
     intx CICompilerCount                          = 4                                         {product} {ergonomic}
     uint ConcGCThreads                            = 2                                         {product} {ergonomic}
     uint G1ConcRefinementThreads                  = 8                                         {product} {ergonomic}
   size_t G1HeapRegionSize                         = 1048576                                   {product} {ergonomic}
    uintx GCDrainStackTargetSize                   = 64                                        {product} {ergonomic}
   size_t InitialHeapSize                          = 100663296                                 {product} {ergonomic}
   size_t MarkStackSize                            = 4194304                                   {product} {ergonomic}
   size_t MaxHeapSize                              = 2147483648                                {product} {command line}
   size_t MaxNewSize                               = 1287651328                                {product} {ergonomic}
   size_t MinHeapDeltaBytes                        = 1048576                                   {product} {ergonomic}
    uintx NonNMethodCodeHeapSize                   = 5836300                                {pd product} {ergonomic}
    uintx NonProfiledCodeHeapSize                  = 122910970                              {pd product} {ergonomic}
    uintx ProfiledCodeHeapSize                     = 122910970                              {pd product} {ergonomic}
    uintx ReservedCodeCacheSize                    = 251658240                              {pd product} {ergonomic}
     bool SegmentedCodeCache                       = true                                      {product} {ergonomic}
     bool UseCompressedClassPointers               = true                                 {lp64_product} {ergonomic}
     bool UseCompressedOops                        = true                                 {lp64_product} {ergonomic}
     bool UseG1GC                                  = true                                      {product} {ergonomic}
     bool UseLargePagesIndividualAllocation        = false                                  {pd product} {ergonomic}

Logging:
Log output configuration:
 #0: stdout all=warning uptime,level,tags
 #1: stderr all=off uptime,level,tags

Environment Variables:
PATH=C:\WINDOWS\system32;C:\WINDOWS;C:\WINDOWS\System32\Wbem;C:\WINDOWS\System32\WindowsPowerShell\v1.0\;C:\WINDOWS\System32\OpenSSH\;C:\Program Files (x86)\Rational\common;C:\Program Files\Git\cmd;C:\Users\miste\AppData\Local\Microsoft\WindowsApps;;C:\Users\miste\AppData\Local\Programs\Microsoft VS Code\bin
USERNAME=miste
OS=Windows_NT
PROCESSOR_IDENTIFIER=AMD64 Family 23 Model 24 Stepping 1, AuthenticAMD



---------------  S Y S T E M  ---------------

OS: Windows 10 , 64 bit Build 22000 (10.0.22000.434)
OS uptime: 17 days 0:05 hours
Hyper-V role detected

CPU:total 8 (initial active 8) (8 cores per cpu, 2 threads per core) family 23 model 24 stepping 1 microcode 0x0, cmov, cx8, fxsr, mmx, sse, sse2, sse3, ssse3, sse4.1, sse4.2, popcnt, avx, avx2, aes, clmul, mmxext, 3dnowpref, lzcnt, sse4a, ht, tsc, tscinvbit, tscinv, bmi1, bmi2, adx, s

Memory: 4k page, system-wide physical 6082M (278M free)
TotalPageFile size 16955M (AvailPageFile size 5M)
current process WorkingSet (physical memory assigned to process): 186M, peak: 186M
current process commit charge ("private bytes"): 241M, peak: 242M

vm_info: OpenJDK 64-Bit Server VM (11.0.11+9-b60-7590822) for windows-amd64 JRE (11.0.11+9-b60-7590822), built on Jul 29 2021 21:43:44 by "builder" with MS VC++ 14.0 (VS2015)

END.
