#
# There is insufficient memory for the Java Runtime Environment to continue.
# Native memory allocation (malloc) failed to allocate 786016 bytes for Chunk::new
# Possible reasons:
#   The system is out of physical RAM or swap space
#   The process is running with CompressedOops enabled, and the Java Heap may be blocking the growth of the native heap
# Possible solutions:
#   Reduce memory load on the system
#   Increase physical memory or swap space
#   Check if swap backing store is full
#   Decrease Java heap size (-Xmx/-Xms)
#   Decrease number of Java threads
#   Decrease Java thread stack sizes (-Xss)
#   Set larger code cache with -XX:ReservedCodeCacheSize=
#   JVM is running with Unscaled Compressed Oops mode in which the Java heap is
#     placed in the first 4GB address space. The Java Heap base address is the
#     maximum limit for the native heap growth. Please use -XX:HeapBaseMinAddress
#     to set the Java Heap base and to place the Java Heap above 4GB virtual address.
# This output file may be truncated or incomplete.
#
#  Out of Memory Error (./src/hotspot/share/memory/arena.cpp:197), pid=16872, tid=16292
#
# JRE version: OpenJDK Runtime Environment (11.0.11+9) (build 11.0.11+9-b60-7590822)
# Java VM: OpenJDK 64-Bit Server VM (11.0.11+9-b60-7590822, mixed mode, tiered, compressed oops, g1 gc, windows-amd64)
# No core dump will be written. Minidumps are not enabled by default on client versions of Windows
#

---------------  S U M M A R Y ------------

Command Line: --add-opens=java.base/java.util=ALL-UNNAMED --add-opens=java.base/java.lang=ALL-UNNAMED --add-opens=java.base/java.lang.invoke=ALL-UNNAMED --add-opens=java.base/java.util=ALL-UNNAMED --add-opens=java.prefs/java.util.prefs=ALL-UNNAMED --add-opens=java.prefs/java.util.prefs=ALL-UNNAMED --add-opens=java.base/java.nio.charset=ALL-UNNAMED --add-opens=java.base/java.net=ALL-UNNAMED --add-opens=java.base/java.util.concurrent.atomic=ALL-UNNAMED -Xmx2048m -Dfile.encoding=UTF-8 -Duser.country=RU -Duser.language=ru -Duser.variant org.gradle.launcher.daemon.bootstrap.GradleDaemon 7.2

Host: AMD Ryzen 5 3500U with Radeon Vega Mobile Gfx  , 8 cores, 5G,  Windows 10 , 64 bit Build 22000 (10.0.22000.434)
Time: Thu Mar 31 14:35:23 2022 RTZ 2 (зима) elapsed time: 18.583431 seconds (0d 0h 0m 18s)

---------------  T H R E A D  ---------------

Current thread (0x00000189ffb9f000):  JavaThread "C2 CompilerThread0" daemon [_thread_in_native, id=16292, stack(0x00000070e8300000,0x00000070e8400000)]


Current CompileTask:
C2:  18583 5293       4       org.codehaus.groovy.reflection.CachedMethod::compareTo (25 bytes)

Stack: [0x00000070e8300000,0x00000070e8400000]
Native frames: (J=compiled Java code, j=interpreted, Vv=VM code, C=native code)
V  [jvm.dll+0x5f214a]
V  [jvm.dll+0x726fb5]
V  [jvm.dll+0x7285cd]
V  [jvm.dll+0x728c83]
V  [jvm.dll+0x243278]
V  [jvm.dll+0xbc53c]
V  [jvm.dll+0xbca3c]
V  [jvm.dll+0x2b5c34]
V  [jvm.dll+0x508488]
V  [jvm.dll+0x1fd70e]
V  [jvm.dll+0x1fb35f]
V  [jvm.dll+0x183d6c]
V  [jvm.dll+0x209a57]
V  [jvm.dll+0x2082a1]
V  [jvm.dll+0x6ef58f]
V  [jvm.dll+0x6e80b5]
V  [jvm.dll+0x5f1036]
C  [ucrtbase.dll+0x26c0c]
C  [KERNEL32.DLL+0x154e0]
C  [ntdll.dll+0x485b]


---------------  P R O C E S S  ---------------

Threads class SMR info:
_java_thread_list=0x0000018994f0e3b0, length=121, elements={
0x00000189f477d000, 0x00000189ffb77000, 0x00000189ffb84000, 0x00000189ffb97000,
0x00000189ffb98000, 0x00000189ffb99000, 0x00000189ffb9f000, 0x00000189ffba5800,
0x00000189ffbb9800, 0x0000018991994800, 0x0000018991999000, 0x000001899199b000,
0x0000018991998800, 0x000001899199a000, 0x0000018991995000, 0x0000018991996000,
0x0000018991996800, 0x0000018991997800, 0x00000189925fa800, 0x00000189925fe000,
0x00000189925fb800, 0x00000189925fd000, 0x00000189925fc800, 0x00000189925f8000,
0x00000189925ff000, 0x00000189925f9000, 0x00000189925ff800, 0x00000189925fa000,
0x0000018992604800, 0x0000018992603000, 0x0000018992600800, 0x0000018992605800,
0x0000018992601000, 0x0000018992602000, 0x00000189944c5000, 0x00000189944c6000,
0x00000189944c4800, 0x00000189944c7000, 0x00000189944c7800, 0x00000189944c8800,
0x00000189944ca000, 0x00000189944c9000, 0x00000189944cb000, 0x000001899764b000,
0x0000018997646000, 0x0000018997647800, 0x0000018997645800, 0x0000018997648800,
0x0000018997649800, 0x000001899764a000, 0x000001899764c000, 0x0000018997647000,
0x0000018993ed9000, 0x0000018993edd000, 0x0000018993edc800, 0x0000018993eda000,
0x0000018993eda800, 0x0000018993ede000, 0x0000018993ede800, 0x0000018993edb800,
0x0000018993edf800, 0x000001899736f000, 0x0000018997371000, 0x0000018997376000,
0x0000018997371800, 0x0000018997370000, 0x0000018997378000, 0x0000018997376800,
0x0000018997374000, 0x0000018997377800, 0x0000018997375000, 0x0000018997372800,
0x0000018997379000, 0x0000018997373800, 0x000001899737a800, 0x000001899737a000,
0x000001899737b800, 0x000001899737c800, 0x000001899737d000, 0x000001899737e000,
0x000001899765c000, 0x000001899765e800, 0x000001899765a000, 0x0000018997660000,
0x000001899765f000, 0x0000018997660800, 0x000001899765b000, 0x000001899765c800,
0x0000018997661800, 0x0000018997662800, 0x0000018997663000, 0x000001899765d800,
0x0000018997665000, 0x0000018997665800, 0x0000018997666800, 0x0000018997667000,
0x0000018997668000, 0x0000018997669000, 0x0000018997664000, 0x0000018997279800,
0x000001899727e800, 0x000001899727d800, 0x000001899727f000, 0x000001899727c000,
0x000001899727a800, 0x000001899727d000, 0x0000018997280000, 0x0000018997281000,
0x000001899727b000, 0x0000018997285000, 0x0000018997287800, 0x0000018997281800,
0x0000018997286000, 0x0000018997286800, 0x0000018997288000, 0x0000018997282800,
0x0000018997283800, 0x0000018997284000, 0x0000018991f66800, 0x0000018991f65800,
0x0000018991f69800
}

Java Threads: ( => current thread )
  0x00000189f477d000 JavaThread "main" [_thread_blocked, id=13424, stack(0x00000070e7700000,0x00000070e7800000)]
  0x00000189ffb77000 JavaThread "Reference Handler" daemon [_thread_blocked, id=8924, stack(0x00000070e7e00000,0x00000070e7f00000)]
  0x00000189ffb84000 JavaThread "Finalizer" daemon [_thread_blocked, id=17316, stack(0x00000070e7f00000,0x00000070e8000000)]
  0x00000189ffb97000 JavaThread "Signal Dispatcher" daemon [_thread_blocked, id=14920, stack(0x00000070e8000000,0x00000070e8100000)]
  0x00000189ffb98000 JavaThread "Attach Listener" daemon [_thread_blocked, id=8448, stack(0x00000070e8100000,0x00000070e8200000)]
  0x00000189ffb99000 JavaThread "Service Thread" daemon [_thread_blocked, id=15752, stack(0x00000070e8200000,0x00000070e8300000)]
=>0x00000189ffb9f000 JavaThread "C2 CompilerThread0" daemon [_thread_in_native, id=16292, stack(0x00000070e8300000,0x00000070e8400000)]
  0x00000189ffba5800 JavaThread "C1 CompilerThread0" daemon [_thread_blocked, id=5956, stack(0x00000070e8400000,0x00000070e8500000)]
  0x00000189ffbb9800 JavaThread "Sweeper thread" daemon [_thread_blocked, id=10256, stack(0x00000070e8500000,0x00000070e8600000)]
  0x0000018991994800 JavaThread "Common-Cleaner" daemon [_thread_blocked, id=11748, stack(0x00000070e8600000,0x00000070e8700000)]
  0x0000018991999000 JavaThread "Daemon health stats" [_thread_blocked, id=13780, stack(0x00000070e8b00000,0x00000070e8c00000)]
  0x000001899199b000 JavaThread "Incoming local TCP Connector on port 56177" [_thread_in_native, id=6092, stack(0x00000070e8800000,0x00000070e8900000)]
  0x0000018991998800 JavaThread "Daemon periodic checks" [_thread_blocked, id=1988, stack(0x00000070e8900000,0x00000070e8a00000)]
  0x000001899199a000 JavaThread "Daemon" [_thread_blocked, id=11208, stack(0x00000070e8e00000,0x00000070e8f00000)]
  0x0000018991995000 JavaThread "Handler for socket connection from /127.0.0.1:56177 to /127.0.0.1:56178" [_thread_in_native, id=13104, stack(0x00000070e8f00000,0x00000070e9000000)]
  0x0000018991996000 JavaThread "Cancel handler" [_thread_blocked, id=15492, stack(0x00000070e9000000,0x00000070e9100000)]
  0x0000018991996800 JavaThread "Daemon worker" [_thread_in_native, id=7288, stack(0x00000070e9100000,0x00000070e9200000)]
  0x0000018991997800 JavaThread "Asynchronous log dispatcher for DefaultDaemonConnection: socket connection from /127.0.0.1:56177 to /127.0.0.1:56178" [_thread_blocked, id=8832, stack(0x00000070e9200000,0x00000070e9300000)]
  0x00000189925fa800 JavaThread "Stdin handler" [_thread_blocked, id=6132, stack(0x00000070e9300000,0x00000070e9400000)]
  0x00000189925fe000 JavaThread "Daemon client event forwarder" [_thread_blocked, id=6488, stack(0x00000070e9400000,0x00000070e9500000)]
  0x00000189925fb800 JavaThread "Cache worker for journal cache (C:\Users\miste\.gradle\caches\journal-1)" [_thread_blocked, id=1540, stack(0x00000070e9500000,0x00000070e9600000)]
  0x00000189925fd000 JavaThread "File lock request listener" [_thread_in_native, id=10928, stack(0x00000070e9600000,0x00000070e9700000)]
  0x00000189925fc800 JavaThread "Cache worker for file hash cache (C:\Users\miste\.gradle\caches\7.2\fileHashes)" [_thread_blocked, id=16328, stack(0x00000070e9700000,0x00000070e9800000)]
  0x00000189925f8000 JavaThread "Cache worker for file hash cache (C:\Users\miste\AndroidStudioProjects\Traintable\.gradle\7.2\fileHashes)" [_thread_blocked, id=10292, stack(0x00000070e9d00000,0x00000070e9e00000)]
  0x00000189925ff000 JavaThread "File watcher server" daemon [_thread_in_native, id=4048, stack(0x00000070e9f00000,0x00000070ea000000)]
  0x00000189925f9000 JavaThread "File watcher consumer" daemon [_thread_blocked, id=12052, stack(0x00000070ea000000,0x00000070ea100000)]
  0x00000189925ff800 JavaThread "Cache worker for checksums cache (C:\Users\miste\AndroidStudioProjects\Traintable\.gradle\checksums)" [_thread_blocked, id=15572, stack(0x00000070e9e00000,0x00000070e9f00000)]
  0x00000189925fa000 JavaThread "Cache worker for cache directory md-supplier (C:\Users\miste\.gradle\caches\7.2\md-supplier)" [_thread_blocked, id=11760, stack(0x00000070ea100000,0x00000070ea200000)]
  0x0000018992604800 JavaThread "Cache worker for cache directory md-rule (C:\Users\miste\.gradle\caches\7.2\md-rule)" [_thread_blocked, id=15824, stack(0x00000070ea300000,0x00000070ea400000)]
  0x0000018992603000 JavaThread "Cache worker for execution history cache (C:\Users\miste\.gradle\caches\7.2\executionHistory)" [_thread_blocked, id=13220, stack(0x00000070ea400000,0x00000070ea500000)]
  0x0000018992600800 JavaThread "jar transforms" [_thread_blocked, id=12584, stack(0x00000070ea500000,0x00000070ea600000)]
  0x0000018992605800 JavaThread "Cache worker for file content cache (C:\Users\miste\.gradle\caches\7.2\fileContent)" [_thread_blocked, id=8596, stack(0x00000070ea600000,0x00000070ea700000)]
  0x0000018992601000 JavaThread "jar transforms Thread 2" [_thread_blocked, id=8700, stack(0x00000070ea700000,0x00000070ea800000)]
  0x0000018992602000 JavaThread "Cache worker for dependencies-accessors (C:\Users\miste\AndroidStudioProjects\Traintable\.gradle\7.2\dependencies-accessors)" [_thread_blocked, id=3144, stack(0x00000070ea800000,0x00000070ea900000)]
  0x00000189944c5000 JavaThread "jar transforms Thread 3" [_thread_blocked, id=2560, stack(0x00000070ea200000,0x00000070ea300000)]
  0x00000189944c6000 JavaThread "Cache worker for Build Output Cleanup Cache (C:\Users\miste\AndroidStudioProjects\Traintable\.gradle\buildOutputCleanup)" [_thread_blocked, id=9396, stack(0x00000070eaa00000,0x00000070eab00000)]
  0x00000189944c4800 JavaThread "Unconstrained build operations" [_thread_blocked, id=13828, stack(0x00000070eab00000,0x00000070eac00000)]
  0x00000189944c7000 JavaThread "Unconstrained build operations Thread 2" [_thread_blocked, id=12868, stack(0x00000070eac00000,0x00000070ead00000)]
  0x00000189944c7800 JavaThread "Unconstrained build operations Thread 3" [_thread_blocked, id=6964, stack(0x00000070ead00000,0x00000070eae00000)]
  0x00000189944c8800 JavaThread "Unconstrained build operations Thread 4" [_thread_blocked, id=10532, stack(0x00000070eae00000,0x00000070eaf00000)]
  0x00000189944ca000 JavaThread "Unconstrained build operations Thread 5" [_thread_blocked, id=8120, stack(0x00000070eaf00000,0x00000070eb000000)]
  0x00000189944c9000 JavaThread "Unconstrained build operations Thread 6" [_thread_blocked, id=10516, stack(0x00000070eb000000,0x00000070eb100000)]
  0x00000189944cb000 JavaThread "Unconstrained build operations Thread 7" [_thread_blocked, id=11564, stack(0x00000070eb100000,0x00000070eb200000)]
  0x000001899764b000 JavaThread "Unconstrained build operations Thread 8" [_thread_blocked, id=7596, stack(0x00000070eb200000,0x00000070eb300000)]
  0x0000018997646000 JavaThread "Unconstrained build operations Thread 9" [_thread_blocked, id=12656, stack(0x00000070ea900000,0x00000070eaa00000)]
  0x0000018997647800 JavaThread "Unconstrained build operations Thread 10" [_thread_blocked, id=7624, stack(0x00000070eb300000,0x00000070eb400000)]
  0x0000018997645800 JavaThread "Unconstrained build operations Thread 11" [_thread_blocked, id=11600, stack(0x00000070eb400000,0x00000070eb500000)]
  0x0000018997648800 JavaThread "Unconstrained build operations Thread 12" [_thread_blocked, id=9308, stack(0x00000070eb500000,0x00000070eb600000)]
  0x0000018997649800 JavaThread "Unconstrained build operations Thread 13" [_thread_blocked, id=11056, stack(0x00000070eb600000,0x00000070eb700000)]
  0x000001899764a000 JavaThread "Unconstrained build operations Thread 14" [_thread_blocked, id=14224, stack(0x00000070eb700000,0x00000070eb800000)]
  0x000001899764c000 JavaThread "Unconstrained build operations Thread 15" [_thread_blocked, id=15644, stack(0x00000070eb800000,0x00000070eb900000)]
  0x0000018997647000 JavaThread "Unconstrained build operations Thread 16" [_thread_blocked, id=5264, stack(0x00000070eb900000,0x00000070eba00000)]
  0x0000018993ed9000 JavaThread "Unconstrained build operations Thread 17" [_thread_blocked, id=6048, stack(0x00000070eba00000,0x00000070ebb00000)]
  0x0000018993edd000 JavaThread "Unconstrained build operations Thread 18" [_thread_blocked, id=16528, stack(0x00000070ebb00000,0x00000070ebc00000)]
  0x0000018993edc800 JavaThread "Unconstrained build operations Thread 19" [_thread_blocked, id=11492, stack(0x00000070ebc00000,0x00000070ebd00000)]
  0x0000018993eda000 JavaThread "Unconstrained build operations Thread 20" [_thread_blocked, id=10392, stack(0x00000070ebd00000,0x00000070ebe00000)]
  0x0000018993eda800 JavaThread "Unconstrained build operations Thread 21" [_thread_blocked, id=15564, stack(0x00000070ebe00000,0x00000070ebf00000)]
  0x0000018993ede000 JavaThread "Unconstrained build operations Thread 22" [_thread_blocked, id=7632, stack(0x00000070ebf00000,0x00000070ec000000)]
  0x0000018993ede800 JavaThread "Unconstrained build operations Thread 23" [_thread_blocked, id=9180, stack(0x00000070ec000000,0x00000070ec100000)]
  0x0000018993edb800 JavaThread "Unconstrained build operations Thread 24" [_thread_blocked, id=7912, stack(0x00000070ec100000,0x00000070ec200000)]
  0x0000018993edf800 JavaThread "Unconstrained build operations Thread 25" [_thread_blocked, id=11216, stack(0x00000070ec200000,0x00000070ec300000)]
  0x000001899736f000 JavaThread "Unconstrained build operations Thread 26" [_thread_blocked, id=2936, stack(0x00000070ec300000,0x00000070ec400000)]
  0x0000018997371000 JavaThread "Unconstrained build operations Thread 27" [_thread_blocked, id=15180, stack(0x00000070ec400000,0x00000070ec500000)]
  0x0000018997376000 JavaThread "Unconstrained build operations Thread 28" [_thread_blocked, id=17200, stack(0x00000070ec500000,0x00000070ec600000)]
  0x0000018997371800 JavaThread "Unconstrained build operations Thread 29" [_thread_blocked, id=13500, stack(0x00000070ec600000,0x00000070ec700000)]
  0x0000018997370000 JavaThread "Unconstrained build operations Thread 30" [_thread_blocked, id=5696, stack(0x00000070ec700000,0x00000070ec800000)]
  0x0000018997378000 JavaThread "Unconstrained build operations Thread 31" [_thread_blocked, id=14596, stack(0x00000070ec800000,0x00000070ec900000)]
  0x0000018997376800 JavaThread "Unconstrained build operations Thread 32" [_thread_blocked, id=12260, stack(0x00000070ec900000,0x00000070eca00000)]
  0x0000018997374000 JavaThread "Unconstrained build operations Thread 33" [_thread_blocked, id=8840, stack(0x00000070eca00000,0x00000070ecb00000)]
  0x0000018997377800 JavaThread "Unconstrained build operations Thread 34" [_thread_blocked, id=7916, stack(0x00000070ecb00000,0x00000070ecc00000)]
  0x0000018997375000 JavaThread "Unconstrained build operations Thread 35" [_thread_blocked, id=16952, stack(0x00000070ecc00000,0x00000070ecd00000)]
  0x0000018997372800 JavaThread "Unconstrained build operations Thread 36" [_thread_blocked, id=3024, stack(0x00000070ecd00000,0x00000070ece00000)]
  0x0000018997379000 JavaThread "Unconstrained build operations Thread 37" [_thread_blocked, id=12380, stack(0x00000070ece00000,0x00000070ecf00000)]
  0x0000018997373800 JavaThread "Unconstrained build operations Thread 38" [_thread_blocked, id=12492, stack(0x00000070ecf00000,0x00000070ed000000)]
  0x000001899737a800 JavaThread "Unconstrained build operations Thread 39" [_thread_blocked, id=12468, stack(0x00000070ed000000,0x00000070ed100000)]
  0x000001899737a000 JavaThread "Unconstrained build operations Thread 40" [_thread_blocked, id=16876, stack(0x00000070ed100000,0x00000070ed200000)]
  0x000001899737b800 JavaThread "Unconstrained build operations Thread 41" [_thread_blocked, id=7900, stack(0x00000070ed200000,0x00000070ed300000)]
  0x000001899737c800 JavaThread "Unconstrained build operations Thread 42" [_thread_blocked, id=7724, stack(0x00000070ed300000,0x00000070ed400000)]
  0x000001899737d000 JavaThread "Unconstrained build operations Thread 43" [_thread_blocked, id=9196, stack(0x00000070ed400000,0x00000070ed500000)]
  0x000001899737e000 JavaThread "Unconstrained build operations Thread 44" [_thread_blocked, id=6492, stack(0x00000070ed500000,0x00000070ed600000)]
  0x000001899765c000 JavaThread "Unconstrained build operations Thread 45" [_thread_blocked, id=8340, stack(0x00000070ed600000,0x00000070ed700000)]
  0x000001899765e800 JavaThread "Unconstrained build operations Thread 46" [_thread_blocked, id=12208, stack(0x00000070ed700000,0x00000070ed800000)]
  0x000001899765a000 JavaThread "Unconstrained build operations Thread 47" [_thread_blocked, id=4644, stack(0x00000070ed800000,0x00000070ed900000)]
  0x0000018997660000 JavaThread "Unconstrained build operations Thread 48" [_thread_blocked, id=5472, stack(0x00000070ed900000,0x00000070eda00000)]
  0x000001899765f000 JavaThread "Unconstrained build operations Thread 49" [_thread_blocked, id=14036, stack(0x00000070eda00000,0x00000070edb00000)]
  0x0000018997660800 JavaThread "Unconstrained build operations Thread 50" [_thread_blocked, id=10696, stack(0x00000070edb00000,0x00000070edc00000)]
  0x000001899765b000 JavaThread "Unconstrained build operations Thread 51" [_thread_blocked, id=15340, stack(0x00000070edc00000,0x00000070edd00000)]
  0x000001899765c800 JavaThread "Unconstrained build operations Thread 52" [_thread_blocked, id=5088, stack(0x00000070edd00000,0x00000070ede00000)]
  0x0000018997661800 JavaThread "Unconstrained build operations Thread 53" [_thread_blocked, id=12120, stack(0x00000070ede00000,0x00000070edf00000)]
  0x0000018997662800 JavaThread "Unconstrained build operations Thread 54" [_thread_blocked, id=16676, stack(0x00000070edf00000,0x00000070ee000000)]
  0x0000018997663000 JavaThread "Unconstrained build operations Thread 55" [_thread_blocked, id=13200, stack(0x00000070ee000000,0x00000070ee100000)]
  0x000001899765d800 JavaThread "Unconstrained build operations Thread 56" [_thread_blocked, id=15788, stack(0x00000070ee100000,0x00000070ee200000)]
  0x0000018997665000 JavaThread "Unconstrained build operations Thread 57" [_thread_blocked, id=6376, stack(0x00000070ee200000,0x00000070ee300000)]
  0x0000018997665800 JavaThread "Unconstrained build operations Thread 58" [_thread_blocked, id=9172, stack(0x00000070ee300000,0x00000070ee400000)]
  0x0000018997666800 JavaThread "Unconstrained build operations Thread 59" [_thread_blocked, id=16360, stack(0x00000070ee400000,0x00000070ee500000)]
  0x0000018997667000 JavaThread "Unconstrained build operations Thread 60" [_thread_blocked, id=5224, stack(0x00000070ee500000,0x00000070ee600000)]
  0x0000018997668000 JavaThread "Unconstrained build operations Thread 61" [_thread_blocked, id=11624, stack(0x00000070ee600000,0x00000070ee700000)]
  0x0000018997669000 JavaThread "Unconstrained build operations Thread 62" [_thread_blocked, id=5284, stack(0x00000070ee700000,0x00000070ee800000)]
  0x0000018997664000 JavaThread "Unconstrained build operations Thread 63" [_thread_blocked, id=2652, stack(0x00000070ee800000,0x00000070ee900000)]
  0x0000018997279800 JavaThread "Unconstrained build operations Thread 64" [_thread_blocked, id=15860, stack(0x00000070ee900000,0x00000070eea00000)]
  0x000001899727e800 JavaThread "Unconstrained build operations Thread 65" [_thread_blocked, id=6820, stack(0x00000070eea00000,0x00000070eeb00000)]
  0x000001899727d800 JavaThread "Unconstrained build operations Thread 66" [_thread_blocked, id=12404, stack(0x00000070eeb00000,0x00000070eec00000)]
  0x000001899727f000 JavaThread "Unconstrained build operations Thread 67" [_thread_blocked, id=7316, stack(0x00000070eec00000,0x00000070eed00000)]
  0x000001899727c000 JavaThread "Unconstrained build operations Thread 68" [_thread_blocked, id=11452, stack(0x00000070eed00000,0x00000070eee00000)]
  0x000001899727a800 JavaThread "Unconstrained build operations Thread 69" [_thread_blocked, id=12800, stack(0x00000070eee00000,0x00000070eef00000)]
  0x000001899727d000 JavaThread "Unconstrained build operations Thread 70" [_thread_blocked, id=12244, stack(0x00000070eef00000,0x00000070ef000000)]
  0x0000018997280000 JavaThread "Unconstrained build operations Thread 71" [_thread_blocked, id=9012, stack(0x00000070ef000000,0x00000070ef100000)]
  0x0000018997281000 JavaThread "Unconstrained build operations Thread 72" [_thread_blocked, id=14148, stack(0x00000070ef100000,0x00000070ef200000)]
  0x000001899727b000 JavaThread "Unconstrained build operations Thread 73" [_thread_blocked, id=10456, stack(0x00000070ef200000,0x00000070ef300000)]
  0x0000018997285000 JavaThread "Unconstrained build operations Thread 74" [_thread_blocked, id=8752, stack(0x00000070ef300000,0x00000070ef400000)]
  0x0000018997287800 JavaThread "Unconstrained build operations Thread 75" [_thread_blocked, id=1512, stack(0x00000070ef400000,0x00000070ef500000)]
  0x0000018997281800 JavaThread "Unconstrained build operations Thread 76" [_thread_blocked, id=6932, stack(0x00000070ef500000,0x00000070ef600000)]
  0x0000018997286000 JavaThread "Unconstrained build operations Thread 77" [_thread_blocked, id=14184, stack(0x00000070ef600000,0x00000070ef700000)]
  0x0000018997286800 JavaThread "Unconstrained build operations Thread 78" [_thread_blocked, id=8424, stack(0x00000070ef700000,0x00000070ef800000)]
  0x0000018997288000 JavaThread "Unconstrained build operations Thread 79" [_thread_blocked, id=596, stack(0x00000070ef800000,0x00000070ef900000)]
  0x0000018997282800 JavaThread "Unconstrained build operations Thread 80" [_thread_blocked, id=6680, stack(0x00000070ef900000,0x00000070efa00000)]
  0x0000018997283800 JavaThread "jar transforms Thread 4" [_thread_blocked, id=3464, stack(0x00000070efa00000,0x00000070efb00000)]
  0x0000018997284000 JavaThread "jar transforms Thread 5" [_thread_blocked, id=5148, stack(0x00000070efb00000,0x00000070efc00000)]
  0x0000018991f66800 JavaThread "jar transforms Thread 6" [_thread_blocked, id=9808, stack(0x00000070efc00000,0x00000070efd00000)]
  0x0000018991f65800 JavaThread "jar transforms Thread 7" [_thread_blocked, id=10796, stack(0x00000070efd00000,0x00000070efe00000)]
  0x0000018991f69800 JavaThread "jar transforms Thread 8" [_thread_blocked, id=4616, stack(0x00000070efe00000,0x00000070eff00000)]

Other Threads:
  0x00000189ffb75000 VMThread "VM Thread" [stack: 0x00000070e7d00000,0x00000070e7e00000] [id=9636]
  0x00000189919c2800 WatcherThread [stack: 0x00000070e8700000,0x00000070e8800000] [id=11112]
  0x00000189f4795000 GCTaskThread "GC Thread#0" [stack: 0x00000070e7800000,0x00000070e7900000] [id=11604]
  0x0000018992844800 GCTaskThread "GC Thread#1" [stack: 0x00000070e8a00000,0x00000070e8b00000] [id=14436]
  0x00000189932e5800 GCTaskThread "GC Thread#2" [stack: 0x00000070e8c00000,0x00000070e8d00000] [id=10700]
  0x00000189933ce800 GCTaskThread "GC Thread#3" [stack: 0x00000070e8d00000,0x00000070e8e00000] [id=2380]
  0x0000018993939800 GCTaskThread "GC Thread#4" [stack: 0x00000070e9800000,0x00000070e9900000] [id=7104]
  0x0000018993049000 GCTaskThread "GC Thread#5" [stack: 0x00000070e9900000,0x00000070e9a00000] [id=6412]
  0x0000018994122800 GCTaskThread "GC Thread#6" [stack: 0x00000070e9a00000,0x00000070e9b00000] [id=12512]
  0x0000018994864000 GCTaskThread "GC Thread#7" [stack: 0x00000070e9b00000,0x00000070e9c00000] [id=9900]
  0x00000189f47c9800 ConcurrentGCThread "G1 Main Marker" [stack: 0x00000070e7900000,0x00000070e7a00000] [id=2900]
  0x00000189f47ca800 ConcurrentGCThread "G1 Conc#0" [stack: 0x00000070e7a00000,0x00000070e7b00000] [id=10036]
  0x0000018992cc0800 ConcurrentGCThread "G1 Conc#1" [stack: 0x00000070e9c00000,0x00000070e9d00000] [id=16640]
  0x00000189f4850000 ConcurrentGCThread "G1 Refine#0" [stack: 0x00000070e7b00000,0x00000070e7c00000] [id=3980]
  0x00000189f4851800 ConcurrentGCThread "G1 Young RemSet Sampling" [stack: 0x00000070e7c00000,0x00000070e7d00000] [id=13016]

Threads with active compile tasks:
C2 CompilerThread0  18636 5293       4       org.codehaus.groovy.reflection.CachedMethod::compareTo (25 bytes)

VM state:not at safepoint (normal execution)

VM Mutex/Monitor currently owned by a thread: None

Heap address: 0x0000000080000000, size: 2048 MB, Compressed Oops mode: 32-bit
Narrow klass base: 0x0000000000000000, Narrow klass shift: 3
Compressed class space size: 1073741824 Address: 0x0000000100000000

Heap:
 garbage-first heap   total 98304K, used 40741K [0x0000000080000000, 0x0000000100000000)
  region size 1024K, 7 young (7168K), 6 survivors (6144K)
 Metaspace       used 47973K, capacity 49077K, committed 49276K, reserved 1091584K
  class space    used 6121K, capacity 6585K, committed 6656K, reserved 1048576K
Heap Regions: E=young(eden), S=young(survivor), O=old, HS=humongous(starts), HC=humongous(continues), CS=collection set, F=free, A=archive, TAMS=top-at-mark-start (previous, next)
|   0|0x0000000080000000, 0x0000000080100000, 0x0000000080100000|100%| O|  |TAMS 0x0000000080100000, 0x0000000080000000| Untracked 
|   1|0x0000000080100000, 0x0000000080200000, 0x0000000080200000|100%| O|  |TAMS 0x0000000080200000, 0x0000000080100000| Untracked 
|   2|0x0000000080200000, 0x0000000080300000, 0x0000000080300000|100%| O|  |TAMS 0x0000000080300000, 0x0000000080200000| Untracked 
|   3|0x0000000080300000, 0x0000000080400000, 0x0000000080400000|100%|HS|  |TAMS 0x0000000080400000, 0x0000000080300000| Complete 
|   4|0x0000000080400000, 0x0000000080500000, 0x0000000080500000|100%|HC|  |TAMS 0x0000000080500000, 0x0000000080400000| Complete 
|   5|0x0000000080500000, 0x0000000080600000, 0x0000000080600000|100%|HC|  |TAMS 0x0000000080600000, 0x0000000080500000| Complete 
|   6|0x0000000080600000, 0x0000000080700000, 0x0000000080700000|100%| O|  |TAMS 0x0000000080700000, 0x0000000080600000| Untracked 
|   7|0x0000000080700000, 0x0000000080800000, 0x0000000080800000|100%| O|  |TAMS 0x0000000080800000, 0x0000000080700000| Untracked 
|   8|0x0000000080800000, 0x0000000080900000, 0x0000000080900000|100%| O|  |TAMS 0x0000000080900000, 0x0000000080800000| Untracked 
|   9|0x0000000080900000, 0x0000000080a00000, 0x0000000080a00000|100%| O|  |TAMS 0x0000000080a00000, 0x0000000080900000| Untracked 
|  10|0x0000000080a00000, 0x0000000080b00000, 0x0000000080b00000|100%| O|  |TAMS 0x0000000080b00000, 0x0000000080a00000| Untracked 
|  11|0x0000000080b00000, 0x0000000080c00000, 0x0000000080c00000|100%| O|  |TAMS 0x0000000080c00000, 0x0000000080b00000| Untracked 
|  12|0x0000000080c00000, 0x0000000080d00000, 0x0000000080d00000|100%| O|  |TAMS 0x0000000080d00000, 0x0000000080c00000| Untracked 
|  13|0x0000000080d00000, 0x0000000080e00000, 0x0000000080e00000|100%| O|  |TAMS 0x0000000080e00000, 0x0000000080d00000| Untracked 
|  14|0x0000000080e00000, 0x0000000080f00000, 0x0000000080f00000|100%| O|  |TAMS 0x0000000080f00000, 0x0000000080e00000| Untracked 
|  15|0x0000000080f00000, 0x0000000081000000, 0x0000000081000000|100%| O|  |TAMS 0x0000000081000000, 0x0000000080f00000| Untracked 
|  16|0x0000000081000000, 0x0000000081100000, 0x0000000081100000|100%| O|  |TAMS 0x0000000081068a00, 0x0000000081000000| Untracked 
|  17|0x0000000081100000, 0x0000000081200000, 0x0000000081200000|100%| O|  |TAMS 0x0000000081100000, 0x0000000081100000| Untracked 
|  18|0x0000000081200000, 0x0000000081300000, 0x0000000081300000|100%| O|  |TAMS 0x0000000081200000, 0x0000000081200000| Untracked 
|  19|0x0000000081300000, 0x0000000081400000, 0x0000000081400000|100%| O|  |TAMS 0x0000000081300000, 0x0000000081300000| Untracked 
|  20|0x0000000081400000, 0x0000000081500000, 0x0000000081500000|100%| O|  |TAMS 0x0000000081400000, 0x0000000081400000| Untracked 
|  21|0x0000000081500000, 0x0000000081600000, 0x0000000081600000|100%| O|  |TAMS 0x0000000081500000, 0x0000000081500000| Untracked 
|  22|0x0000000081600000, 0x0000000081700000, 0x0000000081700000|100%| O|  |TAMS 0x0000000081600000, 0x0000000081600000| Untracked 
|  23|0x0000000081700000, 0x0000000081800000, 0x0000000081800000|100%| O|  |TAMS 0x0000000081700000, 0x0000000081700000| Untracked 
|  24|0x0000000081800000, 0x0000000081900000, 0x0000000081900000|100%| O|  |TAMS 0x0000000081800000, 0x0000000081800000| Untracked 
|  25|0x0000000081900000, 0x0000000081a00000, 0x0000000081a00000|100%| O|  |TAMS 0x0000000081900000, 0x0000000081900000| Untracked 
|  26|0x0000000081a00000, 0x0000000081b00000, 0x0000000081b00000|100%|HS|  |TAMS 0x0000000081a00000, 0x0000000081a00000| Complete 
|  27|0x0000000081b00000, 0x0000000081c00000, 0x0000000081c00000|100%|HS|  |TAMS 0x0000000081b00000, 0x0000000081b00000| Complete 
|  28|0x0000000081c00000, 0x0000000081d00000, 0x0000000081d00000|100%|HS|  |TAMS 0x0000000081c00000, 0x0000000081c00000| Complete 
|  29|0x0000000081d00000, 0x0000000081e00000, 0x0000000081e00000|100%| O|  |TAMS 0x0000000081d00000, 0x0000000081d00000| Untracked 
|  30|0x0000000081e00000, 0x0000000081f00000, 0x0000000081f00000|100%| O|  |TAMS 0x0000000081e00000, 0x0000000081e00000| Untracked 
|  31|0x0000000081f00000, 0x0000000081fc9600, 0x0000000082000000| 78%| O|  |TAMS 0x0000000081f00000, 0x0000000081f00000| Untracked 
|  32|0x0000000082000000, 0x0000000082100000, 0x0000000082100000|100%|HS|  |TAMS 0x0000000082000000, 0x0000000082000000| Complete 
|  33|0x0000000082100000, 0x0000000082200000, 0x0000000082200000|100%|HC|  |TAMS 0x0000000082100000, 0x0000000082100000| Complete 
|  34|0x0000000082200000, 0x0000000082200000, 0x0000000082300000|  0%| F|  |TAMS 0x0000000082200000, 0x0000000082200000| Untracked 
|  35|0x0000000082300000, 0x0000000082300000, 0x0000000082400000|  0%| F|  |TAMS 0x0000000082300000, 0x0000000082300000| Untracked 
|  36|0x0000000082400000, 0x0000000082400000, 0x0000000082500000|  0%| F|  |TAMS 0x0000000082400000, 0x0000000082400000| Untracked 
|  37|0x0000000082500000, 0x0000000082500000, 0x0000000082600000|  0%| F|  |TAMS 0x0000000082500000, 0x0000000082500000| Untracked 
|  38|0x0000000082600000, 0x0000000082600000, 0x0000000082700000|  0%| F|  |TAMS 0x0000000082600000, 0x0000000082600000| Untracked 
|  39|0x0000000082700000, 0x0000000082700000, 0x0000000082800000|  0%| F|  |TAMS 0x0000000082700000, 0x0000000082700000| Untracked 
|  40|0x0000000082800000, 0x0000000082800000, 0x0000000082900000|  0%| F|  |TAMS 0x0000000082800000, 0x0000000082800000| Untracked 
|  41|0x0000000082900000, 0x0000000082900000, 0x0000000082a00000|  0%| F|  |TAMS 0x0000000082900000, 0x0000000082900000| Untracked 
|  42|0x0000000082a00000, 0x0000000082b00000, 0x0000000082b00000|100%| S|CS|TAMS 0x0000000082a00000, 0x0000000082a00000| Complete 
|  43|0x0000000082b00000, 0x0000000082c00000, 0x0000000082c00000|100%| S|CS|TAMS 0x0000000082b00000, 0x0000000082b00000| Complete 
|  44|0x0000000082c00000, 0x0000000082d00000, 0x0000000082d00000|100%| S|CS|TAMS 0x0000000082c00000, 0x0000000082c00000| Complete 
|  45|0x0000000082d00000, 0x0000000082d00000, 0x0000000082e00000|  0%| F|  |TAMS 0x0000000082d00000, 0x0000000082d00000| Untracked 
|  46|0x0000000082e00000, 0x0000000082e00000, 0x0000000082f00000|  0%| F|  |TAMS 0x0000000082e00000, 0x0000000082e00000| Untracked 
|  47|0x0000000082f00000, 0x0000000082f00000, 0x0000000083000000|  0%| F|  |TAMS 0x0000000082f00000, 0x0000000082f00000| Untracked 
|  48|0x0000000083000000, 0x0000000083000000, 0x0000000083100000|  0%| F|  |TAMS 0x0000000083000000, 0x0000000083000000| Untracked 
|  49|0x0000000083100000, 0x0000000083200000, 0x0000000083200000|100%| S|CS|TAMS 0x0000000083100000, 0x0000000083100000| Complete 
|  50|0x0000000083200000, 0x0000000083300000, 0x0000000083300000|100%| S|CS|TAMS 0x0000000083200000, 0x0000000083200000| Complete 
|  51|0x0000000083300000, 0x0000000083400000, 0x0000000083400000|100%| S|CS|TAMS 0x0000000083300000, 0x0000000083300000| Complete 
|  52|0x0000000083400000, 0x0000000083400000, 0x0000000083500000|  0%| F|  |TAMS 0x0000000083400000, 0x0000000083400000| Untracked 
|  53|0x0000000083500000, 0x0000000083500000, 0x0000000083600000|  0%| F|  |TAMS 0x0000000083500000, 0x0000000083500000| Untracked 
|  54|0x0000000083600000, 0x0000000083600000, 0x0000000083700000|  0%| F|  |TAMS 0x0000000083600000, 0x0000000083600000| Untracked 
|  55|0x0000000083700000, 0x0000000083700000, 0x0000000083800000|  0%| F|  |TAMS 0x0000000083700000, 0x0000000083700000| Untracked 
|  56|0x0000000083800000, 0x0000000083800000, 0x0000000083900000|  0%| F|  |TAMS 0x0000000083800000, 0x0000000083800000| Untracked 
|  57|0x0000000083900000, 0x0000000083900000, 0x0000000083a00000|  0%| F|  |TAMS 0x0000000083900000, 0x0000000083900000| Untracked 
|  58|0x0000000083a00000, 0x0000000083a00000, 0x0000000083b00000|  0%| F|  |TAMS 0x0000000083a00000, 0x0000000083a00000| Untracked 
|  59|0x0000000083b00000, 0x0000000083b00000, 0x0000000083c00000|  0%| F|  |TAMS 0x0000000083b00000, 0x0000000083b00000| Untracked 
|  60|0x0000000083c00000, 0x0000000083c00000, 0x0000000083d00000|  0%| F|  |TAMS 0x0000000083c00000, 0x0000000083c00000| Untracked 
|  61|0x0000000083d00000, 0x0000000083d00000, 0x0000000083e00000|  0%| F|  |TAMS 0x0000000083d00000, 0x0000000083d00000| Untracked 
|  62|0x0000000083e00000, 0x0000000083e00000, 0x0000000083f00000|  0%| F|  |TAMS 0x0000000083e00000, 0x0000000083e00000| Untracked 
|  63|0x0000000083f00000, 0x0000000083f00000, 0x0000000084000000|  0%| F|  |TAMS 0x0000000083f00000, 0x0000000083f00000| Untracked 
|  64|0x0000000084000000, 0x0000000084000000, 0x0000000084100000|  0%| F|  |TAMS 0x0000000084000000, 0x0000000084000000| Untracked 
|  65|0x0000000084100000, 0x0000000084100000, 0x0000000084200000|  0%| F|  |TAMS 0x0000000084100000, 0x0000000084100000| Untracked 
|  66|0x0000000084200000, 0x0000000084200000, 0x0000000084300000|  0%| F|  |TAMS 0x0000000084200000, 0x0000000084200000| Untracked 
|  67|0x0000000084300000, 0x0000000084300000, 0x0000000084400000|  0%| F|  |TAMS 0x0000000084300000, 0x0000000084300000| Untracked 
|  68|0x0000000084400000, 0x0000000084400000, 0x0000000084500000|  0%| F|  |TAMS 0x0000000084400000, 0x0000000084400000| Untracked 
|  69|0x0000000084500000, 0x0000000084500000, 0x0000000084600000|  0%| F|  |TAMS 0x0000000084500000, 0x0000000084500000| Untracked 
|  70|0x0000000084600000, 0x0000000084600000, 0x0000000084700000|  0%| F|  |TAMS 0x0000000084600000, 0x0000000084600000| Untracked 
|  71|0x0000000084700000, 0x0000000084700000, 0x0000000084800000|  0%| F|  |TAMS 0x0000000084700000, 0x0000000084700000| Untracked 
|  72|0x0000000084800000, 0x0000000084800000, 0x0000000084900000|  0%| F|  |TAMS 0x0000000084800000, 0x0000000084800000| Untracked 
|  73|0x0000000084900000, 0x0000000084900000, 0x0000000084a00000|  0%| F|  |TAMS 0x0000000084900000, 0x0000000084900000| Untracked 
|  74|0x0000000084a00000, 0x0000000084a00000, 0x0000000084b00000|  0%| F|  |TAMS 0x0000000084a00000, 0x0000000084a00000| Untracked 
|  75|0x0000000084b00000, 0x0000000084b00000, 0x0000000084c00000|  0%| F|  |TAMS 0x0000000084b00000, 0x0000000084b00000| Untracked 
|  76|0x0000000084c00000, 0x0000000084c00000, 0x0000000084d00000|  0%| F|  |TAMS 0x0000000084c00000, 0x0000000084c00000| Untracked 
|  77|0x0000000084d00000, 0x0000000084d00000, 0x0000000084e00000|  0%| F|  |TAMS 0x0000000084d00000, 0x0000000084d00000| Untracked 
|  78|0x0000000084e00000, 0x0000000084e00000, 0x0000000084f00000|  0%| F|  |TAMS 0x0000000084e00000, 0x0000000084e00000| Untracked 
|  79|0x0000000084f00000, 0x0000000084f00000, 0x0000000085000000|  0%| F|  |TAMS 0x0000000084f00000, 0x0000000084f00000| Untracked 
|  80|0x0000000085000000, 0x0000000085000000, 0x0000000085100000|  0%| F|  |TAMS 0x0000000085000000, 0x0000000085000000| Untracked 
|  81|0x0000000085100000, 0x0000000085100000, 0x0000000085200000|  0%| F|  |TAMS 0x0000000085100000, 0x0000000085100000| Untracked 
|  82|0x0000000085200000, 0x0000000085200000, 0x0000000085300000|  0%| F|  |TAMS 0x0000000085200000, 0x0000000085200000| Untracked 
|  83|0x0000000085300000, 0x0000000085300000, 0x0000000085400000|  0%| F|  |TAMS 0x0000000085300000, 0x0000000085300000| Untracked 
|  84|0x0000000085400000, 0x0000000085400000, 0x0000000085500000|  0%| F|  |TAMS 0x0000000085400000, 0x0000000085400000| Untracked 
|  85|0x0000000085500000, 0x0000000085500000, 0x0000000085600000|  0%| F|  |TAMS 0x0000000085500000, 0x0000000085500000| Untracked 
|  86|0x0000000085600000, 0x0000000085600000, 0x0000000085700000|  0%| F|  |TAMS 0x0000000085600000, 0x0000000085600000| Untracked 
|  87|0x0000000085700000, 0x0000000085700000, 0x0000000085800000|  0%| F|  |TAMS 0x0000000085700000, 0x0000000085700000| Untracked 
|  88|0x0000000085800000, 0x0000000085800000, 0x0000000085900000|  0%| F|  |TAMS 0x0000000085800000, 0x0000000085800000| Untracked 
|  89|0x0000000085900000, 0x0000000085900000, 0x0000000085a00000|  0%| F|  |TAMS 0x0000000085900000, 0x0000000085900000| Untracked 
|  90|0x0000000085a00000, 0x0000000085a00000, 0x0000000085b00000|  0%| F|  |TAMS 0x0000000085a00000, 0x0000000085a00000| Untracked 
|  91|0x0000000085b00000, 0x0000000085b00000, 0x0000000085c00000|  0%| F|  |TAMS 0x0000000085b00000, 0x0000000085b00000| Untracked 
|  92|0x0000000085c00000, 0x0000000085c00000, 0x0000000085d00000|  0%| F|  |TAMS 0x0000000085c00000, 0x0000000085c00000| Untracked 
|  93|0x0000000085d00000, 0x0000000085d00000, 0x0000000085e00000|  0%| F|  |TAMS 0x0000000085d00000, 0x0000000085d00000| Untracked 
|  94|0x0000000085e00000, 0x0000000085e00000, 0x0000000085f00000|  0%| F|  |TAMS 0x0000000085e00000, 0x0000000085e00000| Untracked 
|  95|0x0000000085f00000, 0x0000000086000000, 0x0000000086000000|100%| E|  |TAMS 0x0000000085f00000, 0x0000000085f00000| Complete 

Card table byte_map: [0x00000189fa8c0000,0x00000189facc0000] _byte_map_base: 0x00000189fa4c0000

Marking Bits (Prev, Next): (CMBitMap*) 0x00000189f47c0a38, (CMBitMap*) 0x00000189f47c0a70
 Prev Bits: [0x00000189fb0c0000, 0x00000189fd0c0000)
 Next Bits: [0x00000189fd0c0000, 0x00000189ff0c0000)

Polling page: 0x00000189f4580000

Metaspace:

Usage:
  Non-class:     41.50 MB capacity,    40.87 MB ( 98%) used,   513.91 KB (  1%) free+waste,   125.44 KB ( <1%) overhead. 
      Class:      6.43 MB capacity,     5.98 MB ( 93%) used,   403.93 KB (  6%) free+waste,    59.75 KB ( <1%) overhead. 
       Both:     47.93 MB capacity,    46.85 MB ( 98%) used,   917.84 KB (  2%) free+waste,   185.19 KB ( <1%) overhead. 

Virtual space:
  Non-class space:       42.00 MB reserved,      41.62 MB (>99%) committed 
      Class space:        1.00 GB reserved,       6.50 MB ( <1%) committed 
             Both:        1.04 GB reserved,      48.12 MB (  5%) committed 

Chunk freelists:
   Non-Class:  0 bytes
       Class:  7.00 KB
        Both:  7.00 KB

MaxMetaspaceSize: 17179869184.00 GB
CompressedClassSpaceSize: 1.00 GB

CodeHeap 'non-profiled nmethods': size=120000Kb used=2736Kb max_used=2736Kb free=117263Kb
 bounds [0x0000018987ad0000, 0x0000018987d80000, 0x000001898f000000]
CodeHeap 'profiled nmethods': size=120000Kb used=10745Kb max_used=10745Kb free=109254Kb
 bounds [0x00000189805a0000, 0x0000018981020000, 0x0000018987ad0000]
CodeHeap 'non-nmethods': size=5760Kb used=2217Kb max_used=2260Kb free=3542Kb
 bounds [0x0000018980000000, 0x0000018980270000, 0x00000189805a0000]
 total_blobs=6071 nmethods=5284 adapters=698
 compilation: enabled
              stopped_count=0, restarted_count=0
 full_count=0

Compilation events (20 events):
Event: 18.382 Thread 0x00000189ffba5800 5306       3       java.util.zip.ZipFile$Source$Key::hashCode (29 bytes)
Event: 18.383 Thread 0x00000189ffba5800 nmethod 5306 0x0000018981017790 code [0x00000189810179a0, 0x0000018981017d38]
Event: 18.471 Thread 0x00000189ffba5800 5308       3       java.util.jar.JarFile::getEntry (22 bytes)
Event: 18.472 Thread 0x00000189ffba5800 nmethod 5308 0x0000018981017f90 code [0x00000189810181c0, 0x00000189810188e8]
Event: 18.481 Thread 0x00000189ffba5800 5310   !   3       jdk.internal.loader.URLClassPath$JarLoader$1::run (175 bytes)
Event: 18.484 Thread 0x00000189ffba5800 nmethod 5310 0x0000018981018b90 code [0x0000018981018e80, 0x0000018981019f78]
Event: 18.484 Thread 0x00000189ffba5800 5309       3       jdk.internal.loader.URLClassPath$JarLoader$1::run (5 bytes)
Event: 18.485 Thread 0x00000189ffba5800 nmethod 5309 0x000001898101a690 code [0x000001898101a840, 0x000001898101a988]
Event: 18.485 Thread 0x00000189ffba5800 5311       3       jdk.internal.loader.URLClassPath$JarLoader::getJarFile (102 bytes)
Event: 18.486 Thread 0x00000189ffba5800 nmethod 5311 0x000001898101aa10 code [0x000001898101ad20, 0x000001898101bb48]
Event: 18.486 Thread 0x00000189ffba5800 5312       3       jdk.internal.loader.URLClassPath$JarLoader::isOptimizable (10 bytes)
Event: 18.487 Thread 0x00000189ffba5800 nmethod 5312 0x000001898101c090 code [0x000001898101c240, 0x000001898101c388]
Event: 18.487 Thread 0x00000189ffba5800 5313       3       jdk.internal.loader.FileURLMapper::<init> (10 bytes)
Event: 18.487 Thread 0x00000189ffba5800 nmethod 5313 0x000001898101c490 code [0x000001898101c640, 0x000001898101c7f8]
Event: 18.487 Thread 0x00000189ffba5800 5314       3       jdk.internal.loader.FileURLMapper::exists (19 bytes)
Event: 18.488 Thread 0x00000189ffba5800 nmethod 5314 0x000001898101c890 code [0x000001898101ca60, 0x000001898101cc68]
Event: 18.488 Thread 0x00000189ffba5800 5315       3       jdk.internal.loader.URLClassPath$JarLoader::<init> (67 bytes)
Event: 18.490 Thread 0x00000189ffba5800 nmethod 5315 0x000001898101cd90 code [0x000001898101d060, 0x000001898101de38]
Event: 18.490 Thread 0x00000189ffba5800 5316       3       jdk.internal.loader.URLClassPath$Loader::<init> (10 bytes)
Event: 18.490 Thread 0x00000189ffba5800 nmethod 5316 0x000001898101e310 code [0x000001898101e4c0, 0x000001898101e678]

GC Heap History (20 events):
Event: 1.425 GC heap before
{Heap before GC invocations=0 (full 0):
 garbage-first heap   total 98304K, used 29696K [0x0000000080000000, 0x0000000100000000)
  region size 1024K, 24 young (24576K), 0 survivors (0K)
 Metaspace       used 10256K, capacity 10501K, committed 10624K, reserved 1058816K
  class space    used 1073K, capacity 1139K, committed 1152K, reserved 1048576K
}
Event: 1.438 GC heap after
{Heap after GC invocations=1 (full 0):
 garbage-first heap   total 98304K, used 9642K [0x0000000080000000, 0x0000000100000000)
  region size 1024K, 3 young (3072K), 3 survivors (3072K)
 Metaspace       used 10256K, capacity 10501K, committed 10624K, reserved 1058816K
  class space    used 1073K, capacity 1139K, committed 1152K, reserved 1048576K
}
Event: 2.937 GC heap before
{Heap before GC invocations=1 (full 0):
 garbage-first heap   total 98304K, used 64938K [0x0000000080000000, 0x0000000100000000)
  region size 1024K, 57 young (58368K), 3 survivors (3072K)
 Metaspace       used 13964K, capacity 14345K, committed 14464K, reserved 1062912K
  class space    used 1556K, capacity 1654K, committed 1664K, reserved 1048576K
}
Event: 2.954 GC heap after
{Heap after GC invocations=2 (full 0):
 garbage-first heap   total 98304K, used 15138K [0x0000000080000000, 0x0000000100000000)
  region size 1024K, 8 young (8192K), 8 survivors (8192K)
 Metaspace       used 13964K, capacity 14345K, committed 14464K, reserved 1062912K
  class space    used 1556K, capacity 1654K, committed 1664K, reserved 1048576K
}
Event: 5.602 GC heap before
{Heap before GC invocations=2 (full 0):
 garbage-first heap   total 98304K, used 58146K [0x0000000080000000, 0x0000000100000000)
  region size 1024K, 51 young (52224K), 8 survivors (8192K)
 Metaspace       used 20663K, capacity 21116K, committed 21296K, reserved 1069056K
  class space    used 2533K, capacity 2660K, committed 2688K, reserved 1048576K
}
Event: 5.622 GC heap after
{Heap after GC invocations=3 (full 0):
 garbage-first heap   total 98304K, used 17114K [0x0000000080000000, 0x0000000100000000)
  region size 1024K, 3 young (3072K), 3 survivors (3072K)
 Metaspace       used 20663K, capacity 21116K, committed 21296K, reserved 1069056K
  class space    used 2533K, capacity 2660K, committed 2688K, reserved 1048576K
}
Event: 7.457 GC heap before
{Heap before GC invocations=4 (full 0):
 garbage-first heap   total 98304K, used 64218K [0x0000000080000000, 0x0000000100000000)
  region size 1024K, 49 young (50176K), 3 survivors (3072K)
 Metaspace       used 25540K, capacity 26144K, committed 26288K, reserved 1073152K
  class space    used 3322K, capacity 3533K, committed 3584K, reserved 1048576K
}
Event: 7.462 GC heap after
{Heap after GC invocations=5 (full 0):
 garbage-first heap   total 98304K, used 18913K [0x0000000080000000, 0x0000000100000000)
  region size 1024K, 4 young (4096K), 4 survivors (4096K)
 Metaspace       used 25540K, capacity 26144K, committed 26288K, reserved 1073152K
  class space    used 3322K, capacity 3533K, committed 3584K, reserved 1048576K
}
Event: 9.400 GC heap before
{Heap before GC invocations=5 (full 0):
 garbage-first heap   total 98304K, used 68065K [0x0000000080000000, 0x0000000100000000)
  region size 1024K, 52 young (53248K), 4 survivors (4096K)
 Metaspace       used 30490K, capacity 31161K, committed 31408K, reserved 1077248K
  class space    used 4084K, capacity 4338K, committed 4352K, reserved 1048576K
}
Event: 9.406 GC heap after
{Heap after GC invocations=6 (full 0):
 garbage-first heap   total 98304K, used 20288K [0x0000000080000000, 0x0000000100000000)
  region size 1024K, 4 young (4096K), 4 survivors (4096K)
 Metaspace       used 30490K, capacity 31161K, committed 31408K, reserved 1077248K
  class space    used 4084K, capacity 4338K, committed 4352K, reserved 1048576K
}
Event: 10.493 GC heap before
{Heap before GC invocations=6 (full 0):
 garbage-first heap   total 98304K, used 33600K [0x0000000080000000, 0x0000000100000000)
  region size 1024K, 18 young (18432K), 4 survivors (4096K)
 Metaspace       used 34896K, capacity 35663K, committed 35708K, reserved 1081344K
  class space    used 4543K, capacity 4862K, committed 4864K, reserved 1048576K
}
Event: 10.506 GC heap after
{Heap after GC invocations=7 (full 0):
 garbage-first heap   total 98304K, used 22812K [0x0000000080000000, 0x0000000100000000)
  region size 1024K, 6 young (6144K), 6 survivors (6144K)
 Metaspace       used 34896K, capacity 35663K, committed 35708K, reserved 1081344K
  class space    used 4543K, capacity 4862K, committed 4864K, reserved 1048576K
}
Event: 12.197 GC heap before
{Heap before GC invocations=8 (full 0):
 garbage-first heap   total 98304K, used 70940K [0x0000000080000000, 0x0000000100000000)
  region size 1024K, 51 young (52224K), 6 survivors (6144K)
 Metaspace       used 38738K, capacity 39583K, committed 39804K, reserved 1083392K
  class space    used 4950K, capacity 5312K, committed 5376K, reserved 1048576K
}
Event: 12.211 GC heap after
{Heap after GC invocations=9 (full 0):
 garbage-first heap   total 98304K, used 26692K [0x0000000080000000, 0x0000000100000000)
  region size 1024K, 7 young (7168K), 7 survivors (7168K)
 Metaspace       used 38738K, capacity 39583K, committed 39804K, reserved 1083392K
  class space    used 4950K, capacity 5312K, committed 5376K, reserved 1048576K
}
Event: 13.963 GC heap before
{Heap before GC invocations=9 (full 0):
 garbage-first heap   total 98304K, used 70724K [0x0000000080000000, 0x0000000100000000)
  region size 1024K, 51 young (52224K), 7 survivors (7168K)
 Metaspace       used 42347K, capacity 43318K, committed 43388K, reserved 1087488K
  class space    used 5462K, capacity 5822K, committed 5888K, reserved 1048576K
}
Event: 13.973 GC heap after
{Heap after GC invocations=10 (full 0):
 garbage-first heap   total 98304K, used 28458K [0x0000000080000000, 0x0000000100000000)
  region size 1024K, 3 young (3072K), 3 survivors (3072K)
 Metaspace       used 42347K, capacity 43318K, committed 43388K, reserved 1087488K
  class space    used 5462K, capacity 5822K, committed 5888K, reserved 1048576K
}
Event: 15.688 GC heap before
{Heap before GC invocations=10 (full 0):
 garbage-first heap   total 98304K, used 74538K [0x0000000080000000, 0x0000000100000000)
  region size 1024K, 47 young (48128K), 3 survivors (3072K)
 Metaspace       used 46307K, capacity 47382K, committed 47484K, reserved 1091584K
  class space    used 5961K, capacity 6365K, committed 6400K, reserved 1048576K
}
Event: 15.694 GC heap after
{Heap after GC invocations=11 (full 0):
 garbage-first heap   total 98304K, used 29519K [0x0000000080000000, 0x0000000100000000)
  region size 1024K, 4 young (4096K), 4 survivors (4096K)
 Metaspace       used 46307K, capacity 47382K, committed 47484K, reserved 1091584K
  class space    used 5961K, capacity 6365K, committed 6400K, reserved 1048576K
}
Event: 18.567 GC heap before
{Heap before GC invocations=11 (full 0):
 garbage-first heap   total 98304K, used 76623K [0x0000000080000000, 0x0000000100000000)
  region size 1024K, 48 young (49152K), 4 survivors (4096K)
 Metaspace       used 47973K, capacity 49077K, committed 49276K, reserved 1091584K
  class space    used 6121K, capacity 6585K, committed 6656K, reserved 1048576K
}
Event: 18.578 GC heap after
{Heap after GC invocations=12 (full 0):
 garbage-first heap   total 98304K, used 38693K [0x0000000080000000, 0x0000000100000000)
  region size 1024K, 6 young (6144K), 6 survivors (6144K)
 Metaspace       used 47973K, capacity 49077K, committed 49276K, reserved 1091584K
  class space    used 6121K, capacity 6585K, committed 6656K, reserved 1048576K
}

Deoptimization events (20 events):
Event: 18.169 Thread 0x0000018991996800 DEOPT PACKING pc=0x0000018980da2271 sp=0x00000070e91f9c40
Event: 18.169 Thread 0x0000018991996800 DEOPT UNPACKING pc=0x0000018980026dde sp=0x00000070e91f9138 mode 0
Event: 18.169 Thread 0x0000018991996800 DEOPT PACKING pc=0x0000018980637f34 sp=0x00000070e91f9c80
Event: 18.169 Thread 0x0000018991996800 DEOPT UNPACKING pc=0x0000018980026dde sp=0x00000070e91f91d0 mode 0
Event: 18.312 Thread 0x0000018991996800 DEOPT PACKING pc=0x0000018981008aaa sp=0x00000070e91f1e20
Event: 18.312 Thread 0x0000018991996800 DEOPT UNPACKING pc=0x0000018980026dde sp=0x00000070e91f1410 mode 0
Event: 18.315 Thread 0x0000018991996800 Uncommon trap: trap_request=0xffffff4d fr.pc=0x0000018987b3770c relative=0x00000000000015ec
Event: 18.315 Thread 0x0000018991996800 Uncommon trap: reason=unstable_if action=reinterpret pc=0x0000018987b3770c method=java.util.jar.JarFile.checkForSpecialAttributes()V @ 53 c2
Event: 18.315 Thread 0x0000018991996800 DEOPT PACKING pc=0x0000018987b3770c sp=0x00000070e91f2430
Event: 18.315 Thread 0x0000018991996800 DEOPT UNPACKING pc=0x000001898002662f sp=0x00000070e91f2328 mode 2
Event: 18.407 Thread 0x0000018991996800 Uncommon trap: trap_request=0xffffff4d fr.pc=0x0000018987b3c95c relative=0x000000000000135c
Event: 18.407 Thread 0x0000018991996800 Uncommon trap: reason=unstable_if action=reinterpret pc=0x0000018987b3c95c method=java.util.jar.JarFile.checkForSpecialAttributes()V @ 53 c2
Event: 18.407 Thread 0x0000018991996800 DEOPT PACKING pc=0x0000018987b3c95c sp=0x00000070e91f23b0
Event: 18.407 Thread 0x0000018991996800 DEOPT UNPACKING pc=0x000001898002662f sp=0x00000070e91f2310 mode 2
Event: 18.431 Thread 0x0000018991996800 DEOPT PACKING pc=0x0000018981008aaa sp=0x00000070e91f1d90
Event: 18.431 Thread 0x0000018991996800 DEOPT UNPACKING pc=0x0000018980026dde sp=0x00000070e91f1368 mode 0
Event: 18.476 Thread 0x0000018991996800 DEOPT PACKING pc=0x0000018981008aaa sp=0x00000070e91f1d90
Event: 18.476 Thread 0x0000018991996800 DEOPT UNPACKING pc=0x0000018980026dde sp=0x00000070e91f1368 mode 0
Event: 18.531 Thread 0x0000018991996800 DEOPT PACKING pc=0x0000018981008aaa sp=0x00000070e91f1c60
Event: 18.531 Thread 0x0000018991996800 DEOPT UNPACKING pc=0x0000018980026dde sp=0x00000070e91f1238 mode 0

Classes redefined (0 events):
No events

Internal exceptions (20 events):
Event: 18.323 Thread 0x0000018991996800 Exception <a 'java/security/PrivilegedActionException'{0x000000008385b198}> (0x000000008385b198) thrown at [./src/hotspot/share/prims/jvm.cpp, line 1306]
Event: 18.323 Thread 0x0000018991996800 Exception <a 'java/security/PrivilegedActionException'{0x000000008385c458}> (0x000000008385c458) thrown at [./src/hotspot/share/prims/jvm.cpp, line 1306]
Event: 18.323 Thread 0x0000018991996800 Exception <a 'java/security/PrivilegedActionException'{0x000000008385f0d8}> (0x000000008385f0d8) thrown at [./src/hotspot/share/prims/jvm.cpp, line 1306]
Event: 18.323 Thread 0x0000018991996800 Exception <a 'java/security/PrivilegedActionException'{0x0000000083860398}> (0x0000000083860398) thrown at [./src/hotspot/share/prims/jvm.cpp, line 1306]
Event: 18.324 Thread 0x0000018991996800 Exception <a 'java/security/PrivilegedActionException'{0x0000000083863030}> (0x0000000083863030) thrown at [./src/hotspot/share/prims/jvm.cpp, line 1306]
Event: 18.324 Thread 0x0000018991996800 Exception <a 'java/security/PrivilegedActionException'{0x00000000838642f0}> (0x00000000838642f0) thrown at [./src/hotspot/share/prims/jvm.cpp, line 1306]
Event: 18.324 Thread 0x0000018991996800 Exception <a 'java/security/PrivilegedActionException'{0x0000000083866f18}> (0x0000000083866f18) thrown at [./src/hotspot/share/prims/jvm.cpp, line 1306]
Event: 18.324 Thread 0x0000018991996800 Exception <a 'java/security/PrivilegedActionException'{0x00000000838681d8}> (0x00000000838681d8) thrown at [./src/hotspot/share/prims/jvm.cpp, line 1306]
Event: 18.408 Thread 0x0000018991996800 Exception <a 'java/security/PrivilegedActionException'{0x0000000083742fd0}> (0x0000000083742fd0) thrown at [./src/hotspot/share/prims/jvm.cpp, line 1306]
Event: 18.408 Thread 0x0000018991996800 Exception <a 'java/security/PrivilegedActionException'{0x0000000083744290}> (0x0000000083744290) thrown at [./src/hotspot/share/prims/jvm.cpp, line 1306]
Event: 18.408 Thread 0x0000018991996800 Exception <a 'java/security/PrivilegedActionException'{0x0000000083746eb8}> (0x0000000083746eb8) thrown at [./src/hotspot/share/prims/jvm.cpp, line 1306]
Event: 18.408 Thread 0x0000018991996800 Exception <a 'java/security/PrivilegedActionException'{0x0000000083748178}> (0x0000000083748178) thrown at [./src/hotspot/share/prims/jvm.cpp, line 1306]
Event: 18.408 Thread 0x0000018991996800 Exception <a 'java/security/PrivilegedActionException'{0x000000008374ae58}> (0x000000008374ae58) thrown at [./src/hotspot/share/prims/jvm.cpp, line 1306]
Event: 18.409 Thread 0x0000018991996800 Exception <a 'java/security/PrivilegedActionException'{0x000000008374c118}> (0x000000008374c118) thrown at [./src/hotspot/share/prims/jvm.cpp, line 1306]
Event: 18.409 Thread 0x0000018991996800 Exception <a 'java/security/PrivilegedActionException'{0x000000008374ed48}> (0x000000008374ed48) thrown at [./src/hotspot/share/prims/jvm.cpp, line 1306]
Event: 18.409 Thread 0x0000018991996800 Exception <a 'java/security/PrivilegedActionException'{0x0000000083750008}> (0x0000000083750008) thrown at [./src/hotspot/share/prims/jvm.cpp, line 1306]
Event: 18.409 Thread 0x0000018991996800 Exception <a 'java/security/PrivilegedActionException'{0x0000000083752c88}> (0x0000000083752c88) thrown at [./src/hotspot/share/prims/jvm.cpp, line 1306]
Event: 18.409 Thread 0x0000018991996800 Exception <a 'java/security/PrivilegedActionException'{0x0000000083753f48}> (0x0000000083753f48) thrown at [./src/hotspot/share/prims/jvm.cpp, line 1306]
Event: 18.409 Thread 0x0000018991996800 Exception <a 'java/security/PrivilegedActionException'{0x0000000083756c28}> (0x0000000083756c28) thrown at [./src/hotspot/share/prims/jvm.cpp, line 1306]
Event: 18.409 Thread 0x0000018991996800 Exception <a 'java/security/PrivilegedActionException'{0x0000000083757ee8}> (0x0000000083757ee8) thrown at [./src/hotspot/share/prims/jvm.cpp, line 1306]

Events (20 events):
Event: 18.217 loading class build_1mhhsz6r7wm8p9xaqopy1s87wCustomizer done
Event: 18.217 loading class build_1mhhsz6r7wm8p9xaqopy1s87wCustomizer
Event: 18.217 loading class build_1mhhsz6r7wm8p9xaqopy1s87wCustomizer done
Event: 18.225 loading class org/gradle/api/tasks/Delete
Event: 18.225 loading class org/gradle/api/tasks/Delete done
Event: 18.225 loading class org/gradle/api/tasks/Delete
Event: 18.225 loading class org/gradle/api/tasks/Delete done
Event: 18.231 loading class groovy/runtime/metaclass/build_1mhhsz6r7wm8p9xaqopy1s87w$_run_closure1MetaClass
Event: 18.231 loading class groovy/runtime/metaclass/build_1mhhsz6r7wm8p9xaqopy1s87w$_run_closure1MetaClass done
Event: 18.239 loading class groovy/runtime/metaclass/org/gradle/api/internal/project/DefaultProject_DecoratedMetaClass
Event: 18.239 loading class groovy/runtime/metaclass/org/gradle/api/internal/project/DefaultProject_DecoratedMetaClass done
Event: 18.252 loading class org/gradle/api/internal/project/DefaultProject_DecoratedBeanInfo
Event: 18.252 loading class org/gradle/api/internal/project/DefaultProject_DecoratedBeanInfo done
Event: 18.252 loading class org/gradle/api/internal/project/DefaultProject_DecoratedBeanInfo
Event: 18.252 loading class org/gradle/api/internal/project/DefaultProject_DecoratedBeanInfo done
Event: 18.253 loading class org/gradle/api/internal/project/DefaultProject_DecoratedBeanInfo
Event: 18.253 loading class org/gradle/api/internal/project/DefaultProject_DecoratedBeanInfo done
Event: 18.368 Loaded shared library C:\Program Files\Android\Android Studio\jre\bin\nio.dll
Event: 18.566 Executing VM operation: G1CollectForAllocation
Event: 18.578 Executing VM operation: G1CollectForAllocation done


Dynamic libraries:
0x00007ff7da390000 - 0x00007ff7da39a000 	C:\Program Files\Android\Android Studio\jre\bin\java.exe
0x00007fff88860000 - 0x00007fff88a69000 	C:\WINDOWS\SYSTEM32\ntdll.dll
0x00007fff875b0000 - 0x00007fff8766d000 	C:\WINDOWS\System32\KERNEL32.DLL
0x00007fff86260000 - 0x00007fff865d4000 	C:\WINDOWS\System32\KERNELBASE.dll
0x00007fff865e0000 - 0x00007fff866f1000 	C:\WINDOWS\System32\ucrtbase.dll
0x00007fff7c220000 - 0x00007fff7c239000 	C:\Program Files\Android\Android Studio\jre\bin\jli.dll
0x00007fff87670000 - 0x00007fff8781c000 	C:\WINDOWS\System32\USER32.dll
0x00007fff85d50000 - 0x00007fff85d76000 	C:\WINDOWS\System32\win32u.dll
0x00007fff87a00000 - 0x00007fff87a29000 	C:\WINDOWS\System32\GDI32.dll
0x00007fff86140000 - 0x00007fff86252000 	C:\WINDOWS\System32\gdi32full.dll
0x00007fff85fb0000 - 0x00007fff8604d000 	C:\WINDOWS\System32\msvcp_win.dll
0x00007fff74550000 - 0x00007fff74567000 	C:\Program Files\Android\Android Studio\jre\bin\VCRUNTIME140.dll
0x00007fff6d0c0000 - 0x00007fff6d365000 	C:\WINDOWS\WinSxS\amd64_microsoft.windows.common-controls_6595b64144ccf1df_6.0.22000.120_none_9d947278b86cc467\COMCTL32.dll
0x00007fff86e50000 - 0x00007fff86ef3000 	C:\WINDOWS\System32\msvcrt.dll
0x00007fff86e10000 - 0x00007fff86e41000 	C:\WINDOWS\System32\IMM32.DLL
0x00007fff709a0000 - 0x00007fff70a3d000 	C:\Program Files\Android\Android Studio\jre\bin\msvcp140.dll
0x00007fff4e8f0000 - 0x00007fff4f3c5000 	C:\Program Files\Android\Android Studio\jre\bin\server\jvm.dll
0x00007fff87500000 - 0x00007fff875ae000 	C:\WINDOWS\System32\ADVAPI32.dll
0x00007fff86ad0000 - 0x00007fff86b6e000 	C:\WINDOWS\System32\sechost.dll
0x00007fff86b70000 - 0x00007fff86c90000 	C:\WINDOWS\System32\RPCRT4.dll
0x00007fff87a30000 - 0x00007fff87a38000 	C:\WINDOWS\System32\PSAPI.DLL
0x00007fff81d90000 - 0x00007fff81d99000 	C:\WINDOWS\SYSTEM32\WSOCK32.dll
0x00007fff87930000 - 0x00007fff8799f000 	C:\WINDOWS\System32\WS2_32.dll
0x00007fff7e8b0000 - 0x00007fff7e8ba000 	C:\WINDOWS\SYSTEM32\VERSION.dll
0x00007fff81bf0000 - 0x00007fff81c23000 	C:\WINDOWS\SYSTEM32\WINMM.dll
0x00007fff84e20000 - 0x00007fff84e38000 	C:\WINDOWS\SYSTEM32\kernel.appcore.dll
0x00007fff78700000 - 0x00007fff78711000 	C:\Program Files\Android\Android Studio\jre\bin\verify.dll
0x00007fff7fe30000 - 0x00007fff80051000 	C:\WINDOWS\SYSTEM32\DBGHELP.DLL
0x00007fff7fd40000 - 0x00007fff7fd71000 	C:\WINDOWS\SYSTEM32\dbgcore.DLL
0x00007fff860c0000 - 0x00007fff8613f000 	C:\WINDOWS\System32\bcryptPrimitives.dll
0x00007fff78650000 - 0x00007fff78679000 	C:\Program Files\Android\Android Studio\jre\bin\java.dll
0x00007fff81150000 - 0x00007fff8115b000 	C:\Program Files\Android\Android Studio\jre\bin\jimage.dll
0x00007fff78690000 - 0x00007fff786a8000 	C:\Program Files\Android\Android Studio\jre\bin\zip.dll
0x00007fff88070000 - 0x00007fff8881e000 	C:\WINDOWS\System32\SHELL32.dll
0x00007fff83e80000 - 0x00007fff846e8000 	C:\WINDOWS\SYSTEM32\windows.storage.dll
0x00007fff87120000 - 0x00007fff87498000 	C:\WINDOWS\System32\combase.dll
0x00007fff83d10000 - 0x00007fff83e76000 	C:\WINDOWS\SYSTEM32\wintypes.dll
0x00007fff87030000 - 0x00007fff8711a000 	C:\WINDOWS\System32\SHCORE.dll
0x00007fff878d0000 - 0x00007fff8792d000 	C:\WINDOWS\System32\shlwapi.dll
0x00007fff85c80000 - 0x00007fff85ca1000 	C:\WINDOWS\SYSTEM32\profapi.dll
0x00007fff78630000 - 0x00007fff7864a000 	C:\Program Files\Android\Android Studio\jre\bin\net.dll
0x00007fff81500000 - 0x00007fff8160c000 	C:\WINDOWS\SYSTEM32\WINHTTP.dll
0x00007fff85260000 - 0x00007fff852c7000 	C:\WINDOWS\system32\mswsock.dll
0x00007fff78530000 - 0x00007fff78544000 	C:\Program Files\Android\Android Studio\jre\bin\nio.dll
0x00007fff7c250000 - 0x00007fff7c277000 	C:\Users\miste\.gradle\native\e1d6ef7f7dcc3fd88c89a11ec53ec762bb8ba0a96d01ffa2cd45eb1d1d8dd5c5\windows-amd64\native-platform.dll
0x00007fff680a0000 - 0x00007fff681e4000 	C:\Users\miste\.gradle\native\5664cfc778a61ccfe75a443a1ab52a65af34e5dc3c78e0209fed803814484fcb\windows-amd64\native-platform-file-events.dll
0x00007fff7ea60000 - 0x00007fff7ea6a000 	C:\Program Files\Android\Android Studio\jre\bin\management.dll
0x00007fff7ea20000 - 0x00007fff7ea2d000 	C:\Program Files\Android\Android Studio\jre\bin\management_ext.dll
0x00007fff854c0000 - 0x00007fff854d8000 	C:\WINDOWS\SYSTEM32\CRYPTSP.dll
0x00007fff84d70000 - 0x00007fff84da5000 	C:\WINDOWS\system32\rsaenh.dll
0x00007fff85370000 - 0x00007fff85399000 	C:\WINDOWS\SYSTEM32\USERENV.dll
0x00007fff85640000 - 0x00007fff85667000 	C:\WINDOWS\SYSTEM32\bcrypt.dll
0x00007fff854e0000 - 0x00007fff854ec000 	C:\WINDOWS\SYSTEM32\CRYPTBASE.dll
0x00007fff84940000 - 0x00007fff8496d000 	C:\WINDOWS\SYSTEM32\IPHLPAPI.DLL
0x00007fff878b0000 - 0x00007fff878b9000 	C:\WINDOWS\System32\NSI.dll
0x00007fff814c0000 - 0x00007fff814d9000 	C:\WINDOWS\SYSTEM32\dhcpcsvc6.DLL
0x00007fff81960000 - 0x00007fff8197e000 	C:\WINDOWS\SYSTEM32\dhcpcsvc.DLL
0x00007fff84970000 - 0x00007fff84a57000 	C:\WINDOWS\SYSTEM32\DNSAPI.dll

dbghelp: loaded successfully - version: 4.0.5 - missing functions: none
symbol engine: initialized successfully - sym options: 0x614 - pdb path: .;C:\Program Files\Android\Android Studio\jre\bin;C:\WINDOWS\SYSTEM32;C:\WINDOWS\WinSxS\amd64_microsoft.windows.common-controls_6595b64144ccf1df_6.0.22000.120_none_9d947278b86cc467;C:\Program Files\Android\Android Studio\jre\bin\server;C:\Users\miste\.gradle\native\e1d6ef7f7dcc3fd88c89a11ec53ec762bb8ba0a96d01ffa2cd45eb1d1d8dd5c5\windows-amd64;C:\Users\miste\.gradle\native\5664cfc778a61ccfe75a443a1ab52a65af34e5dc3c78e0209fed803814484fcb\windows-amd64

VM Arguments:
jvm_args: --add-opens=java.base/java.util=ALL-UNNAMED --add-opens=java.base/java.lang=ALL-UNNAMED --add-opens=java.base/java.lang.invoke=ALL-UNNAMED --add-opens=java.base/java.util=ALL-UNNAMED --add-opens=java.prefs/java.util.prefs=ALL-UNNAMED --add-opens=java.prefs/java.util.prefs=ALL-UNNAMED --add-opens=java.base/java.nio.charset=ALL-UNNAMED --add-opens=java.base/java.net=ALL-UNNAMED --add-opens=java.base/java.util.concurrent.atomic=ALL-UNNAMED -Xmx2048m -Dfile.encoding=UTF-8 -Duser.country=RU -Duser.language=ru -Duser.variant 
java_command: org.gradle.launcher.daemon.bootstrap.GradleDaemon 7.2
java_class_path (initial): C:\Users\miste\.gradle\wrapper\dists\gradle-7.2-bin\2dnblmf4td7x66yl1d74lt32g\gradle-7.2\lib\gradle-launcher-7.2.jar
Launcher Type: SUN_STANDARD

[Global flags]
     intx CICompilerCount                          = 4                                         {product} {ergonomic}
     uint ConcGCThreads                            = 2                                         {product} {ergonomic}
     uint G1ConcRefinementThreads                  = 8                                         {product} {ergonomic}
   size_t G1HeapRegionSize                         = 1048576                                   {product} {ergonomic}
    uintx GCDrainStackTargetSize                   = 64                                        {product} {ergonomic}
   size_t InitialHeapSize                          = 100663296                                 {product} {ergonomic}
   size_t MarkStackSize                            = 4194304                                   {product} {ergonomic}
   size_t MaxHeapSize                              = 2147483648                                {product} {command line}
   size_t MaxNewSize                               = 1287651328                                {product} {ergonomic}
   size_t MinHeapDeltaBytes                        = 1048576                                   {product} {ergonomic}
    uintx NonNMethodCodeHeapSize                   = 5836300                                {pd product} {ergonomic}
    uintx NonProfiledCodeHeapSize                  = 122910970                              {pd product} {ergonomic}
    uintx ProfiledCodeHeapSize                     = 122910970                              {pd product} {ergonomic}
    uintx ReservedCodeCacheSize                    = 251658240                              {pd product} {ergonomic}
     bool SegmentedCodeCache                       = true                                      {product} {ergonomic}
     bool UseCompressedClassPointers               = true                                 {lp64_product} {ergonomic}
     bool UseCompressedOops                        = true                                 {lp64_product} {ergonomic}
     bool UseG1GC                                  = true                                      {product} {ergonomic}
     bool UseLargePagesIndividualAllocation        = false                                  {pd product} {ergonomic}

Logging:
Log output configuration:
 #0: stdout all=warning uptime,level,tags
 #1: stderr all=off uptime,level,tags

Environment Variables:
PATH=C:\WINDOWS\system32;C:\WINDOWS;C:\WINDOWS\System32\Wbem;C:\WINDOWS\System32\WindowsPowerShell\v1.0\;C:\WINDOWS\System32\OpenSSH\;C:\Program Files (x86)\Rational\common;C:\Program Files\Git\cmd;C:\Users\miste\AppData\Local\Microsoft\WindowsApps;;C:\Users\miste\AppData\Local\Programs\Microsoft VS Code\bin
USERNAME=miste
OS=Windows_NT
PROCESSOR_IDENTIFIER=AMD64 Family 23 Model 24 Stepping 1, AuthenticAMD



---------------  S Y S T E M  ---------------

OS: Windows 10 , 64 bit Build 22000 (10.0.22000.434)
OS uptime: 18 days 1:05 hours
Hyper-V role detected

CPU:total 8 (initial active 8) (8 cores per cpu, 2 threads per core) family 23 model 24 stepping 1 microcode 0x0, cmov, cx8, fxsr, mmx, sse, sse2, sse3, ssse3, sse4.1, sse4.2, popcnt, avx, avx2, aes, clmul, mmxext, 3dnowpref, lzcnt, sse4a, ht, tsc, tscinvbit, tscinv, bmi1, bmi2, adx, s

Memory: 4k page, system-wide physical 6082M (292M free)
TotalPageFile size 16955M (AvailPageFile size 1M)
current process WorkingSet (physical memory assigned to process): 266M, peak: 266M
current process commit charge ("private bytes"): 305M, peak: 305M

vm_info: OpenJDK 64-Bit Server VM (11.0.11+9-b60-7590822) for windows-amd64 JRE (11.0.11+9-b60-7590822), built on Jul 29 2021 21:43:44 by "builder" with MS VC++ 14.0 (VS2015)

END.
